[2025-01-26T22:01:18.168-0300] {processor.py:161} INFO - Started process (PID=86498) to work on /home/victor/Desktop/TESTE/code-challenge/orchestrate/airflow/dags/stage2.py
[2025-01-26T22:01:18.169-0300] {processor.py:830} INFO - Processing file /home/victor/Desktop/TESTE/code-challenge/orchestrate/airflow/dags/stage2.py for tasks to queue
[2025-01-26T22:01:18.170-0300] {logging_mixin.py:188} INFO - [2025-01-26T22:01:18.169-0300] {dagbag.py:538} INFO - Filling up the DagBag from /home/victor/Desktop/TESTE/code-challenge/orchestrate/airflow/dags/stage2.py
[2025-01-26T22:01:18.180-0300] {processor.py:840} INFO - DAG(s) 'load' retrieved from /home/victor/Desktop/TESTE/code-challenge/orchestrate/airflow/dags/stage2.py
[2025-01-26T22:01:18.398-0300] {logging_mixin.py:188} INFO - [2025-01-26T22:01:18.397-0300] {override.py:1769} INFO - Created Permission View: can delete on DAG:load
[2025-01-26T22:01:18.455-0300] {logging_mixin.py:188} INFO - [2025-01-26T22:01:18.455-0300] {override.py:1769} INFO - Created Permission View: can edit on DAG:load
[2025-01-26T22:01:18.522-0300] {logging_mixin.py:188} INFO - [2025-01-26T22:01:18.521-0300] {override.py:1769} INFO - Created Permission View: can read on DAG:load
[2025-01-26T22:01:18.522-0300] {logging_mixin.py:188} INFO - [2025-01-26T22:01:18.522-0300] {dag.py:3036} INFO - Sync 1 DAGs
[2025-01-26T22:01:18.531-0300] {logging_mixin.py:188} INFO - [2025-01-26T22:01:18.531-0300] {dag.py:3058} INFO - Creating ORM DAG for load
[2025-01-26T22:01:18.540-0300] {logging_mixin.py:188} INFO - [2025-01-26T22:01:18.540-0300] {dag.py:3823} INFO - Setting next_dagrun for load to 2025-01-26 00:00:00+00:00, run_after=2025-01-27 00:00:00+00:00
[2025-01-26T22:01:18.605-0300] {processor.py:183} INFO - Processing /home/victor/Desktop/TESTE/code-challenge/orchestrate/airflow/dags/stage2.py took 0.441 seconds
[2025-01-26T22:01:52.541-0300] {processor.py:161} INFO - Started process (PID=86857) to work on /home/victor/Desktop/TESTE/code-challenge/orchestrate/airflow/dags/stage2.py
[2025-01-26T22:01:52.555-0300] {processor.py:830} INFO - Processing file /home/victor/Desktop/TESTE/code-challenge/orchestrate/airflow/dags/stage2.py for tasks to queue
[2025-01-26T22:01:52.556-0300] {logging_mixin.py:188} INFO - [2025-01-26T22:01:52.556-0300] {dagbag.py:538} INFO - Filling up the DagBag from /home/victor/Desktop/TESTE/code-challenge/orchestrate/airflow/dags/stage2.py
[2025-01-26T22:01:52.569-0300] {processor.py:840} INFO - DAG(s) 'load' retrieved from /home/victor/Desktop/TESTE/code-challenge/orchestrate/airflow/dags/stage2.py
[2025-01-26T22:01:52.584-0300] {logging_mixin.py:188} INFO - [2025-01-26T22:01:52.584-0300] {dag.py:3036} INFO - Sync 1 DAGs
[2025-01-26T22:01:52.602-0300] {logging_mixin.py:188} INFO - [2025-01-26T22:01:52.602-0300] {dag.py:3823} INFO - Setting next_dagrun for load to 2025-01-27 00:00:00+00:00, run_after=2025-01-28 00:00:00+00:00
[2025-01-26T22:01:52.674-0300] {processor.py:183} INFO - Processing /home/victor/Desktop/TESTE/code-challenge/orchestrate/airflow/dags/stage2.py took 0.136 seconds
[2025-01-26T22:02:24.624-0300] {processor.py:161} INFO - Started process (PID=87136) to work on /home/victor/Desktop/TESTE/code-challenge/orchestrate/airflow/dags/stage2.py
[2025-01-26T22:02:24.645-0300] {processor.py:830} INFO - Processing file /home/victor/Desktop/TESTE/code-challenge/orchestrate/airflow/dags/stage2.py for tasks to queue
[2025-01-26T22:02:24.645-0300] {logging_mixin.py:188} INFO - [2025-01-26T22:02:24.645-0300] {dagbag.py:538} INFO - Filling up the DagBag from /home/victor/Desktop/TESTE/code-challenge/orchestrate/airflow/dags/stage2.py
[2025-01-26T22:02:24.655-0300] {processor.py:840} INFO - DAG(s) 'load' retrieved from /home/victor/Desktop/TESTE/code-challenge/orchestrate/airflow/dags/stage2.py
[2025-01-26T22:02:24.671-0300] {logging_mixin.py:188} INFO - [2025-01-26T22:02:24.670-0300] {dag.py:3036} INFO - Sync 1 DAGs
[2025-01-26T22:02:24.689-0300] {logging_mixin.py:188} INFO - [2025-01-26T22:02:24.688-0300] {dag.py:3823} INFO - Setting next_dagrun for load to 2025-01-27 00:00:00+00:00, run_after=2025-01-28 00:00:00+00:00
[2025-01-26T22:02:24.756-0300] {processor.py:183} INFO - Processing /home/victor/Desktop/TESTE/code-challenge/orchestrate/airflow/dags/stage2.py took 0.135 seconds
[2025-01-26T22:02:56.740-0300] {processor.py:161} INFO - Started process (PID=87268) to work on /home/victor/Desktop/TESTE/code-challenge/orchestrate/airflow/dags/stage2.py
[2025-01-26T22:02:56.800-0300] {processor.py:830} INFO - Processing file /home/victor/Desktop/TESTE/code-challenge/orchestrate/airflow/dags/stage2.py for tasks to queue
[2025-01-26T22:02:56.801-0300] {logging_mixin.py:188} INFO - [2025-01-26T22:02:56.801-0300] {dagbag.py:538} INFO - Filling up the DagBag from /home/victor/Desktop/TESTE/code-challenge/orchestrate/airflow/dags/stage2.py
[2025-01-26T22:02:56.812-0300] {processor.py:840} INFO - DAG(s) 'load' retrieved from /home/victor/Desktop/TESTE/code-challenge/orchestrate/airflow/dags/stage2.py
[2025-01-26T22:02:56.829-0300] {logging_mixin.py:188} INFO - [2025-01-26T22:02:56.829-0300] {dag.py:3036} INFO - Sync 1 DAGs
[2025-01-26T22:02:56.844-0300] {logging_mixin.py:188} INFO - [2025-01-26T22:02:56.844-0300] {dag.py:3823} INFO - Setting next_dagrun for load to 2025-01-27 00:00:00+00:00, run_after=2025-01-28 00:00:00+00:00
[2025-01-26T22:02:56.911-0300] {processor.py:183} INFO - Processing /home/victor/Desktop/TESTE/code-challenge/orchestrate/airflow/dags/stage2.py took 0.174 seconds
[2025-01-26T22:03:32.193-0300] {processor.py:161} INFO - Started process (PID=87406) to work on /home/victor/Desktop/TESTE/code-challenge/orchestrate/airflow/dags/stage2.py
[2025-01-26T22:03:32.206-0300] {processor.py:830} INFO - Processing file /home/victor/Desktop/TESTE/code-challenge/orchestrate/airflow/dags/stage2.py for tasks to queue
[2025-01-26T22:03:32.207-0300] {logging_mixin.py:188} INFO - [2025-01-26T22:03:32.207-0300] {dagbag.py:538} INFO - Filling up the DagBag from /home/victor/Desktop/TESTE/code-challenge/orchestrate/airflow/dags/stage2.py
[2025-01-26T22:03:32.218-0300] {processor.py:840} INFO - DAG(s) 'load' retrieved from /home/victor/Desktop/TESTE/code-challenge/orchestrate/airflow/dags/stage2.py
[2025-01-26T22:03:32.236-0300] {logging_mixin.py:188} INFO - [2025-01-26T22:03:32.236-0300] {dag.py:3036} INFO - Sync 1 DAGs
[2025-01-26T22:03:32.254-0300] {logging_mixin.py:188} INFO - [2025-01-26T22:03:32.253-0300] {dag.py:3823} INFO - Setting next_dagrun for load to 2025-01-27 00:00:00+00:00, run_after=2025-01-28 00:00:00+00:00
[2025-01-26T22:03:32.355-0300] {processor.py:183} INFO - Processing /home/victor/Desktop/TESTE/code-challenge/orchestrate/airflow/dags/stage2.py took 0.164 seconds
[2025-01-26T22:04:04.802-0300] {processor.py:161} INFO - Started process (PID=87517) to work on /home/victor/Desktop/TESTE/code-challenge/orchestrate/airflow/dags/stage2.py
[2025-01-26T22:04:04.813-0300] {processor.py:830} INFO - Processing file /home/victor/Desktop/TESTE/code-challenge/orchestrate/airflow/dags/stage2.py for tasks to queue
[2025-01-26T22:04:04.814-0300] {logging_mixin.py:188} INFO - [2025-01-26T22:04:04.813-0300] {dagbag.py:538} INFO - Filling up the DagBag from /home/victor/Desktop/TESTE/code-challenge/orchestrate/airflow/dags/stage2.py
[2025-01-26T22:04:04.826-0300] {processor.py:840} INFO - DAG(s) 'load' retrieved from /home/victor/Desktop/TESTE/code-challenge/orchestrate/airflow/dags/stage2.py
[2025-01-26T22:04:04.840-0300] {logging_mixin.py:188} INFO - [2025-01-26T22:04:04.840-0300] {dag.py:3036} INFO - Sync 1 DAGs
[2025-01-26T22:04:04.859-0300] {logging_mixin.py:188} INFO - [2025-01-26T22:04:04.859-0300] {dag.py:3823} INFO - Setting next_dagrun for load to 2025-01-27 00:00:00+00:00, run_after=2025-01-28 00:00:00+00:00
[2025-01-26T22:04:04.974-0300] {processor.py:183} INFO - Processing /home/victor/Desktop/TESTE/code-challenge/orchestrate/airflow/dags/stage2.py took 0.175 seconds
[2025-01-26T22:04:37.833-0300] {processor.py:161} INFO - Started process (PID=87628) to work on /home/victor/Desktop/TESTE/code-challenge/orchestrate/airflow/dags/stage2.py
[2025-01-26T22:04:37.844-0300] {processor.py:830} INFO - Processing file /home/victor/Desktop/TESTE/code-challenge/orchestrate/airflow/dags/stage2.py for tasks to queue
[2025-01-26T22:04:37.844-0300] {logging_mixin.py:188} INFO - [2025-01-26T22:04:37.844-0300] {dagbag.py:538} INFO - Filling up the DagBag from /home/victor/Desktop/TESTE/code-challenge/orchestrate/airflow/dags/stage2.py
[2025-01-26T22:04:37.854-0300] {processor.py:840} INFO - DAG(s) 'load' retrieved from /home/victor/Desktop/TESTE/code-challenge/orchestrate/airflow/dags/stage2.py
[2025-01-26T22:04:37.870-0300] {logging_mixin.py:188} INFO - [2025-01-26T22:04:37.870-0300] {dag.py:3036} INFO - Sync 1 DAGs
[2025-01-26T22:04:37.887-0300] {logging_mixin.py:188} INFO - [2025-01-26T22:04:37.887-0300] {dag.py:3823} INFO - Setting next_dagrun for load to 2025-01-27 00:00:00+00:00, run_after=2025-01-28 00:00:00+00:00
[2025-01-26T22:04:37.949-0300] {processor.py:183} INFO - Processing /home/victor/Desktop/TESTE/code-challenge/orchestrate/airflow/dags/stage2.py took 0.118 seconds
[2025-01-26T22:05:10.694-0300] {processor.py:161} INFO - Started process (PID=87727) to work on /home/victor/Desktop/TESTE/code-challenge/orchestrate/airflow/dags/stage2.py
[2025-01-26T22:05:10.720-0300] {processor.py:830} INFO - Processing file /home/victor/Desktop/TESTE/code-challenge/orchestrate/airflow/dags/stage2.py for tasks to queue
[2025-01-26T22:05:10.721-0300] {logging_mixin.py:188} INFO - [2025-01-26T22:05:10.721-0300] {dagbag.py:538} INFO - Filling up the DagBag from /home/victor/Desktop/TESTE/code-challenge/orchestrate/airflow/dags/stage2.py
[2025-01-26T22:05:10.730-0300] {processor.py:840} INFO - DAG(s) 'load' retrieved from /home/victor/Desktop/TESTE/code-challenge/orchestrate/airflow/dags/stage2.py
[2025-01-26T22:05:10.748-0300] {logging_mixin.py:188} INFO - [2025-01-26T22:05:10.748-0300] {dag.py:3036} INFO - Sync 1 DAGs
[2025-01-26T22:05:10.762-0300] {logging_mixin.py:188} INFO - [2025-01-26T22:05:10.762-0300] {dag.py:3823} INFO - Setting next_dagrun for load to 2025-01-27 00:00:00+00:00, run_after=2025-01-28 00:00:00+00:00
[2025-01-26T22:05:10.827-0300] {processor.py:183} INFO - Processing /home/victor/Desktop/TESTE/code-challenge/orchestrate/airflow/dags/stage2.py took 0.135 seconds
[2025-01-26T22:05:42.816-0300] {processor.py:161} INFO - Started process (PID=87815) to work on /home/victor/Desktop/TESTE/code-challenge/orchestrate/airflow/dags/stage2.py
[2025-01-26T22:05:42.817-0300] {processor.py:830} INFO - Processing file /home/victor/Desktop/TESTE/code-challenge/orchestrate/airflow/dags/stage2.py for tasks to queue
[2025-01-26T22:05:42.817-0300] {logging_mixin.py:188} INFO - [2025-01-26T22:05:42.817-0300] {dagbag.py:538} INFO - Filling up the DagBag from /home/victor/Desktop/TESTE/code-challenge/orchestrate/airflow/dags/stage2.py
[2025-01-26T22:05:42.826-0300] {processor.py:840} INFO - DAG(s) 'load' retrieved from /home/victor/Desktop/TESTE/code-challenge/orchestrate/airflow/dags/stage2.py
[2025-01-26T22:05:42.845-0300] {logging_mixin.py:188} INFO - [2025-01-26T22:05:42.844-0300] {dag.py:3036} INFO - Sync 1 DAGs
[2025-01-26T22:05:42.858-0300] {logging_mixin.py:188} INFO - [2025-01-26T22:05:42.858-0300] {dag.py:3823} INFO - Setting next_dagrun for load to 2025-01-27 00:00:00+00:00, run_after=2025-01-28 00:00:00+00:00
[2025-01-26T22:05:42.918-0300] {processor.py:183} INFO - Processing /home/victor/Desktop/TESTE/code-challenge/orchestrate/airflow/dags/stage2.py took 0.104 seconds
[2025-01-26T22:06:14.841-0300] {processor.py:161} INFO - Started process (PID=87955) to work on /home/victor/Desktop/TESTE/code-challenge/orchestrate/airflow/dags/stage2.py
[2025-01-26T22:06:14.857-0300] {processor.py:830} INFO - Processing file /home/victor/Desktop/TESTE/code-challenge/orchestrate/airflow/dags/stage2.py for tasks to queue
[2025-01-26T22:06:14.859-0300] {logging_mixin.py:188} INFO - [2025-01-26T22:06:14.858-0300] {dagbag.py:538} INFO - Filling up the DagBag from /home/victor/Desktop/TESTE/code-challenge/orchestrate/airflow/dags/stage2.py
[2025-01-26T22:06:14.870-0300] {processor.py:840} INFO - DAG(s) 'load' retrieved from /home/victor/Desktop/TESTE/code-challenge/orchestrate/airflow/dags/stage2.py
[2025-01-26T22:06:14.885-0300] {logging_mixin.py:188} INFO - [2025-01-26T22:06:14.885-0300] {dag.py:3036} INFO - Sync 1 DAGs
[2025-01-26T22:06:14.902-0300] {logging_mixin.py:188} INFO - [2025-01-26T22:06:14.902-0300] {dag.py:3823} INFO - Setting next_dagrun for load to 2025-01-27 00:00:00+00:00, run_after=2025-01-28 00:00:00+00:00
[2025-01-26T22:06:14.973-0300] {processor.py:183} INFO - Processing /home/victor/Desktop/TESTE/code-challenge/orchestrate/airflow/dags/stage2.py took 0.136 seconds
[2025-01-26T22:06:47.753-0300] {processor.py:161} INFO - Started process (PID=88114) to work on /home/victor/Desktop/TESTE/code-challenge/orchestrate/airflow/dags/stage2.py
[2025-01-26T22:06:47.770-0300] {processor.py:830} INFO - Processing file /home/victor/Desktop/TESTE/code-challenge/orchestrate/airflow/dags/stage2.py for tasks to queue
[2025-01-26T22:06:47.771-0300] {logging_mixin.py:188} INFO - [2025-01-26T22:06:47.771-0300] {dagbag.py:538} INFO - Filling up the DagBag from /home/victor/Desktop/TESTE/code-challenge/orchestrate/airflow/dags/stage2.py
[2025-01-26T22:06:47.781-0300] {processor.py:840} INFO - DAG(s) 'load' retrieved from /home/victor/Desktop/TESTE/code-challenge/orchestrate/airflow/dags/stage2.py
[2025-01-26T22:06:47.795-0300] {logging_mixin.py:188} INFO - [2025-01-26T22:06:47.795-0300] {dag.py:3036} INFO - Sync 1 DAGs
[2025-01-26T22:06:47.812-0300] {logging_mixin.py:188} INFO - [2025-01-26T22:06:47.812-0300] {dag.py:3823} INFO - Setting next_dagrun for load to 2025-01-27 00:00:00+00:00, run_after=2025-01-28 00:00:00+00:00
[2025-01-26T22:06:47.882-0300] {processor.py:183} INFO - Processing /home/victor/Desktop/TESTE/code-challenge/orchestrate/airflow/dags/stage2.py took 0.131 seconds
[2025-01-26T22:07:22.777-0300] {processor.py:161} INFO - Started process (PID=88204) to work on /home/victor/Desktop/TESTE/code-challenge/orchestrate/airflow/dags/stage2.py
[2025-01-26T22:07:22.793-0300] {processor.py:830} INFO - Processing file /home/victor/Desktop/TESTE/code-challenge/orchestrate/airflow/dags/stage2.py for tasks to queue
[2025-01-26T22:07:22.793-0300] {logging_mixin.py:188} INFO - [2025-01-26T22:07:22.793-0300] {dagbag.py:538} INFO - Filling up the DagBag from /home/victor/Desktop/TESTE/code-challenge/orchestrate/airflow/dags/stage2.py
[2025-01-26T22:07:22.805-0300] {processor.py:840} INFO - DAG(s) 'load' retrieved from /home/victor/Desktop/TESTE/code-challenge/orchestrate/airflow/dags/stage2.py
[2025-01-26T22:07:22.821-0300] {logging_mixin.py:188} INFO - [2025-01-26T22:07:22.821-0300] {dag.py:3036} INFO - Sync 1 DAGs
[2025-01-26T22:07:22.836-0300] {logging_mixin.py:188} INFO - [2025-01-26T22:07:22.836-0300] {dag.py:3823} INFO - Setting next_dagrun for load to 2025-01-27 00:00:00+00:00, run_after=2025-01-28 00:00:00+00:00
[2025-01-26T22:07:22.975-0300] {processor.py:183} INFO - Processing /home/victor/Desktop/TESTE/code-challenge/orchestrate/airflow/dags/stage2.py took 0.201 seconds
[2025-01-26T22:07:54.914-0300] {processor.py:161} INFO - Started process (PID=88291) to work on /home/victor/Desktop/TESTE/code-challenge/orchestrate/airflow/dags/stage2.py
[2025-01-26T22:07:54.914-0300] {processor.py:830} INFO - Processing file /home/victor/Desktop/TESTE/code-challenge/orchestrate/airflow/dags/stage2.py for tasks to queue
[2025-01-26T22:07:54.915-0300] {logging_mixin.py:188} INFO - [2025-01-26T22:07:54.914-0300] {dagbag.py:538} INFO - Filling up the DagBag from /home/victor/Desktop/TESTE/code-challenge/orchestrate/airflow/dags/stage2.py
[2025-01-26T22:07:54.924-0300] {processor.py:840} INFO - DAG(s) 'load' retrieved from /home/victor/Desktop/TESTE/code-challenge/orchestrate/airflow/dags/stage2.py
[2025-01-26T22:07:54.944-0300] {logging_mixin.py:188} INFO - [2025-01-26T22:07:54.943-0300] {dag.py:3036} INFO - Sync 1 DAGs
[2025-01-26T22:07:54.958-0300] {logging_mixin.py:188} INFO - [2025-01-26T22:07:54.958-0300] {dag.py:3823} INFO - Setting next_dagrun for load to 2025-01-27 00:00:00+00:00, run_after=2025-01-28 00:00:00+00:00
[2025-01-26T22:07:55.036-0300] {processor.py:183} INFO - Processing /home/victor/Desktop/TESTE/code-challenge/orchestrate/airflow/dags/stage2.py took 0.125 seconds
[2025-01-26T22:08:27.130-0300] {processor.py:161} INFO - Started process (PID=88392) to work on /home/victor/Desktop/TESTE/code-challenge/orchestrate/airflow/dags/stage2.py
[2025-01-26T22:08:27.154-0300] {processor.py:830} INFO - Processing file /home/victor/Desktop/TESTE/code-challenge/orchestrate/airflow/dags/stage2.py for tasks to queue
[2025-01-26T22:08:27.155-0300] {logging_mixin.py:188} INFO - [2025-01-26T22:08:27.155-0300] {dagbag.py:538} INFO - Filling up the DagBag from /home/victor/Desktop/TESTE/code-challenge/orchestrate/airflow/dags/stage2.py
[2025-01-26T22:08:27.166-0300] {processor.py:840} INFO - DAG(s) 'load' retrieved from /home/victor/Desktop/TESTE/code-challenge/orchestrate/airflow/dags/stage2.py
[2025-01-26T22:08:27.180-0300] {logging_mixin.py:188} INFO - [2025-01-26T22:08:27.180-0300] {dag.py:3036} INFO - Sync 1 DAGs
[2025-01-26T22:08:27.196-0300] {logging_mixin.py:188} INFO - [2025-01-26T22:08:27.196-0300] {dag.py:3823} INFO - Setting next_dagrun for load to 2025-01-27 00:00:00+00:00, run_after=2025-01-28 00:00:00+00:00
[2025-01-26T22:08:27.273-0300] {processor.py:183} INFO - Processing /home/victor/Desktop/TESTE/code-challenge/orchestrate/airflow/dags/stage2.py took 0.145 seconds
[2025-01-26T22:09:01.470-0300] {processor.py:161} INFO - Started process (PID=88489) to work on /home/victor/Desktop/TESTE/code-challenge/orchestrate/airflow/dags/stage2.py
[2025-01-26T22:09:01.493-0300] {processor.py:830} INFO - Processing file /home/victor/Desktop/TESTE/code-challenge/orchestrate/airflow/dags/stage2.py for tasks to queue
[2025-01-26T22:09:01.494-0300] {logging_mixin.py:188} INFO - [2025-01-26T22:09:01.494-0300] {dagbag.py:538} INFO - Filling up the DagBag from /home/victor/Desktop/TESTE/code-challenge/orchestrate/airflow/dags/stage2.py
[2025-01-26T22:09:01.504-0300] {processor.py:840} INFO - DAG(s) 'load' retrieved from /home/victor/Desktop/TESTE/code-challenge/orchestrate/airflow/dags/stage2.py
[2025-01-26T22:09:01.521-0300] {logging_mixin.py:188} INFO - [2025-01-26T22:09:01.521-0300] {dag.py:3036} INFO - Sync 1 DAGs
[2025-01-26T22:09:01.539-0300] {logging_mixin.py:188} INFO - [2025-01-26T22:09:01.538-0300] {dag.py:3823} INFO - Setting next_dagrun for load to 2025-01-27 00:00:00+00:00, run_after=2025-01-28 00:00:00+00:00
[2025-01-26T22:09:01.622-0300] {processor.py:183} INFO - Processing /home/victor/Desktop/TESTE/code-challenge/orchestrate/airflow/dags/stage2.py took 0.155 seconds
[2025-01-26T22:09:33.581-0300] {processor.py:161} INFO - Started process (PID=88619) to work on /home/victor/Desktop/TESTE/code-challenge/orchestrate/airflow/dags/stage2.py
[2025-01-26T22:09:33.581-0300] {processor.py:830} INFO - Processing file /home/victor/Desktop/TESTE/code-challenge/orchestrate/airflow/dags/stage2.py for tasks to queue
[2025-01-26T22:09:33.582-0300] {logging_mixin.py:188} INFO - [2025-01-26T22:09:33.581-0300] {dagbag.py:538} INFO - Filling up the DagBag from /home/victor/Desktop/TESTE/code-challenge/orchestrate/airflow/dags/stage2.py
[2025-01-26T22:09:33.591-0300] {processor.py:840} INFO - DAG(s) 'load' retrieved from /home/victor/Desktop/TESTE/code-challenge/orchestrate/airflow/dags/stage2.py
[2025-01-26T22:09:33.608-0300] {logging_mixin.py:188} INFO - [2025-01-26T22:09:33.608-0300] {dag.py:3036} INFO - Sync 1 DAGs
[2025-01-26T22:09:33.622-0300] {logging_mixin.py:188} INFO - [2025-01-26T22:09:33.622-0300] {dag.py:3823} INFO - Setting next_dagrun for load to 2025-01-27 00:00:00+00:00, run_after=2025-01-28 00:00:00+00:00
[2025-01-26T22:09:33.692-0300] {processor.py:183} INFO - Processing /home/victor/Desktop/TESTE/code-challenge/orchestrate/airflow/dags/stage2.py took 0.114 seconds
[2025-01-26T22:10:06.306-0300] {processor.py:161} INFO - Started process (PID=88732) to work on /home/victor/Desktop/TESTE/code-challenge/orchestrate/airflow/dags/stage2.py
[2025-01-26T22:10:06.313-0300] {processor.py:830} INFO - Processing file /home/victor/Desktop/TESTE/code-challenge/orchestrate/airflow/dags/stage2.py for tasks to queue
[2025-01-26T22:10:06.314-0300] {logging_mixin.py:188} INFO - [2025-01-26T22:10:06.314-0300] {dagbag.py:538} INFO - Filling up the DagBag from /home/victor/Desktop/TESTE/code-challenge/orchestrate/airflow/dags/stage2.py
[2025-01-26T22:10:06.325-0300] {processor.py:840} INFO - DAG(s) 'load' retrieved from /home/victor/Desktop/TESTE/code-challenge/orchestrate/airflow/dags/stage2.py
[2025-01-26T22:10:06.341-0300] {logging_mixin.py:188} INFO - [2025-01-26T22:10:06.341-0300] {dag.py:3036} INFO - Sync 1 DAGs
[2025-01-26T22:10:06.355-0300] {logging_mixin.py:188} INFO - [2025-01-26T22:10:06.355-0300] {dag.py:3823} INFO - Setting next_dagrun for load to 2025-01-27 00:00:00+00:00, run_after=2025-01-28 00:00:00+00:00
[2025-01-26T22:10:06.433-0300] {processor.py:183} INFO - Processing /home/victor/Desktop/TESTE/code-challenge/orchestrate/airflow/dags/stage2.py took 0.129 seconds
[2025-01-26T22:10:41.138-0300] {processor.py:161} INFO - Started process (PID=88836) to work on /home/victor/Desktop/TESTE/code-challenge/orchestrate/airflow/dags/stage2.py
[2025-01-26T22:10:41.138-0300] {processor.py:830} INFO - Processing file /home/victor/Desktop/TESTE/code-challenge/orchestrate/airflow/dags/stage2.py for tasks to queue
[2025-01-26T22:10:41.139-0300] {logging_mixin.py:188} INFO - [2025-01-26T22:10:41.139-0300] {dagbag.py:538} INFO - Filling up the DagBag from /home/victor/Desktop/TESTE/code-challenge/orchestrate/airflow/dags/stage2.py
[2025-01-26T22:10:41.150-0300] {processor.py:840} INFO - DAG(s) 'load' retrieved from /home/victor/Desktop/TESTE/code-challenge/orchestrate/airflow/dags/stage2.py
[2025-01-26T22:10:41.171-0300] {logging_mixin.py:188} INFO - [2025-01-26T22:10:41.170-0300] {dag.py:3036} INFO - Sync 1 DAGs
[2025-01-26T22:10:41.186-0300] {logging_mixin.py:188} INFO - [2025-01-26T22:10:41.186-0300] {dag.py:3823} INFO - Setting next_dagrun for load to 2025-01-27 00:00:00+00:00, run_after=2025-01-28 00:00:00+00:00
[2025-01-26T22:10:41.255-0300] {processor.py:183} INFO - Processing /home/victor/Desktop/TESTE/code-challenge/orchestrate/airflow/dags/stage2.py took 0.119 seconds
[2025-01-26T22:11:13.348-0300] {processor.py:161} INFO - Started process (PID=88927) to work on /home/victor/Desktop/TESTE/code-challenge/orchestrate/airflow/dags/stage2.py
[2025-01-26T22:11:13.368-0300] {processor.py:830} INFO - Processing file /home/victor/Desktop/TESTE/code-challenge/orchestrate/airflow/dags/stage2.py for tasks to queue
[2025-01-26T22:11:13.369-0300] {logging_mixin.py:188} INFO - [2025-01-26T22:11:13.369-0300] {dagbag.py:538} INFO - Filling up the DagBag from /home/victor/Desktop/TESTE/code-challenge/orchestrate/airflow/dags/stage2.py
[2025-01-26T22:11:13.379-0300] {processor.py:840} INFO - DAG(s) 'load' retrieved from /home/victor/Desktop/TESTE/code-challenge/orchestrate/airflow/dags/stage2.py
[2025-01-26T22:11:13.398-0300] {logging_mixin.py:188} INFO - [2025-01-26T22:11:13.398-0300] {dag.py:3036} INFO - Sync 1 DAGs
[2025-01-26T22:11:13.412-0300] {logging_mixin.py:188} INFO - [2025-01-26T22:11:13.411-0300] {dag.py:3823} INFO - Setting next_dagrun for load to 2025-01-27 00:00:00+00:00, run_after=2025-01-28 00:00:00+00:00
[2025-01-26T22:11:13.487-0300] {processor.py:183} INFO - Processing /home/victor/Desktop/TESTE/code-challenge/orchestrate/airflow/dags/stage2.py took 0.142 seconds
[2025-01-26T22:11:45.464-0300] {processor.py:161} INFO - Started process (PID=89049) to work on /home/victor/Desktop/TESTE/code-challenge/orchestrate/airflow/dags/stage2.py
[2025-01-26T22:11:45.465-0300] {processor.py:830} INFO - Processing file /home/victor/Desktop/TESTE/code-challenge/orchestrate/airflow/dags/stage2.py for tasks to queue
[2025-01-26T22:11:45.465-0300] {logging_mixin.py:188} INFO - [2025-01-26T22:11:45.465-0300] {dagbag.py:538} INFO - Filling up the DagBag from /home/victor/Desktop/TESTE/code-challenge/orchestrate/airflow/dags/stage2.py
[2025-01-26T22:11:45.475-0300] {processor.py:840} INFO - DAG(s) 'load' retrieved from /home/victor/Desktop/TESTE/code-challenge/orchestrate/airflow/dags/stage2.py
[2025-01-26T22:11:45.493-0300] {logging_mixin.py:188} INFO - [2025-01-26T22:11:45.493-0300] {dag.py:3036} INFO - Sync 1 DAGs
[2025-01-26T22:11:45.506-0300] {logging_mixin.py:188} INFO - [2025-01-26T22:11:45.506-0300] {dag.py:3823} INFO - Setting next_dagrun for load to 2025-01-27 00:00:00+00:00, run_after=2025-01-28 00:00:00+00:00
[2025-01-26T22:11:45.586-0300] {processor.py:183} INFO - Processing /home/victor/Desktop/TESTE/code-challenge/orchestrate/airflow/dags/stage2.py took 0.125 seconds
[2025-01-26T22:12:17.838-0300] {processor.py:161} INFO - Started process (PID=89157) to work on /home/victor/Desktop/TESTE/code-challenge/orchestrate/airflow/dags/stage2.py
[2025-01-26T22:12:17.857-0300] {processor.py:830} INFO - Processing file /home/victor/Desktop/TESTE/code-challenge/orchestrate/airflow/dags/stage2.py for tasks to queue
[2025-01-26T22:12:17.858-0300] {logging_mixin.py:188} INFO - [2025-01-26T22:12:17.858-0300] {dagbag.py:538} INFO - Filling up the DagBag from /home/victor/Desktop/TESTE/code-challenge/orchestrate/airflow/dags/stage2.py
[2025-01-26T22:12:17.867-0300] {processor.py:840} INFO - DAG(s) 'load' retrieved from /home/victor/Desktop/TESTE/code-challenge/orchestrate/airflow/dags/stage2.py
[2025-01-26T22:12:17.886-0300] {logging_mixin.py:188} INFO - [2025-01-26T22:12:17.886-0300] {dag.py:3036} INFO - Sync 1 DAGs
[2025-01-26T22:12:17.900-0300] {logging_mixin.py:188} INFO - [2025-01-26T22:12:17.900-0300] {dag.py:3823} INFO - Setting next_dagrun for load to 2025-01-27 00:00:00+00:00, run_after=2025-01-28 00:00:00+00:00
[2025-01-26T22:12:17.982-0300] {processor.py:183} INFO - Processing /home/victor/Desktop/TESTE/code-challenge/orchestrate/airflow/dags/stage2.py took 0.148 seconds
[2025-01-26T22:12:50.139-0300] {processor.py:161} INFO - Started process (PID=89246) to work on /home/victor/Desktop/TESTE/code-challenge/orchestrate/airflow/dags/stage2.py
[2025-01-26T22:12:50.155-0300] {processor.py:830} INFO - Processing file /home/victor/Desktop/TESTE/code-challenge/orchestrate/airflow/dags/stage2.py for tasks to queue
[2025-01-26T22:12:50.156-0300] {logging_mixin.py:188} INFO - [2025-01-26T22:12:50.156-0300] {dagbag.py:538} INFO - Filling up the DagBag from /home/victor/Desktop/TESTE/code-challenge/orchestrate/airflow/dags/stage2.py
[2025-01-26T22:12:50.170-0300] {processor.py:840} INFO - DAG(s) 'load' retrieved from /home/victor/Desktop/TESTE/code-challenge/orchestrate/airflow/dags/stage2.py
[2025-01-26T22:12:50.184-0300] {logging_mixin.py:188} INFO - [2025-01-26T22:12:50.184-0300] {dag.py:3036} INFO - Sync 1 DAGs
[2025-01-26T22:12:50.202-0300] {logging_mixin.py:188} INFO - [2025-01-26T22:12:50.202-0300] {dag.py:3823} INFO - Setting next_dagrun for load to 2025-01-27 00:00:00+00:00, run_after=2025-01-28 00:00:00+00:00
[2025-01-26T22:12:50.264-0300] {processor.py:183} INFO - Processing /home/victor/Desktop/TESTE/code-challenge/orchestrate/airflow/dags/stage2.py took 0.129 seconds
[2025-01-26T22:13:26.176-0300] {processor.py:161} INFO - Started process (PID=89347) to work on /home/victor/Desktop/TESTE/code-challenge/orchestrate/airflow/dags/stage2.py
[2025-01-26T22:13:26.186-0300] {processor.py:830} INFO - Processing file /home/victor/Desktop/TESTE/code-challenge/orchestrate/airflow/dags/stage2.py for tasks to queue
[2025-01-26T22:13:26.187-0300] {logging_mixin.py:188} INFO - [2025-01-26T22:13:26.186-0300] {dagbag.py:538} INFO - Filling up the DagBag from /home/victor/Desktop/TESTE/code-challenge/orchestrate/airflow/dags/stage2.py
[2025-01-26T22:13:26.197-0300] {processor.py:840} INFO - DAG(s) 'load' retrieved from /home/victor/Desktop/TESTE/code-challenge/orchestrate/airflow/dags/stage2.py
[2025-01-26T22:13:26.215-0300] {logging_mixin.py:188} INFO - [2025-01-26T22:13:26.215-0300] {dag.py:3036} INFO - Sync 1 DAGs
[2025-01-26T22:13:26.231-0300] {logging_mixin.py:188} INFO - [2025-01-26T22:13:26.230-0300] {dag.py:3823} INFO - Setting next_dagrun for load to 2025-01-27 00:00:00+00:00, run_after=2025-01-28 00:00:00+00:00
[2025-01-26T22:13:26.304-0300] {processor.py:183} INFO - Processing /home/victor/Desktop/TESTE/code-challenge/orchestrate/airflow/dags/stage2.py took 0.130 seconds
[2025-01-26T22:13:59.489-0300] {processor.py:161} INFO - Started process (PID=89478) to work on /home/victor/Desktop/TESTE/code-challenge/orchestrate/airflow/dags/stage2.py
[2025-01-26T22:13:59.489-0300] {processor.py:830} INFO - Processing file /home/victor/Desktop/TESTE/code-challenge/orchestrate/airflow/dags/stage2.py for tasks to queue
[2025-01-26T22:13:59.490-0300] {logging_mixin.py:188} INFO - [2025-01-26T22:13:59.490-0300] {dagbag.py:538} INFO - Filling up the DagBag from /home/victor/Desktop/TESTE/code-challenge/orchestrate/airflow/dags/stage2.py
[2025-01-26T22:13:59.501-0300] {processor.py:840} INFO - DAG(s) 'load' retrieved from /home/victor/Desktop/TESTE/code-challenge/orchestrate/airflow/dags/stage2.py
[2025-01-26T22:13:59.516-0300] {logging_mixin.py:188} INFO - [2025-01-26T22:13:59.516-0300] {dag.py:3036} INFO - Sync 1 DAGs
[2025-01-26T22:13:59.533-0300] {logging_mixin.py:188} INFO - [2025-01-26T22:13:59.533-0300] {dag.py:3823} INFO - Setting next_dagrun for load to 2025-01-27 00:00:00+00:00, run_after=2025-01-28 00:00:00+00:00
[2025-01-26T22:13:59.616-0300] {processor.py:183} INFO - Processing /home/victor/Desktop/TESTE/code-challenge/orchestrate/airflow/dags/stage2.py took 0.131 seconds
[2025-01-26T22:14:31.909-0300] {processor.py:161} INFO - Started process (PID=89565) to work on /home/victor/Desktop/TESTE/code-challenge/orchestrate/airflow/dags/stage2.py
[2025-01-26T22:14:31.974-0300] {processor.py:830} INFO - Processing file /home/victor/Desktop/TESTE/code-challenge/orchestrate/airflow/dags/stage2.py for tasks to queue
[2025-01-26T22:14:31.975-0300] {logging_mixin.py:188} INFO - [2025-01-26T22:14:31.975-0300] {dagbag.py:538} INFO - Filling up the DagBag from /home/victor/Desktop/TESTE/code-challenge/orchestrate/airflow/dags/stage2.py
[2025-01-26T22:14:31.987-0300] {processor.py:840} INFO - DAG(s) 'load' retrieved from /home/victor/Desktop/TESTE/code-challenge/orchestrate/airflow/dags/stage2.py
[2025-01-26T22:14:32.002-0300] {logging_mixin.py:188} INFO - [2025-01-26T22:14:32.002-0300] {dag.py:3036} INFO - Sync 1 DAGs
[2025-01-26T22:14:32.018-0300] {logging_mixin.py:188} INFO - [2025-01-26T22:14:32.017-0300] {dag.py:3823} INFO - Setting next_dagrun for load to 2025-01-27 00:00:00+00:00, run_after=2025-01-28 00:00:00+00:00
[2025-01-26T22:14:32.092-0300] {processor.py:183} INFO - Processing /home/victor/Desktop/TESTE/code-challenge/orchestrate/airflow/dags/stage2.py took 0.186 seconds
[2025-01-26T22:15:04.333-0300] {processor.py:161} INFO - Started process (PID=89665) to work on /home/victor/Desktop/TESTE/code-challenge/orchestrate/airflow/dags/stage2.py
[2025-01-26T22:15:04.333-0300] {processor.py:830} INFO - Processing file /home/victor/Desktop/TESTE/code-challenge/orchestrate/airflow/dags/stage2.py for tasks to queue
[2025-01-26T22:15:04.334-0300] {logging_mixin.py:188} INFO - [2025-01-26T22:15:04.333-0300] {dagbag.py:538} INFO - Filling up the DagBag from /home/victor/Desktop/TESTE/code-challenge/orchestrate/airflow/dags/stage2.py
[2025-01-26T22:15:04.346-0300] {processor.py:840} INFO - DAG(s) 'load' retrieved from /home/victor/Desktop/TESTE/code-challenge/orchestrate/airflow/dags/stage2.py
[2025-01-26T22:15:04.362-0300] {logging_mixin.py:188} INFO - [2025-01-26T22:15:04.362-0300] {dag.py:3036} INFO - Sync 1 DAGs
[2025-01-26T22:15:04.376-0300] {logging_mixin.py:188} INFO - [2025-01-26T22:15:04.375-0300] {dag.py:3823} INFO - Setting next_dagrun for load to 2025-01-27 00:00:00+00:00, run_after=2025-01-28 00:00:00+00:00
[2025-01-26T22:15:04.455-0300] {processor.py:183} INFO - Processing /home/victor/Desktop/TESTE/code-challenge/orchestrate/airflow/dags/stage2.py took 0.125 seconds
[2025-01-26T22:15:39.259-0300] {processor.py:161} INFO - Started process (PID=89771) to work on /home/victor/Desktop/TESTE/code-challenge/orchestrate/airflow/dags/stage2.py
[2025-01-26T22:15:39.286-0300] {processor.py:830} INFO - Processing file /home/victor/Desktop/TESTE/code-challenge/orchestrate/airflow/dags/stage2.py for tasks to queue
[2025-01-26T22:15:39.287-0300] {logging_mixin.py:188} INFO - [2025-01-26T22:15:39.287-0300] {dagbag.py:538} INFO - Filling up the DagBag from /home/victor/Desktop/TESTE/code-challenge/orchestrate/airflow/dags/stage2.py
[2025-01-26T22:15:39.297-0300] {processor.py:840} INFO - DAG(s) 'load' retrieved from /home/victor/Desktop/TESTE/code-challenge/orchestrate/airflow/dags/stage2.py
[2025-01-26T22:15:39.316-0300] {logging_mixin.py:188} INFO - [2025-01-26T22:15:39.315-0300] {dag.py:3036} INFO - Sync 1 DAGs
[2025-01-26T22:15:39.332-0300] {logging_mixin.py:188} INFO - [2025-01-26T22:15:39.332-0300] {dag.py:3823} INFO - Setting next_dagrun for load to 2025-01-27 00:00:00+00:00, run_after=2025-01-28 00:00:00+00:00
[2025-01-26T22:15:39.426-0300] {processor.py:183} INFO - Processing /home/victor/Desktop/TESTE/code-challenge/orchestrate/airflow/dags/stage2.py took 0.170 seconds
[2025-01-26T22:16:11.998-0300] {processor.py:161} INFO - Started process (PID=89858) to work on /home/victor/Desktop/TESTE/code-challenge/orchestrate/airflow/dags/stage2.py
[2025-01-26T22:16:11.998-0300] {processor.py:830} INFO - Processing file /home/victor/Desktop/TESTE/code-challenge/orchestrate/airflow/dags/stage2.py for tasks to queue
[2025-01-26T22:16:11.999-0300] {logging_mixin.py:188} INFO - [2025-01-26T22:16:11.999-0300] {dagbag.py:538} INFO - Filling up the DagBag from /home/victor/Desktop/TESTE/code-challenge/orchestrate/airflow/dags/stage2.py
[2025-01-26T22:16:12.011-0300] {processor.py:840} INFO - DAG(s) 'load' retrieved from /home/victor/Desktop/TESTE/code-challenge/orchestrate/airflow/dags/stage2.py
[2025-01-26T22:16:12.026-0300] {logging_mixin.py:188} INFO - [2025-01-26T22:16:12.026-0300] {dag.py:3036} INFO - Sync 1 DAGs
[2025-01-26T22:16:12.043-0300] {logging_mixin.py:188} INFO - [2025-01-26T22:16:12.043-0300] {dag.py:3823} INFO - Setting next_dagrun for load to 2025-01-27 00:00:00+00:00, run_after=2025-01-28 00:00:00+00:00
[2025-01-26T22:16:12.142-0300] {processor.py:183} INFO - Processing /home/victor/Desktop/TESTE/code-challenge/orchestrate/airflow/dags/stage2.py took 0.146 seconds
[2025-01-26T22:16:45.612-0300] {processor.py:161} INFO - Started process (PID=89985) to work on /home/victor/Desktop/TESTE/code-challenge/orchestrate/airflow/dags/stage2.py
[2025-01-26T22:16:45.634-0300] {processor.py:830} INFO - Processing file /home/victor/Desktop/TESTE/code-challenge/orchestrate/airflow/dags/stage2.py for tasks to queue
[2025-01-26T22:16:45.635-0300] {logging_mixin.py:188} INFO - [2025-01-26T22:16:45.635-0300] {dagbag.py:538} INFO - Filling up the DagBag from /home/victor/Desktop/TESTE/code-challenge/orchestrate/airflow/dags/stage2.py
[2025-01-26T22:16:45.648-0300] {processor.py:840} INFO - DAG(s) 'load' retrieved from /home/victor/Desktop/TESTE/code-challenge/orchestrate/airflow/dags/stage2.py
[2025-01-26T22:16:45.662-0300] {logging_mixin.py:188} INFO - [2025-01-26T22:16:45.662-0300] {dag.py:3036} INFO - Sync 1 DAGs
[2025-01-26T22:16:45.680-0300] {logging_mixin.py:188} INFO - [2025-01-26T22:16:45.680-0300] {dag.py:3823} INFO - Setting next_dagrun for load to 2025-01-27 00:00:00+00:00, run_after=2025-01-28 00:00:00+00:00
[2025-01-26T22:16:45.748-0300] {processor.py:183} INFO - Processing /home/victor/Desktop/TESTE/code-challenge/orchestrate/airflow/dags/stage2.py took 0.139 seconds
[2025-01-26T22:17:20.824-0300] {processor.py:161} INFO - Started process (PID=90106) to work on /home/victor/Desktop/TESTE/code-challenge/orchestrate/airflow/dags/stage2.py
[2025-01-26T22:17:20.825-0300] {processor.py:830} INFO - Processing file /home/victor/Desktop/TESTE/code-challenge/orchestrate/airflow/dags/stage2.py for tasks to queue
[2025-01-26T22:17:20.826-0300] {logging_mixin.py:188} INFO - [2025-01-26T22:17:20.826-0300] {dagbag.py:538} INFO - Filling up the DagBag from /home/victor/Desktop/TESTE/code-challenge/orchestrate/airflow/dags/stage2.py
[2025-01-26T22:17:20.837-0300] {processor.py:840} INFO - DAG(s) 'load' retrieved from /home/victor/Desktop/TESTE/code-challenge/orchestrate/airflow/dags/stage2.py
[2025-01-26T22:17:20.854-0300] {logging_mixin.py:188} INFO - [2025-01-26T22:17:20.854-0300] {dag.py:3036} INFO - Sync 1 DAGs
[2025-01-26T22:17:20.869-0300] {logging_mixin.py:188} INFO - [2025-01-26T22:17:20.869-0300] {dag.py:3823} INFO - Setting next_dagrun for load to 2025-01-27 00:00:00+00:00, run_after=2025-01-28 00:00:00+00:00
[2025-01-26T22:17:20.995-0300] {processor.py:183} INFO - Processing /home/victor/Desktop/TESTE/code-challenge/orchestrate/airflow/dags/stage2.py took 0.173 seconds
[2025-01-26T22:17:54.438-0300] {processor.py:161} INFO - Started process (PID=90202) to work on /home/victor/Desktop/TESTE/code-challenge/orchestrate/airflow/dags/stage2.py
[2025-01-26T22:17:54.439-0300] {processor.py:830} INFO - Processing file /home/victor/Desktop/TESTE/code-challenge/orchestrate/airflow/dags/stage2.py for tasks to queue
[2025-01-26T22:17:54.440-0300] {logging_mixin.py:188} INFO - [2025-01-26T22:17:54.439-0300] {dagbag.py:538} INFO - Filling up the DagBag from /home/victor/Desktop/TESTE/code-challenge/orchestrate/airflow/dags/stage2.py
[2025-01-26T22:17:54.453-0300] {processor.py:840} INFO - DAG(s) 'load' retrieved from /home/victor/Desktop/TESTE/code-challenge/orchestrate/airflow/dags/stage2.py
[2025-01-26T22:17:54.469-0300] {logging_mixin.py:188} INFO - [2025-01-26T22:17:54.469-0300] {dag.py:3036} INFO - Sync 1 DAGs
[2025-01-26T22:17:54.487-0300] {logging_mixin.py:188} INFO - [2025-01-26T22:17:54.487-0300] {dag.py:3823} INFO - Setting next_dagrun for load to 2025-01-27 00:00:00+00:00, run_after=2025-01-28 00:00:00+00:00
[2025-01-26T22:17:54.552-0300] {processor.py:183} INFO - Processing /home/victor/Desktop/TESTE/code-challenge/orchestrate/airflow/dags/stage2.py took 0.117 seconds
[2025-01-26T22:18:26.553-0300] {processor.py:161} INFO - Started process (PID=90343) to work on /home/victor/Desktop/TESTE/code-challenge/orchestrate/airflow/dags/stage2.py
[2025-01-26T22:18:26.564-0300] {processor.py:830} INFO - Processing file /home/victor/Desktop/TESTE/code-challenge/orchestrate/airflow/dags/stage2.py for tasks to queue
[2025-01-26T22:18:26.565-0300] {logging_mixin.py:188} INFO - [2025-01-26T22:18:26.564-0300] {dagbag.py:538} INFO - Filling up the DagBag from /home/victor/Desktop/TESTE/code-challenge/orchestrate/airflow/dags/stage2.py
[2025-01-26T22:18:26.576-0300] {processor.py:840} INFO - DAG(s) 'load' retrieved from /home/victor/Desktop/TESTE/code-challenge/orchestrate/airflow/dags/stage2.py
[2025-01-26T22:18:26.590-0300] {logging_mixin.py:188} INFO - [2025-01-26T22:18:26.590-0300] {dag.py:3036} INFO - Sync 1 DAGs
[2025-01-26T22:18:26.607-0300] {logging_mixin.py:188} INFO - [2025-01-26T22:18:26.607-0300] {dag.py:3823} INFO - Setting next_dagrun for load to 2025-01-27 00:00:00+00:00, run_after=2025-01-28 00:00:00+00:00
[2025-01-26T22:18:26.673-0300] {processor.py:183} INFO - Processing /home/victor/Desktop/TESTE/code-challenge/orchestrate/airflow/dags/stage2.py took 0.123 seconds
[2025-01-26T22:18:58.670-0300] {processor.py:161} INFO - Started process (PID=90443) to work on /home/victor/Desktop/TESTE/code-challenge/orchestrate/airflow/dags/stage2.py
[2025-01-26T22:18:58.687-0300] {processor.py:830} INFO - Processing file /home/victor/Desktop/TESTE/code-challenge/orchestrate/airflow/dags/stage2.py for tasks to queue
[2025-01-26T22:18:58.688-0300] {logging_mixin.py:188} INFO - [2025-01-26T22:18:58.687-0300] {dagbag.py:538} INFO - Filling up the DagBag from /home/victor/Desktop/TESTE/code-challenge/orchestrate/airflow/dags/stage2.py
[2025-01-26T22:18:58.699-0300] {processor.py:840} INFO - DAG(s) 'load' retrieved from /home/victor/Desktop/TESTE/code-challenge/orchestrate/airflow/dags/stage2.py
[2025-01-26T22:18:58.713-0300] {logging_mixin.py:188} INFO - [2025-01-26T22:18:58.713-0300] {dag.py:3036} INFO - Sync 1 DAGs
[2025-01-26T22:18:58.732-0300] {logging_mixin.py:188} INFO - [2025-01-26T22:18:58.732-0300] {dag.py:3823} INFO - Setting next_dagrun for load to 2025-01-27 00:00:00+00:00, run_after=2025-01-28 00:00:00+00:00
[2025-01-26T22:18:58.823-0300] {processor.py:183} INFO - Processing /home/victor/Desktop/TESTE/code-challenge/orchestrate/airflow/dags/stage2.py took 0.156 seconds
[2025-01-26T22:19:30.971-0300] {processor.py:161} INFO - Started process (PID=90534) to work on /home/victor/Desktop/TESTE/code-challenge/orchestrate/airflow/dags/stage2.py
[2025-01-26T22:19:30.972-0300] {processor.py:830} INFO - Processing file /home/victor/Desktop/TESTE/code-challenge/orchestrate/airflow/dags/stage2.py for tasks to queue
[2025-01-26T22:19:30.973-0300] {logging_mixin.py:188} INFO - [2025-01-26T22:19:30.973-0300] {dagbag.py:538} INFO - Filling up the DagBag from /home/victor/Desktop/TESTE/code-challenge/orchestrate/airflow/dags/stage2.py
[2025-01-26T22:19:30.985-0300] {processor.py:840} INFO - DAG(s) 'load' retrieved from /home/victor/Desktop/TESTE/code-challenge/orchestrate/airflow/dags/stage2.py
[2025-01-26T22:19:31.001-0300] {logging_mixin.py:188} INFO - [2025-01-26T22:19:31.001-0300] {dag.py:3036} INFO - Sync 1 DAGs
[2025-01-26T22:19:31.016-0300] {logging_mixin.py:188} INFO - [2025-01-26T22:19:31.016-0300] {dag.py:3823} INFO - Setting next_dagrun for load to 2025-01-27 00:00:00+00:00, run_after=2025-01-28 00:00:00+00:00
[2025-01-26T22:19:31.079-0300] {processor.py:183} INFO - Processing /home/victor/Desktop/TESTE/code-challenge/orchestrate/airflow/dags/stage2.py took 0.109 seconds
[2025-01-26T22:20:05.698-0300] {processor.py:161} INFO - Started process (PID=90629) to work on /home/victor/Desktop/TESTE/code-challenge/orchestrate/airflow/dags/stage2.py
[2025-01-26T22:20:05.720-0300] {processor.py:830} INFO - Processing file /home/victor/Desktop/TESTE/code-challenge/orchestrate/airflow/dags/stage2.py for tasks to queue
[2025-01-26T22:20:05.720-0300] {logging_mixin.py:188} INFO - [2025-01-26T22:20:05.720-0300] {dagbag.py:538} INFO - Filling up the DagBag from /home/victor/Desktop/TESTE/code-challenge/orchestrate/airflow/dags/stage2.py
[2025-01-26T22:20:05.729-0300] {processor.py:840} INFO - DAG(s) 'load' retrieved from /home/victor/Desktop/TESTE/code-challenge/orchestrate/airflow/dags/stage2.py
[2025-01-26T22:20:05.745-0300] {logging_mixin.py:188} INFO - [2025-01-26T22:20:05.744-0300] {dag.py:3036} INFO - Sync 1 DAGs
[2025-01-26T22:20:05.761-0300] {logging_mixin.py:188} INFO - [2025-01-26T22:20:05.761-0300] {dag.py:3823} INFO - Setting next_dagrun for load to 2025-01-27 00:00:00+00:00, run_after=2025-01-28 00:00:00+00:00
[2025-01-26T22:20:05.974-0300] {processor.py:183} INFO - Processing /home/victor/Desktop/TESTE/code-challenge/orchestrate/airflow/dags/stage2.py took 0.279 seconds
[2025-01-26T22:20:41.330-0300] {processor.py:161} INFO - Started process (PID=90734) to work on /home/victor/Desktop/TESTE/code-challenge/orchestrate/airflow/dags/stage2.py
[2025-01-26T22:20:41.350-0300] {processor.py:830} INFO - Processing file /home/victor/Desktop/TESTE/code-challenge/orchestrate/airflow/dags/stage2.py for tasks to queue
[2025-01-26T22:20:41.352-0300] {logging_mixin.py:188} INFO - [2025-01-26T22:20:41.351-0300] {dagbag.py:538} INFO - Filling up the DagBag from /home/victor/Desktop/TESTE/code-challenge/orchestrate/airflow/dags/stage2.py
[2025-01-26T22:20:41.363-0300] {processor.py:840} INFO - DAG(s) 'load' retrieved from /home/victor/Desktop/TESTE/code-challenge/orchestrate/airflow/dags/stage2.py
[2025-01-26T22:20:41.377-0300] {logging_mixin.py:188} INFO - [2025-01-26T22:20:41.377-0300] {dag.py:3036} INFO - Sync 1 DAGs
[2025-01-26T22:20:41.395-0300] {logging_mixin.py:188} INFO - [2025-01-26T22:20:41.395-0300] {dag.py:3823} INFO - Setting next_dagrun for load to 2025-01-27 00:00:00+00:00, run_after=2025-01-28 00:00:00+00:00
[2025-01-26T22:20:41.471-0300] {processor.py:183} INFO - Processing /home/victor/Desktop/TESTE/code-challenge/orchestrate/airflow/dags/stage2.py took 0.143 seconds
[2025-01-26T22:21:14.045-0300] {processor.py:161} INFO - Started process (PID=90827) to work on /home/victor/Desktop/TESTE/code-challenge/orchestrate/airflow/dags/stage2.py
[2025-01-26T22:21:14.045-0300] {processor.py:830} INFO - Processing file /home/victor/Desktop/TESTE/code-challenge/orchestrate/airflow/dags/stage2.py for tasks to queue
[2025-01-26T22:21:14.046-0300] {logging_mixin.py:188} INFO - [2025-01-26T22:21:14.046-0300] {dagbag.py:538} INFO - Filling up the DagBag from /home/victor/Desktop/TESTE/code-challenge/orchestrate/airflow/dags/stage2.py
[2025-01-26T22:21:14.057-0300] {processor.py:840} INFO - DAG(s) 'load' retrieved from /home/victor/Desktop/TESTE/code-challenge/orchestrate/airflow/dags/stage2.py
[2025-01-26T22:21:14.072-0300] {logging_mixin.py:188} INFO - [2025-01-26T22:21:14.072-0300] {dag.py:3036} INFO - Sync 1 DAGs
[2025-01-26T22:21:14.090-0300] {logging_mixin.py:188} INFO - [2025-01-26T22:21:14.089-0300] {dag.py:3823} INFO - Setting next_dagrun for load to 2025-01-27 00:00:00+00:00, run_after=2025-01-28 00:00:00+00:00
[2025-01-26T22:21:14.170-0300] {processor.py:183} INFO - Processing /home/victor/Desktop/TESTE/code-challenge/orchestrate/airflow/dags/stage2.py took 0.130 seconds
[2025-01-26T22:21:47.458-0300] {processor.py:161} INFO - Started process (PID=90972) to work on /home/victor/Desktop/TESTE/code-challenge/orchestrate/airflow/dags/stage2.py
[2025-01-26T22:21:47.475-0300] {processor.py:830} INFO - Processing file /home/victor/Desktop/TESTE/code-challenge/orchestrate/airflow/dags/stage2.py for tasks to queue
[2025-01-26T22:21:47.476-0300] {logging_mixin.py:188} INFO - [2025-01-26T22:21:47.476-0300] {dagbag.py:538} INFO - Filling up the DagBag from /home/victor/Desktop/TESTE/code-challenge/orchestrate/airflow/dags/stage2.py
[2025-01-26T22:21:47.487-0300] {processor.py:840} INFO - DAG(s) 'load' retrieved from /home/victor/Desktop/TESTE/code-challenge/orchestrate/airflow/dags/stage2.py
[2025-01-26T22:21:47.502-0300] {logging_mixin.py:188} INFO - [2025-01-26T22:21:47.502-0300] {dag.py:3036} INFO - Sync 1 DAGs
[2025-01-26T22:21:47.521-0300] {logging_mixin.py:188} INFO - [2025-01-26T22:21:47.521-0300] {dag.py:3823} INFO - Setting next_dagrun for load to 2025-01-27 00:00:00+00:00, run_after=2025-01-28 00:00:00+00:00
[2025-01-26T22:21:47.618-0300] {processor.py:183} INFO - Processing /home/victor/Desktop/TESTE/code-challenge/orchestrate/airflow/dags/stage2.py took 0.162 seconds
[2025-01-26T22:22:20.992-0300] {processor.py:161} INFO - Started process (PID=91067) to work on /home/victor/Desktop/TESTE/code-challenge/orchestrate/airflow/dags/stage2.py
[2025-01-26T22:22:20.992-0300] {processor.py:830} INFO - Processing file /home/victor/Desktop/TESTE/code-challenge/orchestrate/airflow/dags/stage2.py for tasks to queue
[2025-01-26T22:22:20.993-0300] {logging_mixin.py:188} INFO - [2025-01-26T22:22:20.993-0300] {dagbag.py:538} INFO - Filling up the DagBag from /home/victor/Desktop/TESTE/code-challenge/orchestrate/airflow/dags/stage2.py
[2025-01-26T22:22:21.002-0300] {processor.py:840} INFO - DAG(s) 'load' retrieved from /home/victor/Desktop/TESTE/code-challenge/orchestrate/airflow/dags/stage2.py
[2025-01-26T22:22:21.020-0300] {logging_mixin.py:188} INFO - [2025-01-26T22:22:21.020-0300] {dag.py:3036} INFO - Sync 1 DAGs
[2025-01-26T22:22:21.035-0300] {logging_mixin.py:188} INFO - [2025-01-26T22:22:21.035-0300] {dag.py:3823} INFO - Setting next_dagrun for load to 2025-01-27 00:00:00+00:00, run_after=2025-01-28 00:00:00+00:00
[2025-01-26T22:22:21.119-0300] {processor.py:183} INFO - Processing /home/victor/Desktop/TESTE/code-challenge/orchestrate/airflow/dags/stage2.py took 0.129 seconds
[2025-01-26T22:22:55.120-0300] {processor.py:161} INFO - Started process (PID=91165) to work on /home/victor/Desktop/TESTE/code-challenge/orchestrate/airflow/dags/stage2.py
[2025-01-26T22:22:55.137-0300] {processor.py:830} INFO - Processing file /home/victor/Desktop/TESTE/code-challenge/orchestrate/airflow/dags/stage2.py for tasks to queue
[2025-01-26T22:22:55.138-0300] {logging_mixin.py:188} INFO - [2025-01-26T22:22:55.138-0300] {dagbag.py:538} INFO - Filling up the DagBag from /home/victor/Desktop/TESTE/code-challenge/orchestrate/airflow/dags/stage2.py
[2025-01-26T22:22:55.151-0300] {processor.py:840} INFO - DAG(s) 'load' retrieved from /home/victor/Desktop/TESTE/code-challenge/orchestrate/airflow/dags/stage2.py
[2025-01-26T22:22:55.167-0300] {logging_mixin.py:188} INFO - [2025-01-26T22:22:55.167-0300] {dag.py:3036} INFO - Sync 1 DAGs
[2025-01-26T22:22:55.185-0300] {logging_mixin.py:188} INFO - [2025-01-26T22:22:55.185-0300] {dag.py:3823} INFO - Setting next_dagrun for load to 2025-01-27 00:00:00+00:00, run_after=2025-01-28 00:00:00+00:00
[2025-01-26T22:22:55.256-0300] {processor.py:183} INFO - Processing /home/victor/Desktop/TESTE/code-challenge/orchestrate/airflow/dags/stage2.py took 0.139 seconds
[2025-01-26T22:23:27.942-0300] {processor.py:161} INFO - Started process (PID=91271) to work on /home/victor/Desktop/TESTE/code-challenge/orchestrate/airflow/dags/stage2.py
[2025-01-26T22:23:27.944-0300] {processor.py:830} INFO - Processing file /home/victor/Desktop/TESTE/code-challenge/orchestrate/airflow/dags/stage2.py for tasks to queue
[2025-01-26T22:23:27.945-0300] {logging_mixin.py:188} INFO - [2025-01-26T22:23:27.944-0300] {dagbag.py:538} INFO - Filling up the DagBag from /home/victor/Desktop/TESTE/code-challenge/orchestrate/airflow/dags/stage2.py
[2025-01-26T22:23:27.956-0300] {processor.py:840} INFO - DAG(s) 'load' retrieved from /home/victor/Desktop/TESTE/code-challenge/orchestrate/airflow/dags/stage2.py
[2025-01-26T22:23:27.972-0300] {logging_mixin.py:188} INFO - [2025-01-26T22:23:27.972-0300] {dag.py:3036} INFO - Sync 1 DAGs
[2025-01-26T22:23:27.991-0300] {logging_mixin.py:188} INFO - [2025-01-26T22:23:27.991-0300] {dag.py:3823} INFO - Setting next_dagrun for load to 2025-01-27 00:00:00+00:00, run_after=2025-01-28 00:00:00+00:00
[2025-01-26T22:23:28.081-0300] {processor.py:183} INFO - Processing /home/victor/Desktop/TESTE/code-challenge/orchestrate/airflow/dags/stage2.py took 0.142 seconds
[2025-01-26T22:24:00.803-0300] {processor.py:161} INFO - Started process (PID=91363) to work on /home/victor/Desktop/TESTE/code-challenge/orchestrate/airflow/dags/stage2.py
[2025-01-26T22:24:00.886-0300] {processor.py:830} INFO - Processing file /home/victor/Desktop/TESTE/code-challenge/orchestrate/airflow/dags/stage2.py for tasks to queue
[2025-01-26T22:24:00.887-0300] {logging_mixin.py:188} INFO - [2025-01-26T22:24:00.887-0300] {dagbag.py:538} INFO - Filling up the DagBag from /home/victor/Desktop/TESTE/code-challenge/orchestrate/airflow/dags/stage2.py
[2025-01-26T22:24:00.897-0300] {processor.py:840} INFO - DAG(s) 'load' retrieved from /home/victor/Desktop/TESTE/code-challenge/orchestrate/airflow/dags/stage2.py
[2025-01-26T22:24:00.917-0300] {logging_mixin.py:188} INFO - [2025-01-26T22:24:00.917-0300] {dag.py:3036} INFO - Sync 1 DAGs
[2025-01-26T22:24:00.931-0300] {logging_mixin.py:188} INFO - [2025-01-26T22:24:00.930-0300] {dag.py:3823} INFO - Setting next_dagrun for load to 2025-01-27 00:00:00+00:00, run_after=2025-01-28 00:00:00+00:00
[2025-01-26T22:24:01.025-0300] {processor.py:183} INFO - Processing /home/victor/Desktop/TESTE/code-challenge/orchestrate/airflow/dags/stage2.py took 0.224 seconds
[2025-01-26T22:24:33.467-0300] {processor.py:161} INFO - Started process (PID=91487) to work on /home/victor/Desktop/TESTE/code-challenge/orchestrate/airflow/dags/stage2.py
[2025-01-26T22:24:33.467-0300] {processor.py:830} INFO - Processing file /home/victor/Desktop/TESTE/code-challenge/orchestrate/airflow/dags/stage2.py for tasks to queue
[2025-01-26T22:24:33.468-0300] {logging_mixin.py:188} INFO - [2025-01-26T22:24:33.468-0300] {dagbag.py:538} INFO - Filling up the DagBag from /home/victor/Desktop/TESTE/code-challenge/orchestrate/airflow/dags/stage2.py
[2025-01-26T22:24:33.480-0300] {processor.py:840} INFO - DAG(s) 'load' retrieved from /home/victor/Desktop/TESTE/code-challenge/orchestrate/airflow/dags/stage2.py
[2025-01-26T22:24:33.496-0300] {logging_mixin.py:188} INFO - [2025-01-26T22:24:33.496-0300] {dag.py:3036} INFO - Sync 1 DAGs
[2025-01-26T22:24:33.512-0300] {logging_mixin.py:188} INFO - [2025-01-26T22:24:33.511-0300] {dag.py:3823} INFO - Setting next_dagrun for load to 2025-01-27 00:00:00+00:00, run_after=2025-01-28 00:00:00+00:00
[2025-01-26T22:24:33.605-0300] {processor.py:183} INFO - Processing /home/victor/Desktop/TESTE/code-challenge/orchestrate/airflow/dags/stage2.py took 0.141 seconds
[2025-01-26T22:25:06.675-0300] {processor.py:161} INFO - Started process (PID=91605) to work on /home/victor/Desktop/TESTE/code-challenge/orchestrate/airflow/dags/stage2.py
[2025-01-26T22:25:06.690-0300] {processor.py:830} INFO - Processing file /home/victor/Desktop/TESTE/code-challenge/orchestrate/airflow/dags/stage2.py for tasks to queue
[2025-01-26T22:25:06.691-0300] {logging_mixin.py:188} INFO - [2025-01-26T22:25:06.691-0300] {dagbag.py:538} INFO - Filling up the DagBag from /home/victor/Desktop/TESTE/code-challenge/orchestrate/airflow/dags/stage2.py
[2025-01-26T22:25:06.701-0300] {processor.py:840} INFO - DAG(s) 'load' retrieved from /home/victor/Desktop/TESTE/code-challenge/orchestrate/airflow/dags/stage2.py
[2025-01-26T22:25:06.720-0300] {logging_mixin.py:188} INFO - [2025-01-26T22:25:06.720-0300] {dag.py:3036} INFO - Sync 1 DAGs
[2025-01-26T22:25:06.734-0300] {logging_mixin.py:188} INFO - [2025-01-26T22:25:06.734-0300] {dag.py:3823} INFO - Setting next_dagrun for load to 2025-01-27 00:00:00+00:00, run_after=2025-01-28 00:00:00+00:00
[2025-01-26T22:25:06.821-0300] {processor.py:183} INFO - Processing /home/victor/Desktop/TESTE/code-challenge/orchestrate/airflow/dags/stage2.py took 0.150 seconds
[2025-01-26T22:25:42.815-0300] {processor.py:161} INFO - Started process (PID=91699) to work on /home/victor/Desktop/TESTE/code-challenge/orchestrate/airflow/dags/stage2.py
[2025-01-26T22:25:42.830-0300] {processor.py:830} INFO - Processing file /home/victor/Desktop/TESTE/code-challenge/orchestrate/airflow/dags/stage2.py for tasks to queue
[2025-01-26T22:25:42.831-0300] {logging_mixin.py:188} INFO - [2025-01-26T22:25:42.830-0300] {dagbag.py:538} INFO - Filling up the DagBag from /home/victor/Desktop/TESTE/code-challenge/orchestrate/airflow/dags/stage2.py
[2025-01-26T22:25:42.840-0300] {processor.py:840} INFO - DAG(s) 'load' retrieved from /home/victor/Desktop/TESTE/code-challenge/orchestrate/airflow/dags/stage2.py
[2025-01-26T22:25:42.862-0300] {logging_mixin.py:188} INFO - [2025-01-26T22:25:42.861-0300] {dag.py:3036} INFO - Sync 1 DAGs
[2025-01-26T22:25:42.877-0300] {logging_mixin.py:188} INFO - [2025-01-26T22:25:42.877-0300] {dag.py:3823} INFO - Setting next_dagrun for load to 2025-01-27 00:00:00+00:00, run_after=2025-01-28 00:00:00+00:00
[2025-01-26T22:25:42.969-0300] {processor.py:183} INFO - Processing /home/victor/Desktop/TESTE/code-challenge/orchestrate/airflow/dags/stage2.py took 0.158 seconds
[2025-01-26T22:26:18.041-0300] {processor.py:161} INFO - Started process (PID=91846) to work on /home/victor/Desktop/TESTE/code-challenge/orchestrate/airflow/dags/stage2.py
[2025-01-26T22:26:18.061-0300] {processor.py:830} INFO - Processing file /home/victor/Desktop/TESTE/code-challenge/orchestrate/airflow/dags/stage2.py for tasks to queue
[2025-01-26T22:26:18.061-0300] {logging_mixin.py:188} INFO - [2025-01-26T22:26:18.061-0300] {dagbag.py:538} INFO - Filling up the DagBag from /home/victor/Desktop/TESTE/code-challenge/orchestrate/airflow/dags/stage2.py
[2025-01-26T22:26:18.070-0300] {processor.py:840} INFO - DAG(s) 'load' retrieved from /home/victor/Desktop/TESTE/code-challenge/orchestrate/airflow/dags/stage2.py
[2025-01-26T22:26:18.088-0300] {logging_mixin.py:188} INFO - [2025-01-26T22:26:18.088-0300] {dag.py:3036} INFO - Sync 1 DAGs
[2025-01-26T22:26:18.104-0300] {logging_mixin.py:188} INFO - [2025-01-26T22:26:18.103-0300] {dag.py:3823} INFO - Setting next_dagrun for load to 2025-01-27 00:00:00+00:00, run_after=2025-01-28 00:00:00+00:00
[2025-01-26T22:26:18.207-0300] {processor.py:183} INFO - Processing /home/victor/Desktop/TESTE/code-challenge/orchestrate/airflow/dags/stage2.py took 0.168 seconds
[2025-01-26T22:26:50.445-0300] {processor.py:161} INFO - Started process (PID=91969) to work on /home/victor/Desktop/TESTE/code-challenge/orchestrate/airflow/dags/stage2.py
[2025-01-26T22:26:50.467-0300] {processor.py:830} INFO - Processing file /home/victor/Desktop/TESTE/code-challenge/orchestrate/airflow/dags/stage2.py for tasks to queue
[2025-01-26T22:26:50.468-0300] {logging_mixin.py:188} INFO - [2025-01-26T22:26:50.467-0300] {dagbag.py:538} INFO - Filling up the DagBag from /home/victor/Desktop/TESTE/code-challenge/orchestrate/airflow/dags/stage2.py
[2025-01-26T22:26:50.480-0300] {processor.py:840} INFO - DAG(s) 'load' retrieved from /home/victor/Desktop/TESTE/code-challenge/orchestrate/airflow/dags/stage2.py
[2025-01-26T22:26:50.494-0300] {logging_mixin.py:188} INFO - [2025-01-26T22:26:50.494-0300] {dag.py:3036} INFO - Sync 1 DAGs
[2025-01-26T22:26:50.511-0300] {logging_mixin.py:188} INFO - [2025-01-26T22:26:50.511-0300] {dag.py:3823} INFO - Setting next_dagrun for load to 2025-01-27 00:00:00+00:00, run_after=2025-01-28 00:00:00+00:00
[2025-01-26T22:26:50.581-0300] {processor.py:183} INFO - Processing /home/victor/Desktop/TESTE/code-challenge/orchestrate/airflow/dags/stage2.py took 0.140 seconds
[2025-01-26T22:27:22.857-0300] {processor.py:161} INFO - Started process (PID=92069) to work on /home/victor/Desktop/TESTE/code-challenge/orchestrate/airflow/dags/stage2.py
[2025-01-26T22:27:22.857-0300] {processor.py:830} INFO - Processing file /home/victor/Desktop/TESTE/code-challenge/orchestrate/airflow/dags/stage2.py for tasks to queue
[2025-01-26T22:27:22.858-0300] {logging_mixin.py:188} INFO - [2025-01-26T22:27:22.858-0300] {dagbag.py:538} INFO - Filling up the DagBag from /home/victor/Desktop/TESTE/code-challenge/orchestrate/airflow/dags/stage2.py
[2025-01-26T22:27:22.868-0300] {processor.py:840} INFO - DAG(s) 'load' retrieved from /home/victor/Desktop/TESTE/code-challenge/orchestrate/airflow/dags/stage2.py
[2025-01-26T22:27:22.885-0300] {logging_mixin.py:188} INFO - [2025-01-26T22:27:22.885-0300] {dag.py:3036} INFO - Sync 1 DAGs
[2025-01-26T22:27:22.899-0300] {logging_mixin.py:188} INFO - [2025-01-26T22:27:22.899-0300] {dag.py:3823} INFO - Setting next_dagrun for load to 2025-01-27 00:00:00+00:00, run_after=2025-01-28 00:00:00+00:00
[2025-01-26T22:27:22.985-0300] {processor.py:183} INFO - Processing /home/victor/Desktop/TESTE/code-challenge/orchestrate/airflow/dags/stage2.py took 0.131 seconds
[2025-01-26T22:27:56.765-0300] {processor.py:161} INFO - Started process (PID=92170) to work on /home/victor/Desktop/TESTE/code-challenge/orchestrate/airflow/dags/stage2.py
[2025-01-26T22:27:56.783-0300] {processor.py:830} INFO - Processing file /home/victor/Desktop/TESTE/code-challenge/orchestrate/airflow/dags/stage2.py for tasks to queue
[2025-01-26T22:27:56.784-0300] {logging_mixin.py:188} INFO - [2025-01-26T22:27:56.783-0300] {dagbag.py:538} INFO - Filling up the DagBag from /home/victor/Desktop/TESTE/code-challenge/orchestrate/airflow/dags/stage2.py
[2025-01-26T22:27:56.794-0300] {processor.py:840} INFO - DAG(s) 'load' retrieved from /home/victor/Desktop/TESTE/code-challenge/orchestrate/airflow/dags/stage2.py
[2025-01-26T22:27:56.811-0300] {logging_mixin.py:188} INFO - [2025-01-26T22:27:56.811-0300] {dag.py:3036} INFO - Sync 1 DAGs
[2025-01-26T22:27:56.824-0300] {logging_mixin.py:188} INFO - [2025-01-26T22:27:56.824-0300] {dag.py:3823} INFO - Setting next_dagrun for load to 2025-01-27 00:00:00+00:00, run_after=2025-01-28 00:00:00+00:00
[2025-01-26T22:27:56.936-0300] {processor.py:183} INFO - Processing /home/victor/Desktop/TESTE/code-challenge/orchestrate/airflow/dags/stage2.py took 0.175 seconds
[2025-01-26T22:28:28.980-0300] {processor.py:161} INFO - Started process (PID=92301) to work on /home/victor/Desktop/TESTE/code-challenge/orchestrate/airflow/dags/stage2.py
[2025-01-26T22:28:28.981-0300] {processor.py:830} INFO - Processing file /home/victor/Desktop/TESTE/code-challenge/orchestrate/airflow/dags/stage2.py for tasks to queue
[2025-01-26T22:28:28.981-0300] {logging_mixin.py:188} INFO - [2025-01-26T22:28:28.981-0300] {dagbag.py:538} INFO - Filling up the DagBag from /home/victor/Desktop/TESTE/code-challenge/orchestrate/airflow/dags/stage2.py
[2025-01-26T22:28:28.990-0300] {processor.py:840} INFO - DAG(s) 'load' retrieved from /home/victor/Desktop/TESTE/code-challenge/orchestrate/airflow/dags/stage2.py
[2025-01-26T22:28:29.009-0300] {logging_mixin.py:188} INFO - [2025-01-26T22:28:29.009-0300] {dag.py:3036} INFO - Sync 1 DAGs
[2025-01-26T22:28:29.025-0300] {logging_mixin.py:188} INFO - [2025-01-26T22:28:29.025-0300] {dag.py:3823} INFO - Setting next_dagrun for load to 2025-01-27 00:00:00+00:00, run_after=2025-01-28 00:00:00+00:00
[2025-01-26T22:28:29.624-0300] {processor.py:183} INFO - Processing /home/victor/Desktop/TESTE/code-challenge/orchestrate/airflow/dags/stage2.py took 0.646 seconds
[2025-01-26T22:29:01.196-0300] {processor.py:161} INFO - Started process (PID=92384) to work on /home/victor/Desktop/TESTE/code-challenge/orchestrate/airflow/dags/stage2.py
[2025-01-26T22:29:01.241-0300] {processor.py:830} INFO - Processing file /home/victor/Desktop/TESTE/code-challenge/orchestrate/airflow/dags/stage2.py for tasks to queue
[2025-01-26T22:29:01.242-0300] {logging_mixin.py:188} INFO - [2025-01-26T22:29:01.241-0300] {dagbag.py:538} INFO - Filling up the DagBag from /home/victor/Desktop/TESTE/code-challenge/orchestrate/airflow/dags/stage2.py
[2025-01-26T22:29:01.252-0300] {processor.py:840} INFO - DAG(s) 'load' retrieved from /home/victor/Desktop/TESTE/code-challenge/orchestrate/airflow/dags/stage2.py
[2025-01-26T22:29:01.271-0300] {logging_mixin.py:188} INFO - [2025-01-26T22:29:01.271-0300] {dag.py:3036} INFO - Sync 1 DAGs
[2025-01-26T22:29:01.289-0300] {logging_mixin.py:188} INFO - [2025-01-26T22:29:01.288-0300] {dag.py:3823} INFO - Setting next_dagrun for load to 2025-01-27 00:00:00+00:00, run_after=2025-01-28 00:00:00+00:00
[2025-01-26T22:29:01.371-0300] {processor.py:183} INFO - Processing /home/victor/Desktop/TESTE/code-challenge/orchestrate/airflow/dags/stage2.py took 0.178 seconds
[2025-01-26T22:29:33.408-0300] {processor.py:161} INFO - Started process (PID=92478) to work on /home/victor/Desktop/TESTE/code-challenge/orchestrate/airflow/dags/stage2.py
[2025-01-26T22:29:33.409-0300] {processor.py:830} INFO - Processing file /home/victor/Desktop/TESTE/code-challenge/orchestrate/airflow/dags/stage2.py for tasks to queue
[2025-01-26T22:29:33.410-0300] {logging_mixin.py:188} INFO - [2025-01-26T22:29:33.409-0300] {dagbag.py:538} INFO - Filling up the DagBag from /home/victor/Desktop/TESTE/code-challenge/orchestrate/airflow/dags/stage2.py
[2025-01-26T22:29:33.421-0300] {processor.py:840} INFO - DAG(s) 'load' retrieved from /home/victor/Desktop/TESTE/code-challenge/orchestrate/airflow/dags/stage2.py
[2025-01-26T22:29:33.438-0300] {logging_mixin.py:188} INFO - [2025-01-26T22:29:33.438-0300] {dag.py:3036} INFO - Sync 1 DAGs
[2025-01-26T22:29:33.453-0300] {logging_mixin.py:188} INFO - [2025-01-26T22:29:33.452-0300] {dag.py:3823} INFO - Setting next_dagrun for load to 2025-01-27 00:00:00+00:00, run_after=2025-01-28 00:00:00+00:00
[2025-01-26T22:29:33.522-0300] {processor.py:183} INFO - Processing /home/victor/Desktop/TESTE/code-challenge/orchestrate/airflow/dags/stage2.py took 0.115 seconds
[2025-01-26T22:30:05.615-0300] {processor.py:161} INFO - Started process (PID=92603) to work on /home/victor/Desktop/TESTE/code-challenge/orchestrate/airflow/dags/stage2.py
[2025-01-26T22:30:05.636-0300] {processor.py:830} INFO - Processing file /home/victor/Desktop/TESTE/code-challenge/orchestrate/airflow/dags/stage2.py for tasks to queue
[2025-01-26T22:30:05.637-0300] {logging_mixin.py:188} INFO - [2025-01-26T22:30:05.637-0300] {dagbag.py:538} INFO - Filling up the DagBag from /home/victor/Desktop/TESTE/code-challenge/orchestrate/airflow/dags/stage2.py
[2025-01-26T22:30:05.647-0300] {processor.py:840} INFO - DAG(s) 'load' retrieved from /home/victor/Desktop/TESTE/code-challenge/orchestrate/airflow/dags/stage2.py
[2025-01-26T22:30:05.662-0300] {logging_mixin.py:188} INFO - [2025-01-26T22:30:05.662-0300] {dag.py:3036} INFO - Sync 1 DAGs
[2025-01-26T22:30:05.679-0300] {logging_mixin.py:188} INFO - [2025-01-26T22:30:05.679-0300] {dag.py:3823} INFO - Setting next_dagrun for load to 2025-01-27 00:00:00+00:00, run_after=2025-01-28 00:00:00+00:00
[2025-01-26T22:30:05.741-0300] {processor.py:183} INFO - Processing /home/victor/Desktop/TESTE/code-challenge/orchestrate/airflow/dags/stage2.py took 0.128 seconds
[2025-01-26T22:30:38.274-0300] {processor.py:161} INFO - Started process (PID=92712) to work on /home/victor/Desktop/TESTE/code-challenge/orchestrate/airflow/dags/stage2.py
[2025-01-26T22:30:38.275-0300] {processor.py:830} INFO - Processing file /home/victor/Desktop/TESTE/code-challenge/orchestrate/airflow/dags/stage2.py for tasks to queue
[2025-01-26T22:30:38.275-0300] {logging_mixin.py:188} INFO - [2025-01-26T22:30:38.275-0300] {dagbag.py:538} INFO - Filling up the DagBag from /home/victor/Desktop/TESTE/code-challenge/orchestrate/airflow/dags/stage2.py
[2025-01-26T22:30:38.285-0300] {processor.py:840} INFO - DAG(s) 'load' retrieved from /home/victor/Desktop/TESTE/code-challenge/orchestrate/airflow/dags/stage2.py
[2025-01-26T22:30:38.303-0300] {logging_mixin.py:188} INFO - [2025-01-26T22:30:38.302-0300] {dag.py:3036} INFO - Sync 1 DAGs
[2025-01-26T22:30:38.318-0300] {logging_mixin.py:188} INFO - [2025-01-26T22:30:38.318-0300] {dag.py:3823} INFO - Setting next_dagrun for load to 2025-01-27 00:00:00+00:00, run_after=2025-01-28 00:00:00+00:00
[2025-01-26T22:30:38.406-0300] {processor.py:183} INFO - Processing /home/victor/Desktop/TESTE/code-challenge/orchestrate/airflow/dags/stage2.py took 0.135 seconds
[2025-01-26T22:31:10.378-0300] {processor.py:161} INFO - Started process (PID=92808) to work on /home/victor/Desktop/TESTE/code-challenge/orchestrate/airflow/dags/stage2.py
[2025-01-26T22:31:10.394-0300] {processor.py:830} INFO - Processing file /home/victor/Desktop/TESTE/code-challenge/orchestrate/airflow/dags/stage2.py for tasks to queue
[2025-01-26T22:31:10.395-0300] {logging_mixin.py:188} INFO - [2025-01-26T22:31:10.394-0300] {dagbag.py:538} INFO - Filling up the DagBag from /home/victor/Desktop/TESTE/code-challenge/orchestrate/airflow/dags/stage2.py
[2025-01-26T22:31:10.405-0300] {processor.py:840} INFO - DAG(s) 'load' retrieved from /home/victor/Desktop/TESTE/code-challenge/orchestrate/airflow/dags/stage2.py
[2025-01-26T22:31:10.419-0300] {logging_mixin.py:188} INFO - [2025-01-26T22:31:10.419-0300] {dag.py:3036} INFO - Sync 1 DAGs
[2025-01-26T22:31:10.438-0300] {logging_mixin.py:188} INFO - [2025-01-26T22:31:10.438-0300] {dag.py:3823} INFO - Setting next_dagrun for load to 2025-01-27 00:00:00+00:00, run_after=2025-01-28 00:00:00+00:00
[2025-01-26T22:31:10.521-0300] {processor.py:183} INFO - Processing /home/victor/Desktop/TESTE/code-challenge/orchestrate/airflow/dags/stage2.py took 0.146 seconds
[2025-01-26T22:31:43.891-0300] {processor.py:161} INFO - Started process (PID=92933) to work on /home/victor/Desktop/TESTE/code-challenge/orchestrate/airflow/dags/stage2.py
[2025-01-26T22:31:43.908-0300] {processor.py:830} INFO - Processing file /home/victor/Desktop/TESTE/code-challenge/orchestrate/airflow/dags/stage2.py for tasks to queue
[2025-01-26T22:31:43.909-0300] {logging_mixin.py:188} INFO - [2025-01-26T22:31:43.909-0300] {dagbag.py:538} INFO - Filling up the DagBag from /home/victor/Desktop/TESTE/code-challenge/orchestrate/airflow/dags/stage2.py
[2025-01-26T22:31:43.920-0300] {processor.py:840} INFO - DAG(s) 'load' retrieved from /home/victor/Desktop/TESTE/code-challenge/orchestrate/airflow/dags/stage2.py
[2025-01-26T22:31:43.937-0300] {logging_mixin.py:188} INFO - [2025-01-26T22:31:43.937-0300] {dag.py:3036} INFO - Sync 1 DAGs
[2025-01-26T22:31:43.952-0300] {logging_mixin.py:188} INFO - [2025-01-26T22:31:43.952-0300] {dag.py:3823} INFO - Setting next_dagrun for load to 2025-01-27 00:00:00+00:00, run_after=2025-01-28 00:00:00+00:00
[2025-01-26T22:31:44.036-0300] {processor.py:183} INFO - Processing /home/victor/Desktop/TESTE/code-challenge/orchestrate/airflow/dags/stage2.py took 0.148 seconds
[2025-01-26T22:32:16.133-0300] {processor.py:161} INFO - Started process (PID=93036) to work on /home/victor/Desktop/TESTE/code-challenge/orchestrate/airflow/dags/stage2.py
[2025-01-26T22:32:16.134-0300] {processor.py:830} INFO - Processing file /home/victor/Desktop/TESTE/code-challenge/orchestrate/airflow/dags/stage2.py for tasks to queue
[2025-01-26T22:32:16.134-0300] {logging_mixin.py:188} INFO - [2025-01-26T22:32:16.134-0300] {dagbag.py:538} INFO - Filling up the DagBag from /home/victor/Desktop/TESTE/code-challenge/orchestrate/airflow/dags/stage2.py
[2025-01-26T22:32:16.144-0300] {processor.py:840} INFO - DAG(s) 'load' retrieved from /home/victor/Desktop/TESTE/code-challenge/orchestrate/airflow/dags/stage2.py
[2025-01-26T22:32:16.163-0300] {logging_mixin.py:188} INFO - [2025-01-26T22:32:16.163-0300] {dag.py:3036} INFO - Sync 1 DAGs
[2025-01-26T22:32:16.176-0300] {logging_mixin.py:188} INFO - [2025-01-26T22:32:16.176-0300] {dag.py:3823} INFO - Setting next_dagrun for load to 2025-01-27 00:00:00+00:00, run_after=2025-01-28 00:00:00+00:00
[2025-01-26T22:32:16.266-0300] {processor.py:183} INFO - Processing /home/victor/Desktop/TESTE/code-challenge/orchestrate/airflow/dags/stage2.py took 0.136 seconds
[2025-01-26T22:32:48.701-0300] {processor.py:161} INFO - Started process (PID=93175) to work on /home/victor/Desktop/TESTE/code-challenge/orchestrate/airflow/dags/stage2.py
[2025-01-26T22:32:48.736-0300] {processor.py:830} INFO - Processing file /home/victor/Desktop/TESTE/code-challenge/orchestrate/airflow/dags/stage2.py for tasks to queue
[2025-01-26T22:32:48.737-0300] {logging_mixin.py:188} INFO - [2025-01-26T22:32:48.737-0300] {dagbag.py:538} INFO - Filling up the DagBag from /home/victor/Desktop/TESTE/code-challenge/orchestrate/airflow/dags/stage2.py
[2025-01-26T22:32:48.748-0300] {processor.py:840} INFO - DAG(s) 'load' retrieved from /home/victor/Desktop/TESTE/code-challenge/orchestrate/airflow/dags/stage2.py
[2025-01-26T22:32:48.767-0300] {logging_mixin.py:188} INFO - [2025-01-26T22:32:48.766-0300] {dag.py:3036} INFO - Sync 1 DAGs
[2025-01-26T22:32:48.783-0300] {logging_mixin.py:188} INFO - [2025-01-26T22:32:48.783-0300] {dag.py:3823} INFO - Setting next_dagrun for load to 2025-01-27 00:00:00+00:00, run_after=2025-01-28 00:00:00+00:00
[2025-01-26T22:32:48.872-0300] {processor.py:183} INFO - Processing /home/victor/Desktop/TESTE/code-challenge/orchestrate/airflow/dags/stage2.py took 0.173 seconds
[2025-01-26T22:33:24.745-0300] {processor.py:161} INFO - Started process (PID=93267) to work on /home/victor/Desktop/TESTE/code-challenge/orchestrate/airflow/dags/stage2.py
[2025-01-26T22:33:24.759-0300] {processor.py:830} INFO - Processing file /home/victor/Desktop/TESTE/code-challenge/orchestrate/airflow/dags/stage2.py for tasks to queue
[2025-01-26T22:33:24.761-0300] {logging_mixin.py:188} INFO - [2025-01-26T22:33:24.760-0300] {dagbag.py:538} INFO - Filling up the DagBag from /home/victor/Desktop/TESTE/code-challenge/orchestrate/airflow/dags/stage2.py
[2025-01-26T22:33:24.773-0300] {processor.py:840} INFO - DAG(s) 'load' retrieved from /home/victor/Desktop/TESTE/code-challenge/orchestrate/airflow/dags/stage2.py
[2025-01-26T22:33:24.788-0300] {logging_mixin.py:188} INFO - [2025-01-26T22:33:24.788-0300] {dag.py:3036} INFO - Sync 1 DAGs
[2025-01-26T22:33:24.807-0300] {logging_mixin.py:188} INFO - [2025-01-26T22:33:24.807-0300] {dag.py:3823} INFO - Setting next_dagrun for load to 2025-01-27 00:00:00+00:00, run_after=2025-01-28 00:00:00+00:00
[2025-01-26T22:33:24.879-0300] {processor.py:183} INFO - Processing /home/victor/Desktop/TESTE/code-challenge/orchestrate/airflow/dags/stage2.py took 0.137 seconds
[2025-01-26T22:33:56.980-0300] {processor.py:161} INFO - Started process (PID=93378) to work on /home/victor/Desktop/TESTE/code-challenge/orchestrate/airflow/dags/stage2.py
[2025-01-26T22:33:56.981-0300] {processor.py:830} INFO - Processing file /home/victor/Desktop/TESTE/code-challenge/orchestrate/airflow/dags/stage2.py for tasks to queue
[2025-01-26T22:33:56.981-0300] {logging_mixin.py:188} INFO - [2025-01-26T22:33:56.981-0300] {dagbag.py:538} INFO - Filling up the DagBag from /home/victor/Desktop/TESTE/code-challenge/orchestrate/airflow/dags/stage2.py
[2025-01-26T22:33:56.992-0300] {processor.py:840} INFO - DAG(s) 'load' retrieved from /home/victor/Desktop/TESTE/code-challenge/orchestrate/airflow/dags/stage2.py
[2025-01-26T22:33:57.010-0300] {logging_mixin.py:188} INFO - [2025-01-26T22:33:57.009-0300] {dag.py:3036} INFO - Sync 1 DAGs
[2025-01-26T22:33:57.023-0300] {logging_mixin.py:188} INFO - [2025-01-26T22:33:57.023-0300] {dag.py:3823} INFO - Setting next_dagrun for load to 2025-01-27 00:00:00+00:00, run_after=2025-01-28 00:00:00+00:00
[2025-01-26T22:33:57.096-0300] {processor.py:183} INFO - Processing /home/victor/Desktop/TESTE/code-challenge/orchestrate/airflow/dags/stage2.py took 0.118 seconds
[2025-01-26T22:34:29.112-0300] {processor.py:161} INFO - Started process (PID=93471) to work on /home/victor/Desktop/TESTE/code-challenge/orchestrate/airflow/dags/stage2.py
[2025-01-26T22:34:29.138-0300] {processor.py:830} INFO - Processing file /home/victor/Desktop/TESTE/code-challenge/orchestrate/airflow/dags/stage2.py for tasks to queue
[2025-01-26T22:34:29.139-0300] {logging_mixin.py:188} INFO - [2025-01-26T22:34:29.139-0300] {dagbag.py:538} INFO - Filling up the DagBag from /home/victor/Desktop/TESTE/code-challenge/orchestrate/airflow/dags/stage2.py
[2025-01-26T22:34:29.148-0300] {processor.py:840} INFO - DAG(s) 'load' retrieved from /home/victor/Desktop/TESTE/code-challenge/orchestrate/airflow/dags/stage2.py
[2025-01-26T22:34:29.167-0300] {logging_mixin.py:188} INFO - [2025-01-26T22:34:29.167-0300] {dag.py:3036} INFO - Sync 1 DAGs
[2025-01-26T22:34:29.181-0300] {logging_mixin.py:188} INFO - [2025-01-26T22:34:29.181-0300] {dag.py:3823} INFO - Setting next_dagrun for load to 2025-01-27 00:00:00+00:00, run_after=2025-01-28 00:00:00+00:00
[2025-01-26T22:34:29.382-0300] {processor.py:183} INFO - Processing /home/victor/Desktop/TESTE/code-challenge/orchestrate/airflow/dags/stage2.py took 0.273 seconds
[2025-01-26T22:35:05.942-0300] {processor.py:161} INFO - Started process (PID=93617) to work on /home/victor/Desktop/TESTE/code-challenge/orchestrate/airflow/dags/stage2.py
[2025-01-26T22:35:05.961-0300] {processor.py:830} INFO - Processing file /home/victor/Desktop/TESTE/code-challenge/orchestrate/airflow/dags/stage2.py for tasks to queue
[2025-01-26T22:35:05.962-0300] {logging_mixin.py:188} INFO - [2025-01-26T22:35:05.961-0300] {dagbag.py:538} INFO - Filling up the DagBag from /home/victor/Desktop/TESTE/code-challenge/orchestrate/airflow/dags/stage2.py
[2025-01-26T22:35:05.971-0300] {processor.py:840} INFO - DAG(s) 'load' retrieved from /home/victor/Desktop/TESTE/code-challenge/orchestrate/airflow/dags/stage2.py
[2025-01-26T22:35:05.988-0300] {logging_mixin.py:188} INFO - [2025-01-26T22:35:05.987-0300] {dag.py:3036} INFO - Sync 1 DAGs
[2025-01-26T22:35:06.007-0300] {logging_mixin.py:188} INFO - [2025-01-26T22:35:06.007-0300] {dag.py:3823} INFO - Setting next_dagrun for load to 2025-01-27 00:00:00+00:00, run_after=2025-01-28 00:00:00+00:00
[2025-01-26T22:35:06.079-0300] {processor.py:183} INFO - Processing /home/victor/Desktop/TESTE/code-challenge/orchestrate/airflow/dags/stage2.py took 0.139 seconds
[2025-01-26T22:35:38.585-0300] {processor.py:161} INFO - Started process (PID=93707) to work on /home/victor/Desktop/TESTE/code-challenge/orchestrate/airflow/dags/stage2.py
[2025-01-26T22:35:38.609-0300] {processor.py:830} INFO - Processing file /home/victor/Desktop/TESTE/code-challenge/orchestrate/airflow/dags/stage2.py for tasks to queue
[2025-01-26T22:35:38.610-0300] {logging_mixin.py:188} INFO - [2025-01-26T22:35:38.609-0300] {dagbag.py:538} INFO - Filling up the DagBag from /home/victor/Desktop/TESTE/code-challenge/orchestrate/airflow/dags/stage2.py
[2025-01-26T22:35:38.623-0300] {processor.py:840} INFO - DAG(s) 'load' retrieved from /home/victor/Desktop/TESTE/code-challenge/orchestrate/airflow/dags/stage2.py
[2025-01-26T22:35:38.639-0300] {logging_mixin.py:188} INFO - [2025-01-26T22:35:38.639-0300] {dag.py:3036} INFO - Sync 1 DAGs
[2025-01-26T22:35:38.656-0300] {logging_mixin.py:188} INFO - [2025-01-26T22:35:38.656-0300] {dag.py:3823} INFO - Setting next_dagrun for load to 2025-01-27 00:00:00+00:00, run_after=2025-01-28 00:00:00+00:00
[2025-01-26T22:35:38.721-0300] {processor.py:183} INFO - Processing /home/victor/Desktop/TESTE/code-challenge/orchestrate/airflow/dags/stage2.py took 0.140 seconds
[2025-01-26T22:36:10.903-0300] {processor.py:161} INFO - Started process (PID=93804) to work on /home/victor/Desktop/TESTE/code-challenge/orchestrate/airflow/dags/stage2.py
[2025-01-26T22:36:10.904-0300] {processor.py:830} INFO - Processing file /home/victor/Desktop/TESTE/code-challenge/orchestrate/airflow/dags/stage2.py for tasks to queue
[2025-01-26T22:36:10.904-0300] {logging_mixin.py:188} INFO - [2025-01-26T22:36:10.904-0300] {dagbag.py:538} INFO - Filling up the DagBag from /home/victor/Desktop/TESTE/code-challenge/orchestrate/airflow/dags/stage2.py
[2025-01-26T22:36:10.915-0300] {processor.py:840} INFO - DAG(s) 'load' retrieved from /home/victor/Desktop/TESTE/code-challenge/orchestrate/airflow/dags/stage2.py
[2025-01-26T22:36:10.932-0300] {logging_mixin.py:188} INFO - [2025-01-26T22:36:10.932-0300] {dag.py:3036} INFO - Sync 1 DAGs
[2025-01-26T22:36:10.946-0300] {logging_mixin.py:188} INFO - [2025-01-26T22:36:10.946-0300] {dag.py:3823} INFO - Setting next_dagrun for load to 2025-01-27 00:00:00+00:00, run_after=2025-01-28 00:00:00+00:00
[2025-01-26T22:36:11.034-0300] {processor.py:183} INFO - Processing /home/victor/Desktop/TESTE/code-challenge/orchestrate/airflow/dags/stage2.py took 0.133 seconds
[2025-01-26T22:36:43.021-0300] {processor.py:161} INFO - Started process (PID=94025) to work on /home/victor/Desktop/TESTE/code-challenge/orchestrate/airflow/dags/stage2.py
[2025-01-26T22:36:43.047-0300] {processor.py:830} INFO - Processing file /home/victor/Desktop/TESTE/code-challenge/orchestrate/airflow/dags/stage2.py for tasks to queue
[2025-01-26T22:36:43.048-0300] {logging_mixin.py:188} INFO - [2025-01-26T22:36:43.047-0300] {dagbag.py:538} INFO - Filling up the DagBag from /home/victor/Desktop/TESTE/code-challenge/orchestrate/airflow/dags/stage2.py
[2025-01-26T22:36:43.058-0300] {processor.py:840} INFO - DAG(s) 'load' retrieved from /home/victor/Desktop/TESTE/code-challenge/orchestrate/airflow/dags/stage2.py
[2025-01-26T22:36:43.071-0300] {logging_mixin.py:188} INFO - [2025-01-26T22:36:43.071-0300] {dag.py:3036} INFO - Sync 1 DAGs
[2025-01-26T22:36:43.088-0300] {logging_mixin.py:188} INFO - [2025-01-26T22:36:43.088-0300] {dag.py:3823} INFO - Setting next_dagrun for load to 2025-01-27 00:00:00+00:00, run_after=2025-01-28 00:00:00+00:00
[2025-01-26T22:36:43.184-0300] {processor.py:183} INFO - Processing /home/victor/Desktop/TESTE/code-challenge/orchestrate/airflow/dags/stage2.py took 0.165 seconds
[2025-01-26T22:37:15.145-0300] {processor.py:161} INFO - Started process (PID=94133) to work on /home/victor/Desktop/TESTE/code-challenge/orchestrate/airflow/dags/stage2.py
[2025-01-26T22:37:15.161-0300] {processor.py:830} INFO - Processing file /home/victor/Desktop/TESTE/code-challenge/orchestrate/airflow/dags/stage2.py for tasks to queue
[2025-01-26T22:37:15.162-0300] {logging_mixin.py:188} INFO - [2025-01-26T22:37:15.161-0300] {dagbag.py:538} INFO - Filling up the DagBag from /home/victor/Desktop/TESTE/code-challenge/orchestrate/airflow/dags/stage2.py
[2025-01-26T22:37:15.170-0300] {processor.py:840} INFO - DAG(s) 'load' retrieved from /home/victor/Desktop/TESTE/code-challenge/orchestrate/airflow/dags/stage2.py
[2025-01-26T22:37:15.189-0300] {logging_mixin.py:188} INFO - [2025-01-26T22:37:15.188-0300] {dag.py:3036} INFO - Sync 1 DAGs
[2025-01-26T22:37:15.201-0300] {logging_mixin.py:188} INFO - [2025-01-26T22:37:15.201-0300] {dag.py:3823} INFO - Setting next_dagrun for load to 2025-01-27 00:00:00+00:00, run_after=2025-01-28 00:00:00+00:00
[2025-01-26T22:37:15.283-0300] {processor.py:183} INFO - Processing /home/victor/Desktop/TESTE/code-challenge/orchestrate/airflow/dags/stage2.py took 0.143 seconds
[2025-01-26T22:37:48.359-0300] {processor.py:161} INFO - Started process (PID=94309) to work on /home/victor/Desktop/TESTE/code-challenge/orchestrate/airflow/dags/stage2.py
[2025-01-26T22:37:48.359-0300] {processor.py:830} INFO - Processing file /home/victor/Desktop/TESTE/code-challenge/orchestrate/airflow/dags/stage2.py for tasks to queue
[2025-01-26T22:37:48.360-0300] {logging_mixin.py:188} INFO - [2025-01-26T22:37:48.360-0300] {dagbag.py:538} INFO - Filling up the DagBag from /home/victor/Desktop/TESTE/code-challenge/orchestrate/airflow/dags/stage2.py
[2025-01-26T22:37:48.368-0300] {processor.py:840} INFO - DAG(s) 'load' retrieved from /home/victor/Desktop/TESTE/code-challenge/orchestrate/airflow/dags/stage2.py
[2025-01-26T22:37:48.386-0300] {logging_mixin.py:188} INFO - [2025-01-26T22:37:48.386-0300] {dag.py:3036} INFO - Sync 1 DAGs
[2025-01-26T22:37:48.400-0300] {logging_mixin.py:188} INFO - [2025-01-26T22:37:48.400-0300] {dag.py:3823} INFO - Setting next_dagrun for load to 2025-01-27 00:00:00+00:00, run_after=2025-01-28 00:00:00+00:00
[2025-01-26T22:37:48.488-0300] {processor.py:183} INFO - Processing /home/victor/Desktop/TESTE/code-challenge/orchestrate/airflow/dags/stage2.py took 0.131 seconds
[2025-01-26T22:38:20.801-0300] {processor.py:161} INFO - Started process (PID=94415) to work on /home/victor/Desktop/TESTE/code-challenge/orchestrate/airflow/dags/stage2.py
[2025-01-26T22:38:20.815-0300] {processor.py:830} INFO - Processing file /home/victor/Desktop/TESTE/code-challenge/orchestrate/airflow/dags/stage2.py for tasks to queue
[2025-01-26T22:38:20.815-0300] {logging_mixin.py:188} INFO - [2025-01-26T22:38:20.815-0300] {dagbag.py:538} INFO - Filling up the DagBag from /home/victor/Desktop/TESTE/code-challenge/orchestrate/airflow/dags/stage2.py
[2025-01-26T22:38:20.827-0300] {processor.py:840} INFO - DAG(s) 'load' retrieved from /home/victor/Desktop/TESTE/code-challenge/orchestrate/airflow/dags/stage2.py
[2025-01-26T22:38:20.842-0300] {logging_mixin.py:188} INFO - [2025-01-26T22:38:20.842-0300] {dag.py:3036} INFO - Sync 1 DAGs
[2025-01-26T22:38:20.857-0300] {logging_mixin.py:188} INFO - [2025-01-26T22:38:20.857-0300] {dag.py:3823} INFO - Setting next_dagrun for load to 2025-01-27 00:00:00+00:00, run_after=2025-01-28 00:00:00+00:00
[2025-01-26T22:38:21.232-0300] {processor.py:183} INFO - Processing /home/victor/Desktop/TESTE/code-challenge/orchestrate/airflow/dags/stage2.py took 0.433 seconds
