[2025-01-27T19:21:26.298-0300] {processor.py:161} INFO - Started process (PID=191484) to work on /home/victor/Desktop/TESTE/code-challenge/orchestrate/airflow/dags/step2_manual.py
[2025-01-27T19:21:26.298-0300] {processor.py:830} INFO - Processing file /home/victor/Desktop/TESTE/code-challenge/orchestrate/airflow/dags/step2_manual.py for tasks to queue
[2025-01-27T19:21:26.299-0300] {logging_mixin.py:188} INFO - [2025-01-27T19:21:26.299-0300] {dagbag.py:538} INFO - Filling up the DagBag from /home/victor/Desktop/TESTE/code-challenge/orchestrate/airflow/dags/step2_manual.py
[2025-01-27T19:21:26.305-0300] {processor.py:840} INFO - DAG(s) 'load_data_manual' retrieved from /home/victor/Desktop/TESTE/code-challenge/orchestrate/airflow/dags/step2_manual.py
[2025-01-27T19:21:26.508-0300] {logging_mixin.py:188} INFO - [2025-01-27T19:21:26.507-0300] {override.py:1769} INFO - Created Permission View: can edit on DAG:load_data_manual
[2025-01-27T19:21:26.574-0300] {logging_mixin.py:188} INFO - [2025-01-27T19:21:26.574-0300] {override.py:1769} INFO - Created Permission View: can delete on DAG:load_data_manual
[2025-01-27T19:21:26.632-0300] {logging_mixin.py:188} INFO - [2025-01-27T19:21:26.632-0300] {override.py:1769} INFO - Created Permission View: can read on DAG:load_data_manual
[2025-01-27T19:21:26.633-0300] {logging_mixin.py:188} INFO - [2025-01-27T19:21:26.633-0300] {dag.py:3036} INFO - Sync 1 DAGs
[2025-01-27T19:21:26.639-0300] {logging_mixin.py:188} INFO - [2025-01-27T19:21:26.639-0300] {dag.py:3058} INFO - Creating ORM DAG for load_data_manual
[2025-01-27T19:21:26.643-0300] {logging_mixin.py:188} INFO - [2025-01-27T19:21:26.643-0300] {dag.py:3823} INFO - Setting next_dagrun for load_data_manual to 2025-01-26 00:00:00+00:00, run_after=2025-01-27 00:00:00+00:00
[2025-01-27T19:21:26.753-0300] {processor.py:183} INFO - Processing /home/victor/Desktop/TESTE/code-challenge/orchestrate/airflow/dags/step2_manual.py took 0.457 seconds
[2025-01-27T19:21:57.561-0300] {processor.py:161} INFO - Started process (PID=191705) to work on /home/victor/Desktop/TESTE/code-challenge/orchestrate/airflow/dags/step2_manual.py
[2025-01-27T19:21:57.643-0300] {processor.py:830} INFO - Processing file /home/victor/Desktop/TESTE/code-challenge/orchestrate/airflow/dags/step2_manual.py for tasks to queue
[2025-01-27T19:21:57.644-0300] {logging_mixin.py:188} INFO - [2025-01-27T19:21:57.643-0300] {dagbag.py:538} INFO - Filling up the DagBag from /home/victor/Desktop/TESTE/code-challenge/orchestrate/airflow/dags/step2_manual.py
[2025-01-27T19:21:57.650-0300] {processor.py:840} INFO - DAG(s) 'load_data_manual' retrieved from /home/victor/Desktop/TESTE/code-challenge/orchestrate/airflow/dags/step2_manual.py
[2025-01-27T19:21:57.661-0300] {logging_mixin.py:188} INFO - [2025-01-27T19:21:57.661-0300] {dag.py:3036} INFO - Sync 1 DAGs
[2025-01-27T19:21:57.671-0300] {logging_mixin.py:188} INFO - [2025-01-27T19:21:57.671-0300] {dag.py:3823} INFO - Setting next_dagrun for load_data_manual to 2025-01-27 00:00:00+00:00, run_after=2025-01-28 00:00:00+00:00
[2025-01-27T19:21:57.744-0300] {processor.py:183} INFO - Processing /home/victor/Desktop/TESTE/code-challenge/orchestrate/airflow/dags/step2_manual.py took 0.185 seconds
[2025-01-27T19:22:28.162-0300] {processor.py:161} INFO - Started process (PID=191790) to work on /home/victor/Desktop/TESTE/code-challenge/orchestrate/airflow/dags/step2_manual.py
[2025-01-27T19:22:28.174-0300] {processor.py:830} INFO - Processing file /home/victor/Desktop/TESTE/code-challenge/orchestrate/airflow/dags/step2_manual.py for tasks to queue
[2025-01-27T19:22:28.175-0300] {logging_mixin.py:188} INFO - [2025-01-27T19:22:28.175-0300] {dagbag.py:538} INFO - Filling up the DagBag from /home/victor/Desktop/TESTE/code-challenge/orchestrate/airflow/dags/step2_manual.py
[2025-01-27T19:22:28.182-0300] {processor.py:840} INFO - DAG(s) 'load_data_manual' retrieved from /home/victor/Desktop/TESTE/code-challenge/orchestrate/airflow/dags/step2_manual.py
[2025-01-27T19:22:28.192-0300] {logging_mixin.py:188} INFO - [2025-01-27T19:22:28.192-0300] {dag.py:3036} INFO - Sync 1 DAGs
[2025-01-27T19:22:28.201-0300] {logging_mixin.py:188} INFO - [2025-01-27T19:22:28.201-0300] {dag.py:3823} INFO - Setting next_dagrun for load_data_manual to 2025-01-27 00:00:00+00:00, run_after=2025-01-28 00:00:00+00:00
[2025-01-27T19:22:28.275-0300] {processor.py:183} INFO - Processing /home/victor/Desktop/TESTE/code-challenge/orchestrate/airflow/dags/step2_manual.py took 0.115 seconds
[2025-01-27T19:22:58.832-0300] {processor.py:161} INFO - Started process (PID=191841) to work on /home/victor/Desktop/TESTE/code-challenge/orchestrate/airflow/dags/step2_manual.py
[2025-01-27T19:22:58.859-0300] {processor.py:830} INFO - Processing file /home/victor/Desktop/TESTE/code-challenge/orchestrate/airflow/dags/step2_manual.py for tasks to queue
[2025-01-27T19:22:58.859-0300] {logging_mixin.py:188} INFO - [2025-01-27T19:22:58.859-0300] {dagbag.py:538} INFO - Filling up the DagBag from /home/victor/Desktop/TESTE/code-challenge/orchestrate/airflow/dags/step2_manual.py
[2025-01-27T19:22:58.865-0300] {processor.py:840} INFO - DAG(s) 'load_data_manual' retrieved from /home/victor/Desktop/TESTE/code-challenge/orchestrate/airflow/dags/step2_manual.py
[2025-01-27T19:22:58.876-0300] {logging_mixin.py:188} INFO - [2025-01-27T19:22:58.876-0300] {dag.py:3036} INFO - Sync 1 DAGs
[2025-01-27T19:22:58.886-0300] {logging_mixin.py:188} INFO - [2025-01-27T19:22:58.886-0300] {dag.py:3823} INFO - Setting next_dagrun for load_data_manual to 2025-01-27 00:00:00+00:00, run_after=2025-01-28 00:00:00+00:00
[2025-01-27T19:22:58.947-0300] {processor.py:183} INFO - Processing /home/victor/Desktop/TESTE/code-challenge/orchestrate/airflow/dags/step2_manual.py took 0.118 seconds
[2025-01-27T19:23:29.472-0300] {processor.py:161} INFO - Started process (PID=191945) to work on /home/victor/Desktop/TESTE/code-challenge/orchestrate/airflow/dags/step2_manual.py
[2025-01-27T19:23:29.482-0300] {processor.py:830} INFO - Processing file /home/victor/Desktop/TESTE/code-challenge/orchestrate/airflow/dags/step2_manual.py for tasks to queue
[2025-01-27T19:23:29.483-0300] {logging_mixin.py:188} INFO - [2025-01-27T19:23:29.482-0300] {dagbag.py:538} INFO - Filling up the DagBag from /home/victor/Desktop/TESTE/code-challenge/orchestrate/airflow/dags/step2_manual.py
[2025-01-27T19:23:29.489-0300] {processor.py:840} INFO - DAG(s) 'load_data_manual' retrieved from /home/victor/Desktop/TESTE/code-challenge/orchestrate/airflow/dags/step2_manual.py
[2025-01-27T19:23:29.499-0300] {logging_mixin.py:188} INFO - [2025-01-27T19:23:29.499-0300] {dag.py:3036} INFO - Sync 1 DAGs
[2025-01-27T19:23:29.508-0300] {logging_mixin.py:188} INFO - [2025-01-27T19:23:29.508-0300] {dag.py:3823} INFO - Setting next_dagrun for load_data_manual to 2025-01-27 00:00:00+00:00, run_after=2025-01-28 00:00:00+00:00
[2025-01-27T19:23:29.562-0300] {processor.py:183} INFO - Processing /home/victor/Desktop/TESTE/code-challenge/orchestrate/airflow/dags/step2_manual.py took 0.093 seconds
[2025-01-27T19:24:00.277-0300] {processor.py:161} INFO - Started process (PID=192007) to work on /home/victor/Desktop/TESTE/code-challenge/orchestrate/airflow/dags/step2_manual.py
[2025-01-27T19:24:00.296-0300] {processor.py:830} INFO - Processing file /home/victor/Desktop/TESTE/code-challenge/orchestrate/airflow/dags/step2_manual.py for tasks to queue
[2025-01-27T19:24:00.297-0300] {logging_mixin.py:188} INFO - [2025-01-27T19:24:00.297-0300] {dagbag.py:538} INFO - Filling up the DagBag from /home/victor/Desktop/TESTE/code-challenge/orchestrate/airflow/dags/step2_manual.py
[2025-01-27T19:24:00.303-0300] {processor.py:840} INFO - DAG(s) 'load_data_manual' retrieved from /home/victor/Desktop/TESTE/code-challenge/orchestrate/airflow/dags/step2_manual.py
[2025-01-27T19:24:00.314-0300] {logging_mixin.py:188} INFO - [2025-01-27T19:24:00.314-0300] {dag.py:3036} INFO - Sync 1 DAGs
[2025-01-27T19:24:00.324-0300] {logging_mixin.py:188} INFO - [2025-01-27T19:24:00.324-0300] {dag.py:3823} INFO - Setting next_dagrun for load_data_manual to 2025-01-27 00:00:00+00:00, run_after=2025-01-28 00:00:00+00:00
[2025-01-27T19:24:00.385-0300] {processor.py:183} INFO - Processing /home/victor/Desktop/TESTE/code-challenge/orchestrate/airflow/dags/step2_manual.py took 0.110 seconds
[2025-01-27T19:24:31.000-0300] {processor.py:161} INFO - Started process (PID=192148) to work on /home/victor/Desktop/TESTE/code-challenge/orchestrate/airflow/dags/step2_manual.py
[2025-01-27T19:24:31.022-0300] {processor.py:830} INFO - Processing file /home/victor/Desktop/TESTE/code-challenge/orchestrate/airflow/dags/step2_manual.py for tasks to queue
[2025-01-27T19:24:31.023-0300] {logging_mixin.py:188} INFO - [2025-01-27T19:24:31.022-0300] {dagbag.py:538} INFO - Filling up the DagBag from /home/victor/Desktop/TESTE/code-challenge/orchestrate/airflow/dags/step2_manual.py
[2025-01-27T19:24:31.029-0300] {processor.py:840} INFO - DAG(s) 'load_data_manual' retrieved from /home/victor/Desktop/TESTE/code-challenge/orchestrate/airflow/dags/step2_manual.py
[2025-01-27T19:24:31.041-0300] {logging_mixin.py:188} INFO - [2025-01-27T19:24:31.041-0300] {dag.py:3036} INFO - Sync 1 DAGs
[2025-01-27T19:24:31.051-0300] {logging_mixin.py:188} INFO - [2025-01-27T19:24:31.051-0300] {dag.py:3823} INFO - Setting next_dagrun for load_data_manual to 2025-01-27 00:00:00+00:00, run_after=2025-01-28 00:00:00+00:00
[2025-01-27T19:24:31.124-0300] {processor.py:183} INFO - Processing /home/victor/Desktop/TESTE/code-challenge/orchestrate/airflow/dags/step2_manual.py took 0.126 seconds
[2025-01-27T19:25:01.939-0300] {processor.py:161} INFO - Started process (PID=192247) to work on /home/victor/Desktop/TESTE/code-challenge/orchestrate/airflow/dags/step2_manual.py
[2025-01-27T19:25:01.945-0300] {processor.py:830} INFO - Processing file /home/victor/Desktop/TESTE/code-challenge/orchestrate/airflow/dags/step2_manual.py for tasks to queue
[2025-01-27T19:25:01.945-0300] {logging_mixin.py:188} INFO - [2025-01-27T19:25:01.945-0300] {dagbag.py:538} INFO - Filling up the DagBag from /home/victor/Desktop/TESTE/code-challenge/orchestrate/airflow/dags/step2_manual.py
[2025-01-27T19:25:01.951-0300] {processor.py:840} INFO - DAG(s) 'load_data_manual' retrieved from /home/victor/Desktop/TESTE/code-challenge/orchestrate/airflow/dags/step2_manual.py
[2025-01-27T19:25:01.961-0300] {logging_mixin.py:188} INFO - [2025-01-27T19:25:01.961-0300] {dag.py:3036} INFO - Sync 1 DAGs
[2025-01-27T19:25:01.971-0300] {logging_mixin.py:188} INFO - [2025-01-27T19:25:01.971-0300] {dag.py:3823} INFO - Setting next_dagrun for load_data_manual to 2025-01-27 00:00:00+00:00, run_after=2025-01-28 00:00:00+00:00
[2025-01-27T19:25:02.039-0300] {processor.py:183} INFO - Processing /home/victor/Desktop/TESTE/code-challenge/orchestrate/airflow/dags/step2_manual.py took 0.102 seconds
[2025-01-27T19:25:32.477-0300] {processor.py:161} INFO - Started process (PID=192309) to work on /home/victor/Desktop/TESTE/code-challenge/orchestrate/airflow/dags/step2_manual.py
[2025-01-27T19:25:32.477-0300] {processor.py:830} INFO - Processing file /home/victor/Desktop/TESTE/code-challenge/orchestrate/airflow/dags/step2_manual.py for tasks to queue
[2025-01-27T19:25:32.478-0300] {logging_mixin.py:188} INFO - [2025-01-27T19:25:32.478-0300] {dagbag.py:538} INFO - Filling up the DagBag from /home/victor/Desktop/TESTE/code-challenge/orchestrate/airflow/dags/step2_manual.py
[2025-01-27T19:25:32.484-0300] {processor.py:840} INFO - DAG(s) 'load_data_manual' retrieved from /home/victor/Desktop/TESTE/code-challenge/orchestrate/airflow/dags/step2_manual.py
[2025-01-27T19:25:32.494-0300] {logging_mixin.py:188} INFO - [2025-01-27T19:25:32.494-0300] {dag.py:3036} INFO - Sync 1 DAGs
[2025-01-27T19:25:32.503-0300] {logging_mixin.py:188} INFO - [2025-01-27T19:25:32.503-0300] {dag.py:3823} INFO - Setting next_dagrun for load_data_manual to 2025-01-27 00:00:00+00:00, run_after=2025-01-28 00:00:00+00:00
[2025-01-27T19:25:32.570-0300] {processor.py:183} INFO - Processing /home/victor/Desktop/TESTE/code-challenge/orchestrate/airflow/dags/step2_manual.py took 0.096 seconds
[2025-01-27T19:26:02.862-0300] {processor.py:161} INFO - Started process (PID=192361) to work on /home/victor/Desktop/TESTE/code-challenge/orchestrate/airflow/dags/step2_manual.py
[2025-01-27T19:26:02.882-0300] {processor.py:830} INFO - Processing file /home/victor/Desktop/TESTE/code-challenge/orchestrate/airflow/dags/step2_manual.py for tasks to queue
[2025-01-27T19:26:02.882-0300] {logging_mixin.py:188} INFO - [2025-01-27T19:26:02.882-0300] {dagbag.py:538} INFO - Filling up the DagBag from /home/victor/Desktop/TESTE/code-challenge/orchestrate/airflow/dags/step2_manual.py
[2025-01-27T19:26:02.889-0300] {processor.py:840} INFO - DAG(s) 'load_data_manual' retrieved from /home/victor/Desktop/TESTE/code-challenge/orchestrate/airflow/dags/step2_manual.py
[2025-01-27T19:26:02.900-0300] {logging_mixin.py:188} INFO - [2025-01-27T19:26:02.899-0300] {dag.py:3036} INFO - Sync 1 DAGs
[2025-01-27T19:26:02.909-0300] {logging_mixin.py:188} INFO - [2025-01-27T19:26:02.909-0300] {dag.py:3823} INFO - Setting next_dagrun for load_data_manual to 2025-01-27 00:00:00+00:00, run_after=2025-01-28 00:00:00+00:00
[2025-01-27T19:26:02.968-0300] {processor.py:183} INFO - Processing /home/victor/Desktop/TESTE/code-challenge/orchestrate/airflow/dags/step2_manual.py took 0.108 seconds
[2025-01-27T19:26:33.345-0300] {processor.py:161} INFO - Started process (PID=192530) to work on /home/victor/Desktop/TESTE/code-challenge/orchestrate/airflow/dags/step2_manual.py
[2025-01-27T19:26:33.345-0300] {processor.py:830} INFO - Processing file /home/victor/Desktop/TESTE/code-challenge/orchestrate/airflow/dags/step2_manual.py for tasks to queue
[2025-01-27T19:26:33.346-0300] {logging_mixin.py:188} INFO - [2025-01-27T19:26:33.346-0300] {dagbag.py:538} INFO - Filling up the DagBag from /home/victor/Desktop/TESTE/code-challenge/orchestrate/airflow/dags/step2_manual.py
[2025-01-27T19:26:33.352-0300] {processor.py:840} INFO - DAG(s) 'load_data_manual' retrieved from /home/victor/Desktop/TESTE/code-challenge/orchestrate/airflow/dags/step2_manual.py
[2025-01-27T19:26:33.362-0300] {logging_mixin.py:188} INFO - [2025-01-27T19:26:33.362-0300] {dag.py:3036} INFO - Sync 1 DAGs
[2025-01-27T19:26:33.371-0300] {logging_mixin.py:188} INFO - [2025-01-27T19:26:33.371-0300] {dag.py:3823} INFO - Setting next_dagrun for load_data_manual to 2025-01-27 00:00:00+00:00, run_after=2025-01-28 00:00:00+00:00
[2025-01-27T19:26:33.499-0300] {processor.py:183} INFO - Processing /home/victor/Desktop/TESTE/code-challenge/orchestrate/airflow/dags/step2_manual.py took 0.157 seconds
[2025-01-27T19:27:03.827-0300] {processor.py:161} INFO - Started process (PID=192620) to work on /home/victor/Desktop/TESTE/code-challenge/orchestrate/airflow/dags/step2_manual.py
[2025-01-27T19:27:03.854-0300] {processor.py:830} INFO - Processing file /home/victor/Desktop/TESTE/code-challenge/orchestrate/airflow/dags/step2_manual.py for tasks to queue
[2025-01-27T19:27:03.854-0300] {logging_mixin.py:188} INFO - [2025-01-27T19:27:03.854-0300] {dagbag.py:538} INFO - Filling up the DagBag from /home/victor/Desktop/TESTE/code-challenge/orchestrate/airflow/dags/step2_manual.py
[2025-01-27T19:27:03.861-0300] {processor.py:840} INFO - DAG(s) 'load_data_manual' retrieved from /home/victor/Desktop/TESTE/code-challenge/orchestrate/airflow/dags/step2_manual.py
[2025-01-27T19:27:03.872-0300] {logging_mixin.py:188} INFO - [2025-01-27T19:27:03.872-0300] {dag.py:3036} INFO - Sync 1 DAGs
[2025-01-27T19:27:03.881-0300] {logging_mixin.py:188} INFO - [2025-01-27T19:27:03.881-0300] {dag.py:3823} INFO - Setting next_dagrun for load_data_manual to 2025-01-27 00:00:00+00:00, run_after=2025-01-28 00:00:00+00:00
[2025-01-27T19:27:03.947-0300] {processor.py:183} INFO - Processing /home/victor/Desktop/TESTE/code-challenge/orchestrate/airflow/dags/step2_manual.py took 0.122 seconds
[2025-01-27T19:27:34.310-0300] {processor.py:161} INFO - Started process (PID=192709) to work on /home/victor/Desktop/TESTE/code-challenge/orchestrate/airflow/dags/step2_manual.py
[2025-01-27T19:27:34.311-0300] {processor.py:830} INFO - Processing file /home/victor/Desktop/TESTE/code-challenge/orchestrate/airflow/dags/step2_manual.py for tasks to queue
[2025-01-27T19:27:34.312-0300] {logging_mixin.py:188} INFO - [2025-01-27T19:27:34.312-0300] {dagbag.py:538} INFO - Filling up the DagBag from /home/victor/Desktop/TESTE/code-challenge/orchestrate/airflow/dags/step2_manual.py
[2025-01-27T19:27:34.318-0300] {processor.py:840} INFO - DAG(s) 'load_data_manual' retrieved from /home/victor/Desktop/TESTE/code-challenge/orchestrate/airflow/dags/step2_manual.py
[2025-01-27T19:27:34.328-0300] {logging_mixin.py:188} INFO - [2025-01-27T19:27:34.328-0300] {dag.py:3036} INFO - Sync 1 DAGs
[2025-01-27T19:27:34.337-0300] {logging_mixin.py:188} INFO - [2025-01-27T19:27:34.337-0300] {dag.py:3823} INFO - Setting next_dagrun for load_data_manual to 2025-01-27 00:00:00+00:00, run_after=2025-01-28 00:00:00+00:00
[2025-01-27T19:27:34.403-0300] {processor.py:183} INFO - Processing /home/victor/Desktop/TESTE/code-challenge/orchestrate/airflow/dags/step2_manual.py took 0.095 seconds
[2025-01-27T19:28:04.452-0300] {processor.py:161} INFO - Started process (PID=192795) to work on /home/victor/Desktop/TESTE/code-challenge/orchestrate/airflow/dags/step2_manual.py
[2025-01-27T19:28:04.453-0300] {processor.py:830} INFO - Processing file /home/victor/Desktop/TESTE/code-challenge/orchestrate/airflow/dags/step2_manual.py for tasks to queue
[2025-01-27T19:28:04.453-0300] {logging_mixin.py:188} INFO - [2025-01-27T19:28:04.453-0300] {dagbag.py:538} INFO - Filling up the DagBag from /home/victor/Desktop/TESTE/code-challenge/orchestrate/airflow/dags/step2_manual.py
[2025-01-27T19:28:04.459-0300] {processor.py:840} INFO - DAG(s) 'load_data_manual' retrieved from /home/victor/Desktop/TESTE/code-challenge/orchestrate/airflow/dags/step2_manual.py
[2025-01-27T19:28:04.469-0300] {logging_mixin.py:188} INFO - [2025-01-27T19:28:04.469-0300] {dag.py:3036} INFO - Sync 1 DAGs
[2025-01-27T19:28:04.479-0300] {logging_mixin.py:188} INFO - [2025-01-27T19:28:04.479-0300] {dag.py:3823} INFO - Setting next_dagrun for load_data_manual to 2025-01-27 00:00:00+00:00, run_after=2025-01-28 00:00:00+00:00
[2025-01-27T19:28:04.610-0300] {processor.py:183} INFO - Processing /home/victor/Desktop/TESTE/code-challenge/orchestrate/airflow/dags/step2_manual.py took 0.160 seconds
[2025-01-27T19:28:35.005-0300] {processor.py:161} INFO - Started process (PID=192876) to work on /home/victor/Desktop/TESTE/code-challenge/orchestrate/airflow/dags/step2_manual.py
[2025-01-27T19:28:35.018-0300] {processor.py:830} INFO - Processing file /home/victor/Desktop/TESTE/code-challenge/orchestrate/airflow/dags/step2_manual.py for tasks to queue
[2025-01-27T19:28:35.019-0300] {logging_mixin.py:188} INFO - [2025-01-27T19:28:35.019-0300] {dagbag.py:538} INFO - Filling up the DagBag from /home/victor/Desktop/TESTE/code-challenge/orchestrate/airflow/dags/step2_manual.py
[2025-01-27T19:28:35.026-0300] {processor.py:840} INFO - DAG(s) 'load_data_manual' retrieved from /home/victor/Desktop/TESTE/code-challenge/orchestrate/airflow/dags/step2_manual.py
[2025-01-27T19:28:35.037-0300] {logging_mixin.py:188} INFO - [2025-01-27T19:28:35.037-0300] {dag.py:3036} INFO - Sync 1 DAGs
[2025-01-27T19:28:35.047-0300] {logging_mixin.py:188} INFO - [2025-01-27T19:28:35.047-0300] {dag.py:3823} INFO - Setting next_dagrun for load_data_manual to 2025-01-27 00:00:00+00:00, run_after=2025-01-28 00:00:00+00:00
[2025-01-27T19:28:35.116-0300] {processor.py:183} INFO - Processing /home/victor/Desktop/TESTE/code-challenge/orchestrate/airflow/dags/step2_manual.py took 0.114 seconds
[2025-01-27T19:29:05.553-0300] {processor.py:161} INFO - Started process (PID=192932) to work on /home/victor/Desktop/TESTE/code-challenge/orchestrate/airflow/dags/step2_manual.py
[2025-01-27T19:29:05.554-0300] {processor.py:830} INFO - Processing file /home/victor/Desktop/TESTE/code-challenge/orchestrate/airflow/dags/step2_manual.py for tasks to queue
[2025-01-27T19:29:05.554-0300] {logging_mixin.py:188} INFO - [2025-01-27T19:29:05.554-0300] {dagbag.py:538} INFO - Filling up the DagBag from /home/victor/Desktop/TESTE/code-challenge/orchestrate/airflow/dags/step2_manual.py
[2025-01-27T19:29:05.560-0300] {processor.py:840} INFO - DAG(s) 'load_data_manual' retrieved from /home/victor/Desktop/TESTE/code-challenge/orchestrate/airflow/dags/step2_manual.py
[2025-01-27T19:29:05.570-0300] {logging_mixin.py:188} INFO - [2025-01-27T19:29:05.570-0300] {dag.py:3036} INFO - Sync 1 DAGs
[2025-01-27T19:29:05.579-0300] {logging_mixin.py:188} INFO - [2025-01-27T19:29:05.579-0300] {dag.py:3823} INFO - Setting next_dagrun for load_data_manual to 2025-01-27 00:00:00+00:00, run_after=2025-01-28 00:00:00+00:00
[2025-01-27T19:29:05.647-0300] {processor.py:183} INFO - Processing /home/victor/Desktop/TESTE/code-challenge/orchestrate/airflow/dags/step2_manual.py took 0.097 seconds
[2025-01-27T19:29:35.939-0300] {processor.py:161} INFO - Started process (PID=192985) to work on /home/victor/Desktop/TESTE/code-challenge/orchestrate/airflow/dags/step2_manual.py
[2025-01-27T19:29:35.960-0300] {processor.py:830} INFO - Processing file /home/victor/Desktop/TESTE/code-challenge/orchestrate/airflow/dags/step2_manual.py for tasks to queue
[2025-01-27T19:29:35.961-0300] {logging_mixin.py:188} INFO - [2025-01-27T19:29:35.961-0300] {dagbag.py:538} INFO - Filling up the DagBag from /home/victor/Desktop/TESTE/code-challenge/orchestrate/airflow/dags/step2_manual.py
[2025-01-27T19:29:35.967-0300] {processor.py:840} INFO - DAG(s) 'load_data_manual' retrieved from /home/victor/Desktop/TESTE/code-challenge/orchestrate/airflow/dags/step2_manual.py
[2025-01-27T19:29:35.979-0300] {logging_mixin.py:188} INFO - [2025-01-27T19:29:35.979-0300] {dag.py:3036} INFO - Sync 1 DAGs
[2025-01-27T19:29:35.988-0300] {logging_mixin.py:188} INFO - [2025-01-27T19:29:35.988-0300] {dag.py:3823} INFO - Setting next_dagrun for load_data_manual to 2025-01-27 00:00:00+00:00, run_after=2025-01-28 00:00:00+00:00
[2025-01-27T19:29:36.053-0300] {processor.py:183} INFO - Processing /home/victor/Desktop/TESTE/code-challenge/orchestrate/airflow/dags/step2_manual.py took 0.117 seconds
[2025-01-27T19:30:06.324-0300] {processor.py:161} INFO - Started process (PID=193035) to work on /home/victor/Desktop/TESTE/code-challenge/orchestrate/airflow/dags/step2_manual.py
[2025-01-27T19:30:06.324-0300] {processor.py:830} INFO - Processing file /home/victor/Desktop/TESTE/code-challenge/orchestrate/airflow/dags/step2_manual.py for tasks to queue
[2025-01-27T19:30:06.325-0300] {logging_mixin.py:188} INFO - [2025-01-27T19:30:06.325-0300] {dagbag.py:538} INFO - Filling up the DagBag from /home/victor/Desktop/TESTE/code-challenge/orchestrate/airflow/dags/step2_manual.py
[2025-01-27T19:30:06.331-0300] {processor.py:840} INFO - DAG(s) 'load_data_manual' retrieved from /home/victor/Desktop/TESTE/code-challenge/orchestrate/airflow/dags/step2_manual.py
[2025-01-27T19:30:06.341-0300] {logging_mixin.py:188} INFO - [2025-01-27T19:30:06.341-0300] {dag.py:3036} INFO - Sync 1 DAGs
[2025-01-27T19:30:06.350-0300] {logging_mixin.py:188} INFO - [2025-01-27T19:30:06.350-0300] {dag.py:3823} INFO - Setting next_dagrun for load_data_manual to 2025-01-27 00:00:00+00:00, run_after=2025-01-28 00:00:00+00:00
[2025-01-27T19:30:06.418-0300] {processor.py:183} INFO - Processing /home/victor/Desktop/TESTE/code-challenge/orchestrate/airflow/dags/step2_manual.py took 0.096 seconds
[2025-01-27T19:30:36.710-0300] {processor.py:161} INFO - Started process (PID=193129) to work on /home/victor/Desktop/TESTE/code-challenge/orchestrate/airflow/dags/step2_manual.py
[2025-01-27T19:30:36.723-0300] {processor.py:830} INFO - Processing file /home/victor/Desktop/TESTE/code-challenge/orchestrate/airflow/dags/step2_manual.py for tasks to queue
[2025-01-27T19:30:36.724-0300] {logging_mixin.py:188} INFO - [2025-01-27T19:30:36.724-0300] {dagbag.py:538} INFO - Filling up the DagBag from /home/victor/Desktop/TESTE/code-challenge/orchestrate/airflow/dags/step2_manual.py
[2025-01-27T19:30:36.730-0300] {processor.py:840} INFO - DAG(s) 'load_data_manual' retrieved from /home/victor/Desktop/TESTE/code-challenge/orchestrate/airflow/dags/step2_manual.py
[2025-01-27T19:30:36.742-0300] {logging_mixin.py:188} INFO - [2025-01-27T19:30:36.742-0300] {dag.py:3036} INFO - Sync 1 DAGs
[2025-01-27T19:30:36.752-0300] {logging_mixin.py:188} INFO - [2025-01-27T19:30:36.751-0300] {dag.py:3823} INFO - Setting next_dagrun for load_data_manual to 2025-01-27 00:00:00+00:00, run_after=2025-01-28 00:00:00+00:00
[2025-01-27T19:30:36.808-0300] {processor.py:183} INFO - Processing /home/victor/Desktop/TESTE/code-challenge/orchestrate/airflow/dags/step2_manual.py took 0.100 seconds
[2025-01-27T19:31:06.916-0300] {processor.py:161} INFO - Started process (PID=193186) to work on /home/victor/Desktop/TESTE/code-challenge/orchestrate/airflow/dags/step2_manual.py
[2025-01-27T19:31:06.917-0300] {processor.py:830} INFO - Processing file /home/victor/Desktop/TESTE/code-challenge/orchestrate/airflow/dags/step2_manual.py for tasks to queue
[2025-01-27T19:31:06.918-0300] {logging_mixin.py:188} INFO - [2025-01-27T19:31:06.917-0300] {dagbag.py:538} INFO - Filling up the DagBag from /home/victor/Desktop/TESTE/code-challenge/orchestrate/airflow/dags/step2_manual.py
[2025-01-27T19:31:06.923-0300] {processor.py:840} INFO - DAG(s) 'load_data_manual' retrieved from /home/victor/Desktop/TESTE/code-challenge/orchestrate/airflow/dags/step2_manual.py
[2025-01-27T19:31:06.933-0300] {logging_mixin.py:188} INFO - [2025-01-27T19:31:06.933-0300] {dag.py:3036} INFO - Sync 1 DAGs
[2025-01-27T19:31:06.943-0300] {logging_mixin.py:188} INFO - [2025-01-27T19:31:06.943-0300] {dag.py:3823} INFO - Setting next_dagrun for load_data_manual to 2025-01-27 00:00:00+00:00, run_after=2025-01-28 00:00:00+00:00
[2025-01-27T19:31:07.006-0300] {processor.py:183} INFO - Processing /home/victor/Desktop/TESTE/code-challenge/orchestrate/airflow/dags/step2_manual.py took 0.092 seconds
[2025-01-27T19:31:37.276-0300] {processor.py:161} INFO - Started process (PID=193278) to work on /home/victor/Desktop/TESTE/code-challenge/orchestrate/airflow/dags/step2_manual.py
[2025-01-27T19:31:37.299-0300] {processor.py:830} INFO - Processing file /home/victor/Desktop/TESTE/code-challenge/orchestrate/airflow/dags/step2_manual.py for tasks to queue
[2025-01-27T19:31:37.300-0300] {logging_mixin.py:188} INFO - [2025-01-27T19:31:37.300-0300] {dagbag.py:538} INFO - Filling up the DagBag from /home/victor/Desktop/TESTE/code-challenge/orchestrate/airflow/dags/step2_manual.py
[2025-01-27T19:31:37.307-0300] {processor.py:840} INFO - DAG(s) 'load_data_manual' retrieved from /home/victor/Desktop/TESTE/code-challenge/orchestrate/airflow/dags/step2_manual.py
[2025-01-27T19:31:37.318-0300] {logging_mixin.py:188} INFO - [2025-01-27T19:31:37.317-0300] {dag.py:3036} INFO - Sync 1 DAGs
[2025-01-27T19:31:37.327-0300] {logging_mixin.py:188} INFO - [2025-01-27T19:31:37.327-0300] {dag.py:3823} INFO - Setting next_dagrun for load_data_manual to 2025-01-27 00:00:00+00:00, run_after=2025-01-28 00:00:00+00:00
[2025-01-27T19:31:37.387-0300] {processor.py:183} INFO - Processing /home/victor/Desktop/TESTE/code-challenge/orchestrate/airflow/dags/step2_manual.py took 0.113 seconds
[2025-01-27T19:32:07.554-0300] {processor.py:161} INFO - Started process (PID=193323) to work on /home/victor/Desktop/TESTE/code-challenge/orchestrate/airflow/dags/step2_manual.py
[2025-01-27T19:32:07.555-0300] {processor.py:830} INFO - Processing file /home/victor/Desktop/TESTE/code-challenge/orchestrate/airflow/dags/step2_manual.py for tasks to queue
[2025-01-27T19:32:07.555-0300] {logging_mixin.py:188} INFO - [2025-01-27T19:32:07.555-0300] {dagbag.py:538} INFO - Filling up the DagBag from /home/victor/Desktop/TESTE/code-challenge/orchestrate/airflow/dags/step2_manual.py
[2025-01-27T19:32:07.561-0300] {processor.py:840} INFO - DAG(s) 'load_data_manual' retrieved from /home/victor/Desktop/TESTE/code-challenge/orchestrate/airflow/dags/step2_manual.py
[2025-01-27T19:32:07.571-0300] {logging_mixin.py:188} INFO - [2025-01-27T19:32:07.571-0300] {dag.py:3036} INFO - Sync 1 DAGs
[2025-01-27T19:32:07.581-0300] {logging_mixin.py:188} INFO - [2025-01-27T19:32:07.581-0300] {dag.py:3823} INFO - Setting next_dagrun for load_data_manual to 2025-01-27 00:00:00+00:00, run_after=2025-01-28 00:00:00+00:00
[2025-01-27T19:32:07.643-0300] {processor.py:183} INFO - Processing /home/victor/Desktop/TESTE/code-challenge/orchestrate/airflow/dags/step2_manual.py took 0.091 seconds
[2025-01-27T19:32:37.922-0300] {processor.py:161} INFO - Started process (PID=193432) to work on /home/victor/Desktop/TESTE/code-challenge/orchestrate/airflow/dags/step2_manual.py
[2025-01-27T19:32:37.941-0300] {processor.py:830} INFO - Processing file /home/victor/Desktop/TESTE/code-challenge/orchestrate/airflow/dags/step2_manual.py for tasks to queue
[2025-01-27T19:32:37.942-0300] {logging_mixin.py:188} INFO - [2025-01-27T19:32:37.942-0300] {dagbag.py:538} INFO - Filling up the DagBag from /home/victor/Desktop/TESTE/code-challenge/orchestrate/airflow/dags/step2_manual.py
[2025-01-27T19:32:37.948-0300] {processor.py:840} INFO - DAG(s) 'load_data_manual' retrieved from /home/victor/Desktop/TESTE/code-challenge/orchestrate/airflow/dags/step2_manual.py
[2025-01-27T19:32:37.959-0300] {logging_mixin.py:188} INFO - [2025-01-27T19:32:37.959-0300] {dag.py:3036} INFO - Sync 1 DAGs
[2025-01-27T19:32:37.969-0300] {logging_mixin.py:188} INFO - [2025-01-27T19:32:37.969-0300] {dag.py:3823} INFO - Setting next_dagrun for load_data_manual to 2025-01-27 00:00:00+00:00, run_after=2025-01-28 00:00:00+00:00
[2025-01-27T19:32:38.032-0300] {processor.py:183} INFO - Processing /home/victor/Desktop/TESTE/code-challenge/orchestrate/airflow/dags/step2_manual.py took 0.113 seconds
[2025-01-27T19:33:08.407-0300] {processor.py:161} INFO - Started process (PID=193477) to work on /home/victor/Desktop/TESTE/code-challenge/orchestrate/airflow/dags/step2_manual.py
[2025-01-27T19:33:08.407-0300] {processor.py:830} INFO - Processing file /home/victor/Desktop/TESTE/code-challenge/orchestrate/airflow/dags/step2_manual.py for tasks to queue
[2025-01-27T19:33:08.408-0300] {logging_mixin.py:188} INFO - [2025-01-27T19:33:08.408-0300] {dagbag.py:538} INFO - Filling up the DagBag from /home/victor/Desktop/TESTE/code-challenge/orchestrate/airflow/dags/step2_manual.py
[2025-01-27T19:33:08.414-0300] {processor.py:840} INFO - DAG(s) 'load_data_manual' retrieved from /home/victor/Desktop/TESTE/code-challenge/orchestrate/airflow/dags/step2_manual.py
[2025-01-27T19:33:08.424-0300] {logging_mixin.py:188} INFO - [2025-01-27T19:33:08.424-0300] {dag.py:3036} INFO - Sync 1 DAGs
[2025-01-27T19:33:08.433-0300] {logging_mixin.py:188} INFO - [2025-01-27T19:33:08.433-0300] {dag.py:3823} INFO - Setting next_dagrun for load_data_manual to 2025-01-27 00:00:00+00:00, run_after=2025-01-28 00:00:00+00:00
[2025-01-27T19:33:08.506-0300] {processor.py:183} INFO - Processing /home/victor/Desktop/TESTE/code-challenge/orchestrate/airflow/dags/step2_manual.py took 0.101 seconds
[2025-01-27T19:33:38.891-0300] {processor.py:161} INFO - Started process (PID=193537) to work on /home/victor/Desktop/TESTE/code-challenge/orchestrate/airflow/dags/step2_manual.py
[2025-01-27T19:33:38.912-0300] {processor.py:830} INFO - Processing file /home/victor/Desktop/TESTE/code-challenge/orchestrate/airflow/dags/step2_manual.py for tasks to queue
[2025-01-27T19:33:38.913-0300] {logging_mixin.py:188} INFO - [2025-01-27T19:33:38.913-0300] {dagbag.py:538} INFO - Filling up the DagBag from /home/victor/Desktop/TESTE/code-challenge/orchestrate/airflow/dags/step2_manual.py
[2025-01-27T19:33:38.919-0300] {processor.py:840} INFO - DAG(s) 'load_data_manual' retrieved from /home/victor/Desktop/TESTE/code-challenge/orchestrate/airflow/dags/step2_manual.py
[2025-01-27T19:33:38.930-0300] {logging_mixin.py:188} INFO - [2025-01-27T19:33:38.930-0300] {dag.py:3036} INFO - Sync 1 DAGs
[2025-01-27T19:33:38.940-0300] {logging_mixin.py:188} INFO - [2025-01-27T19:33:38.940-0300] {dag.py:3823} INFO - Setting next_dagrun for load_data_manual to 2025-01-27 00:00:00+00:00, run_after=2025-01-28 00:00:00+00:00
[2025-01-27T19:33:39.003-0300] {processor.py:183} INFO - Processing /home/victor/Desktop/TESTE/code-challenge/orchestrate/airflow/dags/step2_manual.py took 0.115 seconds
[2025-01-27T19:34:09.373-0300] {processor.py:161} INFO - Started process (PID=193597) to work on /home/victor/Desktop/TESTE/code-challenge/orchestrate/airflow/dags/step2_manual.py
[2025-01-27T19:34:09.374-0300] {processor.py:830} INFO - Processing file /home/victor/Desktop/TESTE/code-challenge/orchestrate/airflow/dags/step2_manual.py for tasks to queue
[2025-01-27T19:34:09.375-0300] {logging_mixin.py:188} INFO - [2025-01-27T19:34:09.374-0300] {dagbag.py:538} INFO - Filling up the DagBag from /home/victor/Desktop/TESTE/code-challenge/orchestrate/airflow/dags/step2_manual.py
[2025-01-27T19:34:09.380-0300] {processor.py:840} INFO - DAG(s) 'load_data_manual' retrieved from /home/victor/Desktop/TESTE/code-challenge/orchestrate/airflow/dags/step2_manual.py
[2025-01-27T19:34:09.391-0300] {logging_mixin.py:188} INFO - [2025-01-27T19:34:09.391-0300] {dag.py:3036} INFO - Sync 1 DAGs
[2025-01-27T19:34:09.400-0300] {logging_mixin.py:188} INFO - [2025-01-27T19:34:09.400-0300] {dag.py:3823} INFO - Setting next_dagrun for load_data_manual to 2025-01-27 00:00:00+00:00, run_after=2025-01-28 00:00:00+00:00
[2025-01-27T19:34:09.468-0300] {processor.py:183} INFO - Processing /home/victor/Desktop/TESTE/code-challenge/orchestrate/airflow/dags/step2_manual.py took 0.097 seconds
[2025-01-27T19:34:39.761-0300] {processor.py:161} INFO - Started process (PID=193653) to work on /home/victor/Desktop/TESTE/code-challenge/orchestrate/airflow/dags/step2_manual.py
[2025-01-27T19:34:39.775-0300] {processor.py:830} INFO - Processing file /home/victor/Desktop/TESTE/code-challenge/orchestrate/airflow/dags/step2_manual.py for tasks to queue
[2025-01-27T19:34:39.776-0300] {logging_mixin.py:188} INFO - [2025-01-27T19:34:39.775-0300] {dagbag.py:538} INFO - Filling up the DagBag from /home/victor/Desktop/TESTE/code-challenge/orchestrate/airflow/dags/step2_manual.py
[2025-01-27T19:34:39.782-0300] {processor.py:840} INFO - DAG(s) 'load_data_manual' retrieved from /home/victor/Desktop/TESTE/code-challenge/orchestrate/airflow/dags/step2_manual.py
[2025-01-27T19:34:39.793-0300] {logging_mixin.py:188} INFO - [2025-01-27T19:34:39.793-0300] {dag.py:3036} INFO - Sync 1 DAGs
[2025-01-27T19:34:39.803-0300] {logging_mixin.py:188} INFO - [2025-01-27T19:34:39.802-0300] {dag.py:3823} INFO - Setting next_dagrun for load_data_manual to 2025-01-27 00:00:00+00:00, run_after=2025-01-28 00:00:00+00:00
[2025-01-27T19:34:39.866-0300] {processor.py:183} INFO - Processing /home/victor/Desktop/TESTE/code-challenge/orchestrate/airflow/dags/step2_manual.py took 0.107 seconds
[2025-01-27T19:35:10.048-0300] {processor.py:161} INFO - Started process (PID=193705) to work on /home/victor/Desktop/TESTE/code-challenge/orchestrate/airflow/dags/step2_manual.py
[2025-01-27T19:35:10.048-0300] {processor.py:830} INFO - Processing file /home/victor/Desktop/TESTE/code-challenge/orchestrate/airflow/dags/step2_manual.py for tasks to queue
[2025-01-27T19:35:10.049-0300] {logging_mixin.py:188} INFO - [2025-01-27T19:35:10.049-0300] {dagbag.py:538} INFO - Filling up the DagBag from /home/victor/Desktop/TESTE/code-challenge/orchestrate/airflow/dags/step2_manual.py
[2025-01-27T19:35:10.055-0300] {processor.py:840} INFO - DAG(s) 'load_data_manual' retrieved from /home/victor/Desktop/TESTE/code-challenge/orchestrate/airflow/dags/step2_manual.py
[2025-01-27T19:35:10.065-0300] {logging_mixin.py:188} INFO - [2025-01-27T19:35:10.065-0300] {dag.py:3036} INFO - Sync 1 DAGs
[2025-01-27T19:35:10.074-0300] {logging_mixin.py:188} INFO - [2025-01-27T19:35:10.074-0300] {dag.py:3823} INFO - Setting next_dagrun for load_data_manual to 2025-01-27 00:00:00+00:00, run_after=2025-01-28 00:00:00+00:00
[2025-01-27T19:35:10.156-0300] {processor.py:183} INFO - Processing /home/victor/Desktop/TESTE/code-challenge/orchestrate/airflow/dags/step2_manual.py took 0.110 seconds
[2025-01-27T19:35:40.562-0300] {processor.py:161} INFO - Started process (PID=194138) to work on /home/victor/Desktop/TESTE/code-challenge/orchestrate/airflow/dags/step2_manual.py
[2025-01-27T19:35:40.563-0300] {processor.py:830} INFO - Processing file /home/victor/Desktop/TESTE/code-challenge/orchestrate/airflow/dags/step2_manual.py for tasks to queue
[2025-01-27T19:35:40.564-0300] {logging_mixin.py:188} INFO - [2025-01-27T19:35:40.563-0300] {dagbag.py:538} INFO - Filling up the DagBag from /home/victor/Desktop/TESTE/code-challenge/orchestrate/airflow/dags/step2_manual.py
[2025-01-27T19:35:40.570-0300] {processor.py:840} INFO - DAG(s) 'load_data_manual' retrieved from /home/victor/Desktop/TESTE/code-challenge/orchestrate/airflow/dags/step2_manual.py
[2025-01-27T19:35:40.580-0300] {logging_mixin.py:188} INFO - [2025-01-27T19:35:40.580-0300] {dag.py:3036} INFO - Sync 1 DAGs
[2025-01-27T19:35:40.589-0300] {logging_mixin.py:188} INFO - [2025-01-27T19:35:40.589-0300] {dag.py:3823} INFO - Setting next_dagrun for load_data_manual to 2025-01-27 00:00:00+00:00, run_after=2025-01-28 00:00:00+00:00
[2025-01-27T19:35:40.654-0300] {processor.py:183} INFO - Processing /home/victor/Desktop/TESTE/code-challenge/orchestrate/airflow/dags/step2_manual.py took 0.094 seconds
[2025-01-27T19:36:10.946-0300] {processor.py:161} INFO - Started process (PID=194195) to work on /home/victor/Desktop/TESTE/code-challenge/orchestrate/airflow/dags/step2_manual.py
[2025-01-27T19:36:10.947-0300] {processor.py:830} INFO - Processing file /home/victor/Desktop/TESTE/code-challenge/orchestrate/airflow/dags/step2_manual.py for tasks to queue
[2025-01-27T19:36:10.947-0300] {logging_mixin.py:188} INFO - [2025-01-27T19:36:10.947-0300] {dagbag.py:538} INFO - Filling up the DagBag from /home/victor/Desktop/TESTE/code-challenge/orchestrate/airflow/dags/step2_manual.py
[2025-01-27T19:36:10.953-0300] {processor.py:840} INFO - DAG(s) 'load_data_manual' retrieved from /home/victor/Desktop/TESTE/code-challenge/orchestrate/airflow/dags/step2_manual.py
[2025-01-27T19:36:10.963-0300] {logging_mixin.py:188} INFO - [2025-01-27T19:36:10.963-0300] {dag.py:3036} INFO - Sync 1 DAGs
[2025-01-27T19:36:10.973-0300] {logging_mixin.py:188} INFO - [2025-01-27T19:36:10.973-0300] {dag.py:3823} INFO - Setting next_dagrun for load_data_manual to 2025-01-27 00:00:00+00:00, run_after=2025-01-28 00:00:00+00:00
[2025-01-27T19:36:11.044-0300] {processor.py:183} INFO - Processing /home/victor/Desktop/TESTE/code-challenge/orchestrate/airflow/dags/step2_manual.py took 0.100 seconds
[2025-01-27T19:36:41.432-0300] {processor.py:161} INFO - Started process (PID=194285) to work on /home/victor/Desktop/TESTE/code-challenge/orchestrate/airflow/dags/step2_manual.py
[2025-01-27T19:36:41.443-0300] {processor.py:830} INFO - Processing file /home/victor/Desktop/TESTE/code-challenge/orchestrate/airflow/dags/step2_manual.py for tasks to queue
[2025-01-27T19:36:41.443-0300] {logging_mixin.py:188} INFO - [2025-01-27T19:36:41.443-0300] {dagbag.py:538} INFO - Filling up the DagBag from /home/victor/Desktop/TESTE/code-challenge/orchestrate/airflow/dags/step2_manual.py
[2025-01-27T19:36:41.450-0300] {processor.py:840} INFO - DAG(s) 'load_data_manual' retrieved from /home/victor/Desktop/TESTE/code-challenge/orchestrate/airflow/dags/step2_manual.py
[2025-01-27T19:36:41.460-0300] {logging_mixin.py:188} INFO - [2025-01-27T19:36:41.460-0300] {dag.py:3036} INFO - Sync 1 DAGs
[2025-01-27T19:36:41.470-0300] {logging_mixin.py:188} INFO - [2025-01-27T19:36:41.469-0300] {dag.py:3823} INFO - Setting next_dagrun for load_data_manual to 2025-01-27 00:00:00+00:00, run_after=2025-01-28 00:00:00+00:00
[2025-01-27T19:36:41.525-0300] {processor.py:183} INFO - Processing /home/victor/Desktop/TESTE/code-challenge/orchestrate/airflow/dags/step2_manual.py took 0.095 seconds
[2025-01-27T19:37:11.616-0300] {processor.py:161} INFO - Started process (PID=194327) to work on /home/victor/Desktop/TESTE/code-challenge/orchestrate/airflow/dags/step2_manual.py
[2025-01-27T19:37:11.616-0300] {processor.py:830} INFO - Processing file /home/victor/Desktop/TESTE/code-challenge/orchestrate/airflow/dags/step2_manual.py for tasks to queue
[2025-01-27T19:37:11.617-0300] {logging_mixin.py:188} INFO - [2025-01-27T19:37:11.617-0300] {dagbag.py:538} INFO - Filling up the DagBag from /home/victor/Desktop/TESTE/code-challenge/orchestrate/airflow/dags/step2_manual.py
[2025-01-27T19:37:11.624-0300] {processor.py:840} INFO - DAG(s) 'load_data_manual' retrieved from /home/victor/Desktop/TESTE/code-challenge/orchestrate/airflow/dags/step2_manual.py
[2025-01-27T19:37:11.635-0300] {logging_mixin.py:188} INFO - [2025-01-27T19:37:11.635-0300] {dag.py:3036} INFO - Sync 1 DAGs
[2025-01-27T19:37:11.645-0300] {logging_mixin.py:188} INFO - [2025-01-27T19:37:11.645-0300] {dag.py:3823} INFO - Setting next_dagrun for load_data_manual to 2025-01-27 00:00:00+00:00, run_after=2025-01-28 00:00:00+00:00
[2025-01-27T19:37:11.865-0300] {processor.py:183} INFO - Processing /home/victor/Desktop/TESTE/code-challenge/orchestrate/airflow/dags/step2_manual.py took 0.252 seconds
[2025-01-27T19:37:42.438-0300] {processor.py:161} INFO - Started process (PID=194426) to work on /home/victor/Desktop/TESTE/code-challenge/orchestrate/airflow/dags/step2_manual.py
[2025-01-27T19:37:42.456-0300] {processor.py:830} INFO - Processing file /home/victor/Desktop/TESTE/code-challenge/orchestrate/airflow/dags/step2_manual.py for tasks to queue
[2025-01-27T19:37:42.457-0300] {logging_mixin.py:188} INFO - [2025-01-27T19:37:42.456-0300] {dagbag.py:538} INFO - Filling up the DagBag from /home/victor/Desktop/TESTE/code-challenge/orchestrate/airflow/dags/step2_manual.py
[2025-01-27T19:37:42.463-0300] {processor.py:840} INFO - DAG(s) 'load_data_manual' retrieved from /home/victor/Desktop/TESTE/code-challenge/orchestrate/airflow/dags/step2_manual.py
[2025-01-27T19:37:42.474-0300] {logging_mixin.py:188} INFO - [2025-01-27T19:37:42.474-0300] {dag.py:3036} INFO - Sync 1 DAGs
[2025-01-27T19:37:42.484-0300] {logging_mixin.py:188} INFO - [2025-01-27T19:37:42.483-0300] {dag.py:3823} INFO - Setting next_dagrun for load_data_manual to 2025-01-27 00:00:00+00:00, run_after=2025-01-28 00:00:00+00:00
[2025-01-27T19:37:42.562-0300] {processor.py:183} INFO - Processing /home/victor/Desktop/TESTE/code-challenge/orchestrate/airflow/dags/step2_manual.py took 0.126 seconds
[2025-01-27T19:38:13.352-0300] {processor.py:161} INFO - Started process (PID=194513) to work on /home/victor/Desktop/TESTE/code-challenge/orchestrate/airflow/dags/step2_manual.py
[2025-01-27T19:38:13.353-0300] {processor.py:830} INFO - Processing file /home/victor/Desktop/TESTE/code-challenge/orchestrate/airflow/dags/step2_manual.py for tasks to queue
[2025-01-27T19:38:13.354-0300] {logging_mixin.py:188} INFO - [2025-01-27T19:38:13.353-0300] {dagbag.py:538} INFO - Filling up the DagBag from /home/victor/Desktop/TESTE/code-challenge/orchestrate/airflow/dags/step2_manual.py
[2025-01-27T19:38:13.359-0300] {processor.py:840} INFO - DAG(s) 'load_data_manual' retrieved from /home/victor/Desktop/TESTE/code-challenge/orchestrate/airflow/dags/step2_manual.py
[2025-01-27T19:38:13.370-0300] {logging_mixin.py:188} INFO - [2025-01-27T19:38:13.370-0300] {dag.py:3036} INFO - Sync 1 DAGs
[2025-01-27T19:38:13.380-0300] {logging_mixin.py:188} INFO - [2025-01-27T19:38:13.380-0300] {dag.py:3823} INFO - Setting next_dagrun for load_data_manual to 2025-01-27 00:00:00+00:00, run_after=2025-01-28 00:00:00+00:00
[2025-01-27T19:38:13.444-0300] {processor.py:183} INFO - Processing /home/victor/Desktop/TESTE/code-challenge/orchestrate/airflow/dags/step2_manual.py took 0.093 seconds
[2025-01-27T19:38:43.815-0300] {processor.py:161} INFO - Started process (PID=194602) to work on /home/victor/Desktop/TESTE/code-challenge/orchestrate/airflow/dags/step2_manual.py
[2025-01-27T19:38:43.835-0300] {processor.py:830} INFO - Processing file /home/victor/Desktop/TESTE/code-challenge/orchestrate/airflow/dags/step2_manual.py for tasks to queue
[2025-01-27T19:38:43.836-0300] {logging_mixin.py:188} INFO - [2025-01-27T19:38:43.836-0300] {dagbag.py:538} INFO - Filling up the DagBag from /home/victor/Desktop/TESTE/code-challenge/orchestrate/airflow/dags/step2_manual.py
[2025-01-27T19:38:43.842-0300] {processor.py:840} INFO - DAG(s) 'load_data_manual' retrieved from /home/victor/Desktop/TESTE/code-challenge/orchestrate/airflow/dags/step2_manual.py
[2025-01-27T19:38:43.853-0300] {logging_mixin.py:188} INFO - [2025-01-27T19:38:43.853-0300] {dag.py:3036} INFO - Sync 1 DAGs
[2025-01-27T19:38:43.863-0300] {logging_mixin.py:188} INFO - [2025-01-27T19:38:43.863-0300] {dag.py:3823} INFO - Setting next_dagrun for load_data_manual to 2025-01-27 00:00:00+00:00, run_after=2025-01-28 00:00:00+00:00
[2025-01-27T19:38:43.933-0300] {processor.py:183} INFO - Processing /home/victor/Desktop/TESTE/code-challenge/orchestrate/airflow/dags/step2_manual.py took 0.120 seconds
[2025-01-27T19:39:14.449-0300] {processor.py:161} INFO - Started process (PID=194655) to work on /home/victor/Desktop/TESTE/code-challenge/orchestrate/airflow/dags/step2_manual.py
[2025-01-27T19:39:14.450-0300] {processor.py:830} INFO - Processing file /home/victor/Desktop/TESTE/code-challenge/orchestrate/airflow/dags/step2_manual.py for tasks to queue
[2025-01-27T19:39:14.451-0300] {logging_mixin.py:188} INFO - [2025-01-27T19:39:14.450-0300] {dagbag.py:538} INFO - Filling up the DagBag from /home/victor/Desktop/TESTE/code-challenge/orchestrate/airflow/dags/step2_manual.py
[2025-01-27T19:39:14.456-0300] {processor.py:840} INFO - DAG(s) 'load_data_manual' retrieved from /home/victor/Desktop/TESTE/code-challenge/orchestrate/airflow/dags/step2_manual.py
[2025-01-27T19:39:14.466-0300] {logging_mixin.py:188} INFO - [2025-01-27T19:39:14.466-0300] {dag.py:3036} INFO - Sync 1 DAGs
[2025-01-27T19:39:14.476-0300] {logging_mixin.py:188} INFO - [2025-01-27T19:39:14.476-0300] {dag.py:3823} INFO - Setting next_dagrun for load_data_manual to 2025-01-27 00:00:00+00:00, run_after=2025-01-28 00:00:00+00:00
[2025-01-27T19:39:14.548-0300] {processor.py:183} INFO - Processing /home/victor/Desktop/TESTE/code-challenge/orchestrate/airflow/dags/step2_manual.py took 0.101 seconds
[2025-01-27T19:39:44.838-0300] {processor.py:161} INFO - Started process (PID=194739) to work on /home/victor/Desktop/TESTE/code-challenge/orchestrate/airflow/dags/step2_manual.py
[2025-01-27T19:39:44.843-0300] {processor.py:830} INFO - Processing file /home/victor/Desktop/TESTE/code-challenge/orchestrate/airflow/dags/step2_manual.py for tasks to queue
[2025-01-27T19:39:44.843-0300] {logging_mixin.py:188} INFO - [2025-01-27T19:39:44.843-0300] {dagbag.py:538} INFO - Filling up the DagBag from /home/victor/Desktop/TESTE/code-challenge/orchestrate/airflow/dags/step2_manual.py
[2025-01-27T19:39:44.849-0300] {processor.py:840} INFO - DAG(s) 'load_data_manual' retrieved from /home/victor/Desktop/TESTE/code-challenge/orchestrate/airflow/dags/step2_manual.py
[2025-01-27T19:39:44.859-0300] {logging_mixin.py:188} INFO - [2025-01-27T19:39:44.858-0300] {dag.py:3036} INFO - Sync 1 DAGs
[2025-01-27T19:39:44.868-0300] {logging_mixin.py:188} INFO - [2025-01-27T19:39:44.868-0300] {dag.py:3823} INFO - Setting next_dagrun for load_data_manual to 2025-01-27 00:00:00+00:00, run_after=2025-01-28 00:00:00+00:00
[2025-01-27T19:39:44.938-0300] {processor.py:183} INFO - Processing /home/victor/Desktop/TESTE/code-challenge/orchestrate/airflow/dags/step2_manual.py took 0.102 seconds
[2025-01-27T19:40:15.117-0300] {processor.py:161} INFO - Started process (PID=194789) to work on /home/victor/Desktop/TESTE/code-challenge/orchestrate/airflow/dags/step2_manual.py
[2025-01-27T19:40:15.118-0300] {processor.py:830} INFO - Processing file /home/victor/Desktop/TESTE/code-challenge/orchestrate/airflow/dags/step2_manual.py for tasks to queue
[2025-01-27T19:40:15.119-0300] {logging_mixin.py:188} INFO - [2025-01-27T19:40:15.118-0300] {dagbag.py:538} INFO - Filling up the DagBag from /home/victor/Desktop/TESTE/code-challenge/orchestrate/airflow/dags/step2_manual.py
[2025-01-27T19:40:15.124-0300] {processor.py:840} INFO - DAG(s) 'load_data_manual' retrieved from /home/victor/Desktop/TESTE/code-challenge/orchestrate/airflow/dags/step2_manual.py
[2025-01-27T19:40:15.135-0300] {logging_mixin.py:188} INFO - [2025-01-27T19:40:15.134-0300] {dag.py:3036} INFO - Sync 1 DAGs
[2025-01-27T19:40:15.144-0300] {logging_mixin.py:188} INFO - [2025-01-27T19:40:15.144-0300] {dag.py:3823} INFO - Setting next_dagrun for load_data_manual to 2025-01-27 00:00:00+00:00, run_after=2025-01-28 00:00:00+00:00
[2025-01-27T19:40:15.210-0300] {processor.py:183} INFO - Processing /home/victor/Desktop/TESTE/code-challenge/orchestrate/airflow/dags/step2_manual.py took 0.095 seconds
[2025-01-27T19:40:45.502-0300] {processor.py:161} INFO - Started process (PID=194959) to work on /home/victor/Desktop/TESTE/code-challenge/orchestrate/airflow/dags/step2_manual.py
[2025-01-27T19:40:45.517-0300] {processor.py:830} INFO - Processing file /home/victor/Desktop/TESTE/code-challenge/orchestrate/airflow/dags/step2_manual.py for tasks to queue
[2025-01-27T19:40:45.518-0300] {logging_mixin.py:188} INFO - [2025-01-27T19:40:45.518-0300] {dagbag.py:538} INFO - Filling up the DagBag from /home/victor/Desktop/TESTE/code-challenge/orchestrate/airflow/dags/step2_manual.py
[2025-01-27T19:40:45.525-0300] {processor.py:840} INFO - DAG(s) 'load_data_manual' retrieved from /home/victor/Desktop/TESTE/code-challenge/orchestrate/airflow/dags/step2_manual.py
[2025-01-27T19:40:45.536-0300] {logging_mixin.py:188} INFO - [2025-01-27T19:40:45.536-0300] {dag.py:3036} INFO - Sync 1 DAGs
[2025-01-27T19:40:45.546-0300] {logging_mixin.py:188} INFO - [2025-01-27T19:40:45.546-0300] {dag.py:3823} INFO - Setting next_dagrun for load_data_manual to 2025-01-27 00:00:00+00:00, run_after=2025-01-28 00:00:00+00:00
[2025-01-27T19:40:45.658-0300] {processor.py:183} INFO - Processing /home/victor/Desktop/TESTE/code-challenge/orchestrate/airflow/dags/step2_manual.py took 0.159 seconds
[2025-01-27T19:41:15.887-0300] {processor.py:161} INFO - Started process (PID=195022) to work on /home/victor/Desktop/TESTE/code-challenge/orchestrate/airflow/dags/step2_manual.py
[2025-01-27T19:41:15.888-0300] {processor.py:830} INFO - Processing file /home/victor/Desktop/TESTE/code-challenge/orchestrate/airflow/dags/step2_manual.py for tasks to queue
[2025-01-27T19:41:15.889-0300] {logging_mixin.py:188} INFO - [2025-01-27T19:41:15.888-0300] {dagbag.py:538} INFO - Filling up the DagBag from /home/victor/Desktop/TESTE/code-challenge/orchestrate/airflow/dags/step2_manual.py
[2025-01-27T19:41:15.894-0300] {processor.py:840} INFO - DAG(s) 'load_data_manual' retrieved from /home/victor/Desktop/TESTE/code-challenge/orchestrate/airflow/dags/step2_manual.py
[2025-01-27T19:41:15.904-0300] {logging_mixin.py:188} INFO - [2025-01-27T19:41:15.904-0300] {dag.py:3036} INFO - Sync 1 DAGs
[2025-01-27T19:41:15.914-0300] {logging_mixin.py:188} INFO - [2025-01-27T19:41:15.913-0300] {dag.py:3823} INFO - Setting next_dagrun for load_data_manual to 2025-01-27 00:00:00+00:00, run_after=2025-01-28 00:00:00+00:00
[2025-01-27T19:41:15.981-0300] {processor.py:183} INFO - Processing /home/victor/Desktop/TESTE/code-challenge/orchestrate/airflow/dags/step2_manual.py took 0.096 seconds
[2025-01-27T19:41:46.152-0300] {processor.py:161} INFO - Started process (PID=195079) to work on /home/victor/Desktop/TESTE/code-challenge/orchestrate/airflow/dags/step2_manual.py
[2025-01-27T19:41:46.230-0300] {processor.py:830} INFO - Processing file /home/victor/Desktop/TESTE/code-challenge/orchestrate/airflow/dags/step2_manual.py for tasks to queue
[2025-01-27T19:41:46.231-0300] {logging_mixin.py:188} INFO - [2025-01-27T19:41:46.230-0300] {dagbag.py:538} INFO - Filling up the DagBag from /home/victor/Desktop/TESTE/code-challenge/orchestrate/airflow/dags/step2_manual.py
[2025-01-27T19:41:46.237-0300] {processor.py:840} INFO - DAG(s) 'load_data_manual' retrieved from /home/victor/Desktop/TESTE/code-challenge/orchestrate/airflow/dags/step2_manual.py
[2025-01-27T19:41:46.248-0300] {logging_mixin.py:188} INFO - [2025-01-27T19:41:46.248-0300] {dag.py:3036} INFO - Sync 1 DAGs
[2025-01-27T19:41:46.257-0300] {logging_mixin.py:188} INFO - [2025-01-27T19:41:46.257-0300] {dag.py:3823} INFO - Setting next_dagrun for load_data_manual to 2025-01-27 00:00:00+00:00, run_after=2025-01-28 00:00:00+00:00
[2025-01-27T19:41:46.321-0300] {processor.py:183} INFO - Processing /home/victor/Desktop/TESTE/code-challenge/orchestrate/airflow/dags/step2_manual.py took 0.172 seconds
[2025-01-27T19:42:16.635-0300] {processor.py:161} INFO - Started process (PID=195125) to work on /home/victor/Desktop/TESTE/code-challenge/orchestrate/airflow/dags/step2_manual.py
[2025-01-27T19:42:16.636-0300] {processor.py:830} INFO - Processing file /home/victor/Desktop/TESTE/code-challenge/orchestrate/airflow/dags/step2_manual.py for tasks to queue
[2025-01-27T19:42:16.637-0300] {logging_mixin.py:188} INFO - [2025-01-27T19:42:16.636-0300] {dagbag.py:538} INFO - Filling up the DagBag from /home/victor/Desktop/TESTE/code-challenge/orchestrate/airflow/dags/step2_manual.py
[2025-01-27T19:42:16.643-0300] {processor.py:840} INFO - DAG(s) 'load_data_manual' retrieved from /home/victor/Desktop/TESTE/code-challenge/orchestrate/airflow/dags/step2_manual.py
[2025-01-27T19:42:16.653-0300] {logging_mixin.py:188} INFO - [2025-01-27T19:42:16.653-0300] {dag.py:3036} INFO - Sync 1 DAGs
[2025-01-27T19:42:16.662-0300] {logging_mixin.py:188} INFO - [2025-01-27T19:42:16.662-0300] {dag.py:3823} INFO - Setting next_dagrun for load_data_manual to 2025-01-27 00:00:00+00:00, run_after=2025-01-28 00:00:00+00:00
[2025-01-27T19:42:16.735-0300] {processor.py:183} INFO - Processing /home/victor/Desktop/TESTE/code-challenge/orchestrate/airflow/dags/step2_manual.py took 0.102 seconds
[2025-01-27T19:42:47.019-0300] {processor.py:161} INFO - Started process (PID=195247) to work on /home/victor/Desktop/TESTE/code-challenge/orchestrate/airflow/dags/step2_manual.py
[2025-01-27T19:42:47.039-0300] {processor.py:830} INFO - Processing file /home/victor/Desktop/TESTE/code-challenge/orchestrate/airflow/dags/step2_manual.py for tasks to queue
[2025-01-27T19:42:47.039-0300] {logging_mixin.py:188} INFO - [2025-01-27T19:42:47.039-0300] {dagbag.py:538} INFO - Filling up the DagBag from /home/victor/Desktop/TESTE/code-challenge/orchestrate/airflow/dags/step2_manual.py
[2025-01-27T19:42:47.045-0300] {processor.py:840} INFO - DAG(s) 'load_data_manual' retrieved from /home/victor/Desktop/TESTE/code-challenge/orchestrate/airflow/dags/step2_manual.py
[2025-01-27T19:42:47.055-0300] {logging_mixin.py:188} INFO - [2025-01-27T19:42:47.055-0300] {dag.py:3036} INFO - Sync 1 DAGs
[2025-01-27T19:42:47.065-0300] {logging_mixin.py:188} INFO - [2025-01-27T19:42:47.065-0300] {dag.py:3823} INFO - Setting next_dagrun for load_data_manual to 2025-01-27 00:00:00+00:00, run_after=2025-01-28 00:00:00+00:00
[2025-01-27T19:42:47.124-0300] {processor.py:183} INFO - Processing /home/victor/Desktop/TESTE/code-challenge/orchestrate/airflow/dags/step2_manual.py took 0.107 seconds
[2025-01-27T19:43:17.612-0300] {processor.py:161} INFO - Started process (PID=195600) to work on /home/victor/Desktop/TESTE/code-challenge/orchestrate/airflow/dags/step2_manual.py
[2025-01-27T19:43:17.612-0300] {processor.py:830} INFO - Processing file /home/victor/Desktop/TESTE/code-challenge/orchestrate/airflow/dags/step2_manual.py for tasks to queue
[2025-01-27T19:43:17.613-0300] {logging_mixin.py:188} INFO - [2025-01-27T19:43:17.613-0300] {dagbag.py:538} INFO - Filling up the DagBag from /home/victor/Desktop/TESTE/code-challenge/orchestrate/airflow/dags/step2_manual.py
[2025-01-27T19:43:17.619-0300] {processor.py:840} INFO - DAG(s) 'load_data_manual' retrieved from /home/victor/Desktop/TESTE/code-challenge/orchestrate/airflow/dags/step2_manual.py
[2025-01-27T19:43:17.629-0300] {logging_mixin.py:188} INFO - [2025-01-27T19:43:17.629-0300] {dag.py:3036} INFO - Sync 1 DAGs
[2025-01-27T19:43:17.638-0300] {logging_mixin.py:188} INFO - [2025-01-27T19:43:17.638-0300] {dag.py:3823} INFO - Setting next_dagrun for load_data_manual to 2025-01-27 00:00:00+00:00, run_after=2025-01-28 00:00:00+00:00
[2025-01-27T19:43:17.698-0300] {processor.py:183} INFO - Processing /home/victor/Desktop/TESTE/code-challenge/orchestrate/airflow/dags/step2_manual.py took 0.089 seconds
[2025-01-27T19:43:48.271-0300] {processor.py:161} INFO - Started process (PID=195733) to work on /home/victor/Desktop/TESTE/code-challenge/orchestrate/airflow/dags/step2_manual.py
[2025-01-27T19:43:48.285-0300] {processor.py:830} INFO - Processing file /home/victor/Desktop/TESTE/code-challenge/orchestrate/airflow/dags/step2_manual.py for tasks to queue
[2025-01-27T19:43:48.286-0300] {logging_mixin.py:188} INFO - [2025-01-27T19:43:48.286-0300] {dagbag.py:538} INFO - Filling up the DagBag from /home/victor/Desktop/TESTE/code-challenge/orchestrate/airflow/dags/step2_manual.py
[2025-01-27T19:43:48.293-0300] {processor.py:840} INFO - DAG(s) 'load_data_manual' retrieved from /home/victor/Desktop/TESTE/code-challenge/orchestrate/airflow/dags/step2_manual.py
[2025-01-27T19:43:48.304-0300] {logging_mixin.py:188} INFO - [2025-01-27T19:43:48.304-0300] {dag.py:3036} INFO - Sync 1 DAGs
[2025-01-27T19:43:48.315-0300] {logging_mixin.py:188} INFO - [2025-01-27T19:43:48.315-0300] {dag.py:3823} INFO - Setting next_dagrun for load_data_manual to 2025-01-27 00:00:00+00:00, run_after=2025-01-28 00:00:00+00:00
[2025-01-27T19:43:48.471-0300] {processor.py:183} INFO - Processing /home/victor/Desktop/TESTE/code-challenge/orchestrate/airflow/dags/step2_manual.py took 0.202 seconds
[2025-01-27T19:44:19.392-0300] {processor.py:161} INFO - Started process (PID=196032) to work on /home/victor/Desktop/TESTE/code-challenge/orchestrate/airflow/dags/step2_manual.py
[2025-01-27T19:44:19.393-0300] {processor.py:830} INFO - Processing file /home/victor/Desktop/TESTE/code-challenge/orchestrate/airflow/dags/step2_manual.py for tasks to queue
[2025-01-27T19:44:19.393-0300] {logging_mixin.py:188} INFO - [2025-01-27T19:44:19.393-0300] {dagbag.py:538} INFO - Filling up the DagBag from /home/victor/Desktop/TESTE/code-challenge/orchestrate/airflow/dags/step2_manual.py
[2025-01-27T19:44:19.399-0300] {processor.py:840} INFO - DAG(s) 'load_data_manual' retrieved from /home/victor/Desktop/TESTE/code-challenge/orchestrate/airflow/dags/step2_manual.py
[2025-01-27T19:44:19.410-0300] {logging_mixin.py:188} INFO - [2025-01-27T19:44:19.410-0300] {dag.py:3036} INFO - Sync 1 DAGs
[2025-01-27T19:44:19.420-0300] {logging_mixin.py:188} INFO - [2025-01-27T19:44:19.420-0300] {dag.py:3823} INFO - Setting next_dagrun for load_data_manual to 2025-01-27 00:00:00+00:00, run_after=2025-01-28 00:00:00+00:00
[2025-01-27T19:44:19.503-0300] {processor.py:183} INFO - Processing /home/victor/Desktop/TESTE/code-challenge/orchestrate/airflow/dags/step2_manual.py took 0.114 seconds
[2025-01-27T19:44:50.089-0300] {processor.py:161} INFO - Started process (PID=196283) to work on /home/victor/Desktop/TESTE/code-challenge/orchestrate/airflow/dags/step2_manual.py
[2025-01-27T19:44:50.168-0300] {processor.py:830} INFO - Processing file /home/victor/Desktop/TESTE/code-challenge/orchestrate/airflow/dags/step2_manual.py for tasks to queue
[2025-01-27T19:44:50.169-0300] {logging_mixin.py:188} INFO - [2025-01-27T19:44:50.169-0300] {dagbag.py:538} INFO - Filling up the DagBag from /home/victor/Desktop/TESTE/code-challenge/orchestrate/airflow/dags/step2_manual.py
[2025-01-27T19:44:50.176-0300] {processor.py:840} INFO - DAG(s) 'load_data_manual' retrieved from /home/victor/Desktop/TESTE/code-challenge/orchestrate/airflow/dags/step2_manual.py
[2025-01-27T19:44:50.187-0300] {logging_mixin.py:188} INFO - [2025-01-27T19:44:50.187-0300] {dag.py:3036} INFO - Sync 1 DAGs
[2025-01-27T19:44:50.197-0300] {logging_mixin.py:188} INFO - [2025-01-27T19:44:50.196-0300] {dag.py:3823} INFO - Setting next_dagrun for load_data_manual to 2025-01-27 00:00:00+00:00, run_after=2025-01-28 00:00:00+00:00
[2025-01-27T19:44:50.284-0300] {processor.py:183} INFO - Processing /home/victor/Desktop/TESTE/code-challenge/orchestrate/airflow/dags/step2_manual.py took 0.197 seconds
[2025-01-27T19:45:21.015-0300] {processor.py:161} INFO - Started process (PID=196912) to work on /home/victor/Desktop/TESTE/code-challenge/orchestrate/airflow/dags/step2_manual.py
[2025-01-27T19:45:21.024-0300] {processor.py:830} INFO - Processing file /home/victor/Desktop/TESTE/code-challenge/orchestrate/airflow/dags/step2_manual.py for tasks to queue
[2025-01-27T19:45:21.025-0300] {logging_mixin.py:188} INFO - [2025-01-27T19:45:21.025-0300] {dagbag.py:538} INFO - Filling up the DagBag from /home/victor/Desktop/TESTE/code-challenge/orchestrate/airflow/dags/step2_manual.py
[2025-01-27T19:45:21.031-0300] {processor.py:840} INFO - DAG(s) 'load_data_manual' retrieved from /home/victor/Desktop/TESTE/code-challenge/orchestrate/airflow/dags/step2_manual.py
[2025-01-27T19:45:21.042-0300] {logging_mixin.py:188} INFO - [2025-01-27T19:45:21.042-0300] {dag.py:3036} INFO - Sync 1 DAGs
[2025-01-27T19:45:21.053-0300] {logging_mixin.py:188} INFO - [2025-01-27T19:45:21.053-0300] {dag.py:3823} INFO - Setting next_dagrun for load_data_manual to 2025-01-27 00:00:00+00:00, run_after=2025-01-28 00:00:00+00:00
[2025-01-27T19:45:21.115-0300] {processor.py:183} INFO - Processing /home/victor/Desktop/TESTE/code-challenge/orchestrate/airflow/dags/step2_manual.py took 0.102 seconds
[2025-01-27T19:45:51.922-0300] {processor.py:161} INFO - Started process (PID=197038) to work on /home/victor/Desktop/TESTE/code-challenge/orchestrate/airflow/dags/step2_manual.py
[2025-01-27T19:45:51.923-0300] {processor.py:830} INFO - Processing file /home/victor/Desktop/TESTE/code-challenge/orchestrate/airflow/dags/step2_manual.py for tasks to queue
[2025-01-27T19:45:51.924-0300] {logging_mixin.py:188} INFO - [2025-01-27T19:45:51.923-0300] {dagbag.py:538} INFO - Filling up the DagBag from /home/victor/Desktop/TESTE/code-challenge/orchestrate/airflow/dags/step2_manual.py
[2025-01-27T19:45:51.929-0300] {processor.py:840} INFO - DAG(s) 'load_data_manual' retrieved from /home/victor/Desktop/TESTE/code-challenge/orchestrate/airflow/dags/step2_manual.py
[2025-01-27T19:45:51.940-0300] {logging_mixin.py:188} INFO - [2025-01-27T19:45:51.940-0300] {dag.py:3036} INFO - Sync 1 DAGs
[2025-01-27T19:45:51.950-0300] {logging_mixin.py:188} INFO - [2025-01-27T19:45:51.950-0300] {dag.py:3823} INFO - Setting next_dagrun for load_data_manual to 2025-01-27 00:00:00+00:00, run_after=2025-01-28 00:00:00+00:00
[2025-01-27T19:45:52.138-0300] {processor.py:183} INFO - Processing /home/victor/Desktop/TESTE/code-challenge/orchestrate/airflow/dags/step2_manual.py took 0.218 seconds
[2025-01-27T19:46:22.445-0300] {processor.py:161} INFO - Started process (PID=197183) to work on /home/victor/Desktop/TESTE/code-challenge/orchestrate/airflow/dags/step2_manual.py
[2025-01-27T19:46:22.462-0300] {processor.py:830} INFO - Processing file /home/victor/Desktop/TESTE/code-challenge/orchestrate/airflow/dags/step2_manual.py for tasks to queue
[2025-01-27T19:46:22.463-0300] {logging_mixin.py:188} INFO - [2025-01-27T19:46:22.462-0300] {dagbag.py:538} INFO - Filling up the DagBag from /home/victor/Desktop/TESTE/code-challenge/orchestrate/airflow/dags/step2_manual.py
[2025-01-27T19:46:22.469-0300] {processor.py:840} INFO - DAG(s) 'load_data_manual' retrieved from /home/victor/Desktop/TESTE/code-challenge/orchestrate/airflow/dags/step2_manual.py
[2025-01-27T19:46:22.480-0300] {logging_mixin.py:188} INFO - [2025-01-27T19:46:22.480-0300] {dag.py:3036} INFO - Sync 1 DAGs
[2025-01-27T19:46:22.490-0300] {logging_mixin.py:188} INFO - [2025-01-27T19:46:22.489-0300] {dag.py:3823} INFO - Setting next_dagrun for load_data_manual to 2025-01-27 00:00:00+00:00, run_after=2025-01-28 00:00:00+00:00
[2025-01-27T19:46:22.553-0300] {processor.py:183} INFO - Processing /home/victor/Desktop/TESTE/code-challenge/orchestrate/airflow/dags/step2_manual.py took 0.110 seconds
[2025-01-27T19:46:53.534-0300] {processor.py:161} INFO - Started process (PID=197246) to work on /home/victor/Desktop/TESTE/code-challenge/orchestrate/airflow/dags/step2_manual.py
[2025-01-27T19:46:53.535-0300] {processor.py:830} INFO - Processing file /home/victor/Desktop/TESTE/code-challenge/orchestrate/airflow/dags/step2_manual.py for tasks to queue
[2025-01-27T19:46:53.535-0300] {logging_mixin.py:188} INFO - [2025-01-27T19:46:53.535-0300] {dagbag.py:538} INFO - Filling up the DagBag from /home/victor/Desktop/TESTE/code-challenge/orchestrate/airflow/dags/step2_manual.py
[2025-01-27T19:46:53.541-0300] {processor.py:840} INFO - DAG(s) 'load_data_manual' retrieved from /home/victor/Desktop/TESTE/code-challenge/orchestrate/airflow/dags/step2_manual.py
[2025-01-27T19:46:53.552-0300] {logging_mixin.py:188} INFO - [2025-01-27T19:46:53.552-0300] {dag.py:3036} INFO - Sync 1 DAGs
[2025-01-27T19:46:53.562-0300] {logging_mixin.py:188} INFO - [2025-01-27T19:46:53.562-0300] {dag.py:3823} INFO - Setting next_dagrun for load_data_manual to 2025-01-27 00:00:00+00:00, run_after=2025-01-28 00:00:00+00:00
[2025-01-27T19:46:53.625-0300] {processor.py:183} INFO - Processing /home/victor/Desktop/TESTE/code-challenge/orchestrate/airflow/dags/step2_manual.py took 0.094 seconds
[2025-01-27T19:47:24.248-0300] {processor.py:161} INFO - Started process (PID=197343) to work on /home/victor/Desktop/TESTE/code-challenge/orchestrate/airflow/dags/step2_manual.py
[2025-01-27T19:47:24.280-0300] {processor.py:830} INFO - Processing file /home/victor/Desktop/TESTE/code-challenge/orchestrate/airflow/dags/step2_manual.py for tasks to queue
[2025-01-27T19:47:24.281-0300] {logging_mixin.py:188} INFO - [2025-01-27T19:47:24.281-0300] {dagbag.py:538} INFO - Filling up the DagBag from /home/victor/Desktop/TESTE/code-challenge/orchestrate/airflow/dags/step2_manual.py
[2025-01-27T19:47:24.287-0300] {processor.py:840} INFO - DAG(s) 'load_data_manual' retrieved from /home/victor/Desktop/TESTE/code-challenge/orchestrate/airflow/dags/step2_manual.py
[2025-01-27T19:47:24.299-0300] {logging_mixin.py:188} INFO - [2025-01-27T19:47:24.298-0300] {dag.py:3036} INFO - Sync 1 DAGs
[2025-01-27T19:47:24.309-0300] {logging_mixin.py:188} INFO - [2025-01-27T19:47:24.309-0300] {dag.py:3823} INFO - Setting next_dagrun for load_data_manual to 2025-01-27 00:00:00+00:00, run_after=2025-01-28 00:00:00+00:00
[2025-01-27T19:47:24.364-0300] {processor.py:183} INFO - Processing /home/victor/Desktop/TESTE/code-challenge/orchestrate/airflow/dags/step2_manual.py took 0.118 seconds
[2025-01-27T19:47:54.945-0300] {processor.py:161} INFO - Started process (PID=197406) to work on /home/victor/Desktop/TESTE/code-challenge/orchestrate/airflow/dags/step2_manual.py
[2025-01-27T19:47:54.946-0300] {processor.py:830} INFO - Processing file /home/victor/Desktop/TESTE/code-challenge/orchestrate/airflow/dags/step2_manual.py for tasks to queue
[2025-01-27T19:47:54.947-0300] {logging_mixin.py:188} INFO - [2025-01-27T19:47:54.946-0300] {dagbag.py:538} INFO - Filling up the DagBag from /home/victor/Desktop/TESTE/code-challenge/orchestrate/airflow/dags/step2_manual.py
[2025-01-27T19:47:54.953-0300] {processor.py:840} INFO - DAG(s) 'load_data_manual' retrieved from /home/victor/Desktop/TESTE/code-challenge/orchestrate/airflow/dags/step2_manual.py
[2025-01-27T19:47:54.965-0300] {logging_mixin.py:188} INFO - [2025-01-27T19:47:54.965-0300] {dag.py:3036} INFO - Sync 1 DAGs
[2025-01-27T19:47:54.975-0300] {logging_mixin.py:188} INFO - [2025-01-27T19:47:54.975-0300] {dag.py:3823} INFO - Setting next_dagrun for load_data_manual to 2025-01-27 00:00:00+00:00, run_after=2025-01-28 00:00:00+00:00
[2025-01-27T19:47:55.037-0300] {processor.py:183} INFO - Processing /home/victor/Desktop/TESTE/code-challenge/orchestrate/airflow/dags/step2_manual.py took 0.094 seconds
[2025-01-27T19:48:25.098-0300] {processor.py:161} INFO - Started process (PID=197602) to work on /home/victor/Desktop/TESTE/code-challenge/orchestrate/airflow/dags/step2_manual.py
[2025-01-27T19:48:25.109-0300] {processor.py:830} INFO - Processing file /home/victor/Desktop/TESTE/code-challenge/orchestrate/airflow/dags/step2_manual.py for tasks to queue
[2025-01-27T19:48:25.110-0300] {logging_mixin.py:188} INFO - [2025-01-27T19:48:25.110-0300] {dagbag.py:538} INFO - Filling up the DagBag from /home/victor/Desktop/TESTE/code-challenge/orchestrate/airflow/dags/step2_manual.py
[2025-01-27T19:48:25.116-0300] {processor.py:840} INFO - DAG(s) 'load_data_manual' retrieved from /home/victor/Desktop/TESTE/code-challenge/orchestrate/airflow/dags/step2_manual.py
[2025-01-27T19:48:25.126-0300] {logging_mixin.py:188} INFO - [2025-01-27T19:48:25.126-0300] {dag.py:3036} INFO - Sync 1 DAGs
[2025-01-27T19:48:25.136-0300] {logging_mixin.py:188} INFO - [2025-01-27T19:48:25.136-0300] {dag.py:3823} INFO - Setting next_dagrun for load_data_manual to 2025-01-27 00:00:00+00:00, run_after=2025-01-28 00:00:00+00:00
[2025-01-27T19:48:25.202-0300] {processor.py:183} INFO - Processing /home/victor/Desktop/TESTE/code-challenge/orchestrate/airflow/dags/step2_manual.py took 0.106 seconds
[2025-01-27T19:48:55.351-0300] {processor.py:161} INFO - Started process (PID=197742) to work on /home/victor/Desktop/TESTE/code-challenge/orchestrate/airflow/dags/step2_manual.py
[2025-01-27T19:48:55.352-0300] {processor.py:830} INFO - Processing file /home/victor/Desktop/TESTE/code-challenge/orchestrate/airflow/dags/step2_manual.py for tasks to queue
[2025-01-27T19:48:55.352-0300] {logging_mixin.py:188} INFO - [2025-01-27T19:48:55.352-0300] {dagbag.py:538} INFO - Filling up the DagBag from /home/victor/Desktop/TESTE/code-challenge/orchestrate/airflow/dags/step2_manual.py
[2025-01-27T19:48:55.358-0300] {processor.py:840} INFO - DAG(s) 'load_data_manual' retrieved from /home/victor/Desktop/TESTE/code-challenge/orchestrate/airflow/dags/step2_manual.py
[2025-01-27T19:48:55.369-0300] {logging_mixin.py:188} INFO - [2025-01-27T19:48:55.369-0300] {dag.py:3036} INFO - Sync 1 DAGs
[2025-01-27T19:48:55.379-0300] {logging_mixin.py:188} INFO - [2025-01-27T19:48:55.379-0300] {dag.py:3823} INFO - Setting next_dagrun for load_data_manual to 2025-01-27 00:00:00+00:00, run_after=2025-01-28 00:00:00+00:00
[2025-01-27T19:48:55.442-0300] {processor.py:183} INFO - Processing /home/victor/Desktop/TESTE/code-challenge/orchestrate/airflow/dags/step2_manual.py took 0.093 seconds
[2025-01-27T19:49:25.502-0300] {processor.py:161} INFO - Started process (PID=197838) to work on /home/victor/Desktop/TESTE/code-challenge/orchestrate/airflow/dags/step2_manual.py
[2025-01-27T19:49:25.502-0300] {processor.py:830} INFO - Processing file /home/victor/Desktop/TESTE/code-challenge/orchestrate/airflow/dags/step2_manual.py for tasks to queue
[2025-01-27T19:49:25.503-0300] {logging_mixin.py:188} INFO - [2025-01-27T19:49:25.503-0300] {dagbag.py:538} INFO - Filling up the DagBag from /home/victor/Desktop/TESTE/code-challenge/orchestrate/airflow/dags/step2_manual.py
[2025-01-27T19:49:25.509-0300] {processor.py:840} INFO - DAG(s) 'load_data_manual' retrieved from /home/victor/Desktop/TESTE/code-challenge/orchestrate/airflow/dags/step2_manual.py
[2025-01-27T19:49:25.520-0300] {logging_mixin.py:188} INFO - [2025-01-27T19:49:25.520-0300] {dag.py:3036} INFO - Sync 1 DAGs
[2025-01-27T19:49:25.529-0300] {logging_mixin.py:188} INFO - [2025-01-27T19:49:25.529-0300] {dag.py:3823} INFO - Setting next_dagrun for load_data_manual to 2025-01-27 00:00:00+00:00, run_after=2025-01-28 00:00:00+00:00
[2025-01-27T19:49:25.599-0300] {processor.py:183} INFO - Processing /home/victor/Desktop/TESTE/code-challenge/orchestrate/airflow/dags/step2_manual.py took 0.099 seconds
[2025-01-27T19:49:55.753-0300] {processor.py:161} INFO - Started process (PID=198017) to work on /home/victor/Desktop/TESTE/code-challenge/orchestrate/airflow/dags/step2_manual.py
[2025-01-27T19:49:55.766-0300] {processor.py:830} INFO - Processing file /home/victor/Desktop/TESTE/code-challenge/orchestrate/airflow/dags/step2_manual.py for tasks to queue
[2025-01-27T19:49:55.766-0300] {logging_mixin.py:188} INFO - [2025-01-27T19:49:55.766-0300] {dagbag.py:538} INFO - Filling up the DagBag from /home/victor/Desktop/TESTE/code-challenge/orchestrate/airflow/dags/step2_manual.py
[2025-01-27T19:49:55.772-0300] {processor.py:840} INFO - DAG(s) 'load_data_manual' retrieved from /home/victor/Desktop/TESTE/code-challenge/orchestrate/airflow/dags/step2_manual.py
[2025-01-27T19:49:55.783-0300] {logging_mixin.py:188} INFO - [2025-01-27T19:49:55.783-0300] {dag.py:3036} INFO - Sync 1 DAGs
[2025-01-27T19:49:55.793-0300] {logging_mixin.py:188} INFO - [2025-01-27T19:49:55.792-0300] {dag.py:3823} INFO - Setting next_dagrun for load_data_manual to 2025-01-27 00:00:00+00:00, run_after=2025-01-28 00:00:00+00:00
[2025-01-27T19:49:55.863-0300] {processor.py:183} INFO - Processing /home/victor/Desktop/TESTE/code-challenge/orchestrate/airflow/dags/step2_manual.py took 0.112 seconds
[2025-01-27T19:50:26.004-0300] {processor.py:161} INFO - Started process (PID=198135) to work on /home/victor/Desktop/TESTE/code-challenge/orchestrate/airflow/dags/step2_manual.py
[2025-01-27T19:50:26.004-0300] {processor.py:830} INFO - Processing file /home/victor/Desktop/TESTE/code-challenge/orchestrate/airflow/dags/step2_manual.py for tasks to queue
[2025-01-27T19:50:26.005-0300] {logging_mixin.py:188} INFO - [2025-01-27T19:50:26.005-0300] {dagbag.py:538} INFO - Filling up the DagBag from /home/victor/Desktop/TESTE/code-challenge/orchestrate/airflow/dags/step2_manual.py
[2025-01-27T19:50:26.011-0300] {processor.py:840} INFO - DAG(s) 'load_data_manual' retrieved from /home/victor/Desktop/TESTE/code-challenge/orchestrate/airflow/dags/step2_manual.py
[2025-01-27T19:50:26.022-0300] {logging_mixin.py:188} INFO - [2025-01-27T19:50:26.022-0300] {dag.py:3036} INFO - Sync 1 DAGs
[2025-01-27T19:50:26.033-0300] {logging_mixin.py:188} INFO - [2025-01-27T19:50:26.032-0300] {dag.py:3823} INFO - Setting next_dagrun for load_data_manual to 2025-01-27 00:00:00+00:00, run_after=2025-01-28 00:00:00+00:00
[2025-01-27T19:50:26.103-0300] {processor.py:183} INFO - Processing /home/victor/Desktop/TESTE/code-challenge/orchestrate/airflow/dags/step2_manual.py took 0.102 seconds
[2025-01-27T19:50:56.256-0300] {processor.py:161} INFO - Started process (PID=198205) to work on /home/victor/Desktop/TESTE/code-challenge/orchestrate/airflow/dags/step2_manual.py
[2025-01-27T19:50:56.269-0300] {processor.py:830} INFO - Processing file /home/victor/Desktop/TESTE/code-challenge/orchestrate/airflow/dags/step2_manual.py for tasks to queue
[2025-01-27T19:50:56.270-0300] {logging_mixin.py:188} INFO - [2025-01-27T19:50:56.269-0300] {dagbag.py:538} INFO - Filling up the DagBag from /home/victor/Desktop/TESTE/code-challenge/orchestrate/airflow/dags/step2_manual.py
[2025-01-27T19:50:56.276-0300] {processor.py:840} INFO - DAG(s) 'load_data_manual' retrieved from /home/victor/Desktop/TESTE/code-challenge/orchestrate/airflow/dags/step2_manual.py
[2025-01-27T19:50:56.287-0300] {logging_mixin.py:188} INFO - [2025-01-27T19:50:56.287-0300] {dag.py:3036} INFO - Sync 1 DAGs
[2025-01-27T19:50:56.297-0300] {logging_mixin.py:188} INFO - [2025-01-27T19:50:56.296-0300] {dag.py:3823} INFO - Setting next_dagrun for load_data_manual to 2025-01-27 00:00:00+00:00, run_after=2025-01-28 00:00:00+00:00
[2025-01-27T19:50:56.367-0300] {processor.py:183} INFO - Processing /home/victor/Desktop/TESTE/code-challenge/orchestrate/airflow/dags/step2_manual.py took 0.113 seconds
[2025-01-27T19:51:26.510-0300] {processor.py:161} INFO - Started process (PID=198332) to work on /home/victor/Desktop/TESTE/code-challenge/orchestrate/airflow/dags/step2_manual.py
[2025-01-27T19:51:26.510-0300] {processor.py:830} INFO - Processing file /home/victor/Desktop/TESTE/code-challenge/orchestrate/airflow/dags/step2_manual.py for tasks to queue
[2025-01-27T19:51:26.511-0300] {logging_mixin.py:188} INFO - [2025-01-27T19:51:26.511-0300] {dagbag.py:538} INFO - Filling up the DagBag from /home/victor/Desktop/TESTE/code-challenge/orchestrate/airflow/dags/step2_manual.py
[2025-01-27T19:51:26.517-0300] {processor.py:840} INFO - DAG(s) 'load_data_manual' retrieved from /home/victor/Desktop/TESTE/code-challenge/orchestrate/airflow/dags/step2_manual.py
[2025-01-27T19:51:26.527-0300] {logging_mixin.py:188} INFO - [2025-01-27T19:51:26.527-0300] {dag.py:3036} INFO - Sync 1 DAGs
[2025-01-27T19:51:26.537-0300] {logging_mixin.py:188} INFO - [2025-01-27T19:51:26.537-0300] {dag.py:3823} INFO - Setting next_dagrun for load_data_manual to 2025-01-27 00:00:00+00:00, run_after=2025-01-28 00:00:00+00:00
[2025-01-27T19:51:26.607-0300] {processor.py:183} INFO - Processing /home/victor/Desktop/TESTE/code-challenge/orchestrate/airflow/dags/step2_manual.py took 0.100 seconds
[2025-01-27T19:51:56.763-0300] {processor.py:161} INFO - Started process (PID=198555) to work on /home/victor/Desktop/TESTE/code-challenge/orchestrate/airflow/dags/step2_manual.py
[2025-01-27T19:51:56.773-0300] {processor.py:830} INFO - Processing file /home/victor/Desktop/TESTE/code-challenge/orchestrate/airflow/dags/step2_manual.py for tasks to queue
[2025-01-27T19:51:56.774-0300] {logging_mixin.py:188} INFO - [2025-01-27T19:51:56.773-0300] {dagbag.py:538} INFO - Filling up the DagBag from /home/victor/Desktop/TESTE/code-challenge/orchestrate/airflow/dags/step2_manual.py
[2025-01-27T19:51:56.780-0300] {processor.py:840} INFO - DAG(s) 'load_data_manual' retrieved from /home/victor/Desktop/TESTE/code-challenge/orchestrate/airflow/dags/step2_manual.py
[2025-01-27T19:51:56.791-0300] {logging_mixin.py:188} INFO - [2025-01-27T19:51:56.791-0300] {dag.py:3036} INFO - Sync 1 DAGs
[2025-01-27T19:51:56.802-0300] {logging_mixin.py:188} INFO - [2025-01-27T19:51:56.801-0300] {dag.py:3823} INFO - Setting next_dagrun for load_data_manual to 2025-01-27 00:00:00+00:00, run_after=2025-01-28 00:00:00+00:00
[2025-01-27T19:51:56.864-0300] {processor.py:183} INFO - Processing /home/victor/Desktop/TESTE/code-challenge/orchestrate/airflow/dags/step2_manual.py took 0.103 seconds
[2025-01-27T19:52:27.106-0300] {processor.py:161} INFO - Started process (PID=198813) to work on /home/victor/Desktop/TESTE/code-challenge/orchestrate/airflow/dags/step2_manual.py
[2025-01-27T19:52:27.106-0300] {processor.py:830} INFO - Processing file /home/victor/Desktop/TESTE/code-challenge/orchestrate/airflow/dags/step2_manual.py for tasks to queue
[2025-01-27T19:52:27.107-0300] {logging_mixin.py:188} INFO - [2025-01-27T19:52:27.107-0300] {dagbag.py:538} INFO - Filling up the DagBag from /home/victor/Desktop/TESTE/code-challenge/orchestrate/airflow/dags/step2_manual.py
[2025-01-27T19:52:27.113-0300] {processor.py:840} INFO - DAG(s) 'load_data_manual' retrieved from /home/victor/Desktop/TESTE/code-challenge/orchestrate/airflow/dags/step2_manual.py
[2025-01-27T19:52:27.123-0300] {logging_mixin.py:188} INFO - [2025-01-27T19:52:27.123-0300] {dag.py:3036} INFO - Sync 1 DAGs
[2025-01-27T19:52:27.133-0300] {logging_mixin.py:188} INFO - [2025-01-27T19:52:27.133-0300] {dag.py:3823} INFO - Setting next_dagrun for load_data_manual to 2025-01-27 00:00:00+00:00, run_after=2025-01-28 00:00:00+00:00
[2025-01-27T19:52:27.212-0300] {processor.py:183} INFO - Processing /home/victor/Desktop/TESTE/code-challenge/orchestrate/airflow/dags/step2_manual.py took 0.109 seconds
[2025-01-27T19:52:57.435-0300] {processor.py:161} INFO - Started process (PID=199007) to work on /home/victor/Desktop/TESTE/code-challenge/orchestrate/airflow/dags/step2_manual.py
[2025-01-27T19:52:57.444-0300] {processor.py:830} INFO - Processing file /home/victor/Desktop/TESTE/code-challenge/orchestrate/airflow/dags/step2_manual.py for tasks to queue
[2025-01-27T19:52:57.445-0300] {logging_mixin.py:188} INFO - [2025-01-27T19:52:57.444-0300] {dagbag.py:538} INFO - Filling up the DagBag from /home/victor/Desktop/TESTE/code-challenge/orchestrate/airflow/dags/step2_manual.py
[2025-01-27T19:52:57.450-0300] {processor.py:840} INFO - DAG(s) 'load_data_manual' retrieved from /home/victor/Desktop/TESTE/code-challenge/orchestrate/airflow/dags/step2_manual.py
[2025-01-27T19:52:57.461-0300] {logging_mixin.py:188} INFO - [2025-01-27T19:52:57.461-0300] {dag.py:3036} INFO - Sync 1 DAGs
[2025-01-27T19:52:57.471-0300] {logging_mixin.py:188} INFO - [2025-01-27T19:52:57.471-0300] {dag.py:3823} INFO - Setting next_dagrun for load_data_manual to 2025-01-27 00:00:00+00:00, run_after=2025-01-28 00:00:00+00:00
[2025-01-27T19:52:57.609-0300] {processor.py:183} INFO - Processing /home/victor/Desktop/TESTE/code-challenge/orchestrate/airflow/dags/step2_manual.py took 0.176 seconds
[2025-01-27T19:53:27.693-0300] {processor.py:161} INFO - Started process (PID=199177) to work on /home/victor/Desktop/TESTE/code-challenge/orchestrate/airflow/dags/step2_manual.py
[2025-01-27T19:53:27.694-0300] {processor.py:830} INFO - Processing file /home/victor/Desktop/TESTE/code-challenge/orchestrate/airflow/dags/step2_manual.py for tasks to queue
[2025-01-27T19:53:27.695-0300] {logging_mixin.py:188} INFO - [2025-01-27T19:53:27.694-0300] {dagbag.py:538} INFO - Filling up the DagBag from /home/victor/Desktop/TESTE/code-challenge/orchestrate/airflow/dags/step2_manual.py
[2025-01-27T19:53:27.703-0300] {processor.py:840} INFO - DAG(s) 'load_data_manual' retrieved from /home/victor/Desktop/TESTE/code-challenge/orchestrate/airflow/dags/step2_manual.py
[2025-01-27T19:53:27.716-0300] {logging_mixin.py:188} INFO - [2025-01-27T19:53:27.716-0300] {dag.py:3036} INFO - Sync 1 DAGs
[2025-01-27T19:53:27.732-0300] {logging_mixin.py:188} INFO - [2025-01-27T19:53:27.732-0300] {dag.py:3823} INFO - Setting next_dagrun for load_data_manual to 2025-01-27 00:00:00+00:00, run_after=2025-01-28 00:00:00+00:00
[2025-01-27T19:53:27.798-0300] {processor.py:183} INFO - Processing /home/victor/Desktop/TESTE/code-challenge/orchestrate/airflow/dags/step2_manual.py took 0.108 seconds
[2025-01-27T19:53:57.944-0300] {processor.py:161} INFO - Started process (PID=199331) to work on /home/victor/Desktop/TESTE/code-challenge/orchestrate/airflow/dags/step2_manual.py
[2025-01-27T19:53:57.945-0300] {processor.py:830} INFO - Processing file /home/victor/Desktop/TESTE/code-challenge/orchestrate/airflow/dags/step2_manual.py for tasks to queue
[2025-01-27T19:53:57.946-0300] {logging_mixin.py:188} INFO - [2025-01-27T19:53:57.945-0300] {dagbag.py:538} INFO - Filling up the DagBag from /home/victor/Desktop/TESTE/code-challenge/orchestrate/airflow/dags/step2_manual.py
[2025-01-27T19:53:57.951-0300] {processor.py:840} INFO - DAG(s) 'load_data_manual' retrieved from /home/victor/Desktop/TESTE/code-challenge/orchestrate/airflow/dags/step2_manual.py
[2025-01-27T19:53:57.961-0300] {logging_mixin.py:188} INFO - [2025-01-27T19:53:57.961-0300] {dag.py:3036} INFO - Sync 1 DAGs
[2025-01-27T19:53:57.971-0300] {logging_mixin.py:188} INFO - [2025-01-27T19:53:57.971-0300] {dag.py:3823} INFO - Setting next_dagrun for load_data_manual to 2025-01-27 00:00:00+00:00, run_after=2025-01-28 00:00:00+00:00
[2025-01-27T19:53:58.063-0300] {processor.py:183} INFO - Processing /home/victor/Desktop/TESTE/code-challenge/orchestrate/airflow/dags/step2_manual.py took 0.122 seconds
[2025-01-27T19:54:28.196-0300] {processor.py:161} INFO - Started process (PID=199461) to work on /home/victor/Desktop/TESTE/code-challenge/orchestrate/airflow/dags/step2_manual.py
[2025-01-27T19:54:28.197-0300] {processor.py:830} INFO - Processing file /home/victor/Desktop/TESTE/code-challenge/orchestrate/airflow/dags/step2_manual.py for tasks to queue
[2025-01-27T19:54:28.198-0300] {logging_mixin.py:188} INFO - [2025-01-27T19:54:28.197-0300] {dagbag.py:538} INFO - Filling up the DagBag from /home/victor/Desktop/TESTE/code-challenge/orchestrate/airflow/dags/step2_manual.py
[2025-01-27T19:54:28.203-0300] {processor.py:840} INFO - DAG(s) 'load_data_manual' retrieved from /home/victor/Desktop/TESTE/code-challenge/orchestrate/airflow/dags/step2_manual.py
[2025-01-27T19:54:28.213-0300] {logging_mixin.py:188} INFO - [2025-01-27T19:54:28.213-0300] {dag.py:3036} INFO - Sync 1 DAGs
[2025-01-27T19:54:28.223-0300] {logging_mixin.py:188} INFO - [2025-01-27T19:54:28.223-0300] {dag.py:3823} INFO - Setting next_dagrun for load_data_manual to 2025-01-27 00:00:00+00:00, run_after=2025-01-28 00:00:00+00:00
[2025-01-27T19:54:28.295-0300] {processor.py:183} INFO - Processing /home/victor/Desktop/TESTE/code-challenge/orchestrate/airflow/dags/step2_manual.py took 0.101 seconds
[2025-01-27T19:54:58.415-0300] {processor.py:161} INFO - Started process (PID=199654) to work on /home/victor/Desktop/TESTE/code-challenge/orchestrate/airflow/dags/step2_manual.py
[2025-01-27T19:54:58.415-0300] {processor.py:830} INFO - Processing file /home/victor/Desktop/TESTE/code-challenge/orchestrate/airflow/dags/step2_manual.py for tasks to queue
[2025-01-27T19:54:58.416-0300] {logging_mixin.py:188} INFO - [2025-01-27T19:54:58.416-0300] {dagbag.py:538} INFO - Filling up the DagBag from /home/victor/Desktop/TESTE/code-challenge/orchestrate/airflow/dags/step2_manual.py
[2025-01-27T19:54:58.422-0300] {processor.py:840} INFO - DAG(s) 'load_data_manual' retrieved from /home/victor/Desktop/TESTE/code-challenge/orchestrate/airflow/dags/step2_manual.py
[2025-01-27T19:54:58.433-0300] {logging_mixin.py:188} INFO - [2025-01-27T19:54:58.433-0300] {dag.py:3036} INFO - Sync 1 DAGs
[2025-01-27T19:54:58.444-0300] {logging_mixin.py:188} INFO - [2025-01-27T19:54:58.444-0300] {dag.py:3823} INFO - Setting next_dagrun for load_data_manual to 2025-01-27 00:00:00+00:00, run_after=2025-01-28 00:00:00+00:00
[2025-01-27T19:54:58.509-0300] {processor.py:183} INFO - Processing /home/victor/Desktop/TESTE/code-challenge/orchestrate/airflow/dags/step2_manual.py took 0.097 seconds
[2025-01-27T19:55:28.571-0300] {processor.py:161} INFO - Started process (PID=199876) to work on /home/victor/Desktop/TESTE/code-challenge/orchestrate/airflow/dags/step2_manual.py
[2025-01-27T19:55:28.585-0300] {processor.py:830} INFO - Processing file /home/victor/Desktop/TESTE/code-challenge/orchestrate/airflow/dags/step2_manual.py for tasks to queue
[2025-01-27T19:55:28.586-0300] {logging_mixin.py:188} INFO - [2025-01-27T19:55:28.585-0300] {dagbag.py:538} INFO - Filling up the DagBag from /home/victor/Desktop/TESTE/code-challenge/orchestrate/airflow/dags/step2_manual.py
[2025-01-27T19:55:28.592-0300] {processor.py:840} INFO - DAG(s) 'load_data_manual' retrieved from /home/victor/Desktop/TESTE/code-challenge/orchestrate/airflow/dags/step2_manual.py
[2025-01-27T19:55:28.603-0300] {logging_mixin.py:188} INFO - [2025-01-27T19:55:28.603-0300] {dag.py:3036} INFO - Sync 1 DAGs
[2025-01-27T19:55:28.614-0300] {logging_mixin.py:188} INFO - [2025-01-27T19:55:28.614-0300] {dag.py:3823} INFO - Setting next_dagrun for load_data_manual to 2025-01-27 00:00:00+00:00, run_after=2025-01-28 00:00:00+00:00
[2025-01-27T19:55:28.675-0300] {processor.py:183} INFO - Processing /home/victor/Desktop/TESTE/code-challenge/orchestrate/airflow/dags/step2_manual.py took 0.106 seconds
[2025-01-27T19:55:58.824-0300] {processor.py:161} INFO - Started process (PID=200087) to work on /home/victor/Desktop/TESTE/code-challenge/orchestrate/airflow/dags/step2_manual.py
[2025-01-27T19:55:58.825-0300] {processor.py:830} INFO - Processing file /home/victor/Desktop/TESTE/code-challenge/orchestrate/airflow/dags/step2_manual.py for tasks to queue
[2025-01-27T19:55:58.825-0300] {logging_mixin.py:188} INFO - [2025-01-27T19:55:58.825-0300] {dagbag.py:538} INFO - Filling up the DagBag from /home/victor/Desktop/TESTE/code-challenge/orchestrate/airflow/dags/step2_manual.py
[2025-01-27T19:55:58.831-0300] {processor.py:840} INFO - DAG(s) 'load_data_manual' retrieved from /home/victor/Desktop/TESTE/code-challenge/orchestrate/airflow/dags/step2_manual.py
[2025-01-27T19:55:58.842-0300] {logging_mixin.py:188} INFO - [2025-01-27T19:55:58.842-0300] {dag.py:3036} INFO - Sync 1 DAGs
[2025-01-27T19:55:58.852-0300] {logging_mixin.py:188} INFO - [2025-01-27T19:55:58.852-0300] {dag.py:3823} INFO - Setting next_dagrun for load_data_manual to 2025-01-27 00:00:00+00:00, run_after=2025-01-28 00:00:00+00:00
[2025-01-27T19:55:58.922-0300] {processor.py:183} INFO - Processing /home/victor/Desktop/TESTE/code-challenge/orchestrate/airflow/dags/step2_manual.py took 0.101 seconds
